2023-11-11 10:12:07,746 [INFO] Activator:176 - 


2023-11-11 10:12:07,750 [INFO] Activator:177 - !SESSION log4j initialized
2023-11-11 10:12:12,142 [INFO] LogOutputStream:77 - [STDOUT_REDIRECT] 
2023-11-11 10:12:13,739 [INFO] ApplicationProperties:184 - Using Application install path: /opt/st/stm32cubeide_1.13.2/plugins/com.st.stm32cube.common.mx_6.9.2.202309101412
2023-11-11 10:12:13,753 [INFO] DbMcusXml:78 - Set database path to: /opt/st/stm32cubeide_1.13.2/plugins/com.st.stm32cube.common.mx_6.9.2.202309101412//db//mcu/
2023-11-11 10:12:13,753 [INFO] ApiDb:274 - Set plugin database path to: /opt/st/stm32cubeide_1.13.2/plugins/com.st.stm32cube.common.mx_6.9.2.202309101412//db//plugins/boardmanager/
2023-11-11 10:12:13,753 [WARN] ApiDb:259 - Overriding images path with different value:  => /opt/st/stm32cubeide_1.13.2/plugins/com.st.stm32cube.common.mx_6.9.2.202309101412//db//plugins/mcufinder/images/
2023-11-11 10:12:13,760 [INFO] ApiDb:250 - Set database path to: /home/ubuntu22/.stmcufinder/plugins/mcufinder//mcu/
2023-11-11 10:12:13,761 [INFO] DbMcusAds:125 - Set database path to: /home/ubuntu22/.stmcufinder/plugins/mcufinder//mcu/
2023-11-11 10:12:13,763 [INFO] CrossReferenceDbSqlite:203 - Set database path to: /home/ubuntu22/.stmcufinder/plugins/mcufinder//mcu/cs/
2023-11-11 10:12:13,846 [INFO] RulesReader:64 - Compatibility file has been processed (293 Rules)
2023-11-11 10:12:13,892 [INFO] DbMcusXml:78 - Set database path to: /opt/st/stm32cubeide_1.13.2/plugins/com.st.stm32cube.common.mx_6.9.2.202309101412//db//mcu/
2023-11-11 10:12:13,892 [INFO] ApiDb:274 - Set plugin database path to: /opt/st/stm32cubeide_1.13.2/plugins/com.st.stm32cube.common.mx_6.9.2.202309101412//db//plugins/boardmanager/
2023-11-11 10:12:13,892 [INFO] ApiDb:261 - Set plugin images path to: /opt/st/stm32cubeide_1.13.2/plugins/com.st.stm32cube.common.mx_6.9.2.202309101412//db//plugins/mcufinder/images/
2023-11-11 10:12:13,892 [WARN] DbFile:41 - Overriding database path with different value: /home/ubuntu22/.stmcufinder/plugins/mcufinder/ => /home/ubuntu22/.stmcufinder/plugins/mcufinder
2023-11-11 10:12:13,892 [INFO] ApiDb:250 - Set database path to: /home/ubuntu22/.stmcufinder/plugins/mcufinder//mcu/
2023-11-11 10:12:13,892 [WARN] DbFile:41 - Overriding database path with different value: /home/ubuntu22/.stmcufinder/plugins/mcufinder/ => /home/ubuntu22/.stmcufinder/plugins/mcufinder
2023-11-11 10:12:13,892 [INFO] DbMcusAds:125 - Set database path to: /home/ubuntu22/.stmcufinder/plugins/mcufinder//mcu/
2023-11-11 10:12:13,893 [WARN] DbFile:41 - Overriding database path with different value: /home/ubuntu22/.stmcufinder/plugins/mcufinder/ => /home/ubuntu22/.stmcufinder/plugins/mcufinder
2023-11-11 10:12:13,893 [WARN] DbFile:41 - Overriding database path with different value: /home/ubuntu22/.stmcufinder/plugins/mcufinder/ => /home/ubuntu22/.stmcufinder/plugins/mcufinder
2023-11-11 10:12:13,893 [INFO] CrossReferenceDbSqlite:203 - Set database path to: /home/ubuntu22/.stmcufinder/plugins/mcufinder//mcu/cs/
2023-11-11 10:12:13,942 [INFO] MainPanel:262 - HeapMemory: 268435456
2023-11-11 10:12:14,015 [INFO] DbMcusXml:78 - Set database path to: /opt/st/stm32cubeide_1.13.2/plugins/com.st.stm32cube.common.mx_6.9.2.202309101412//db//mcu/
2023-11-11 10:12:14,015 [INFO] ApiDb:274 - Set plugin database path to: /opt/st/stm32cubeide_1.13.2/plugins/com.st.stm32cube.common.mx_6.9.2.202309101412//db//plugins/boardmanager/
2023-11-11 10:12:14,015 [INFO] ApiDb:261 - Set plugin images path to: /opt/st/stm32cubeide_1.13.2/plugins/com.st.stm32cube.common.mx_6.9.2.202309101412//db//plugins/mcufinder/images/
2023-11-11 10:12:14,015 [WARN] DbFile:41 - Overriding database path with different value: /home/ubuntu22/.stmcufinder/plugins/mcufinder/ => /home/ubuntu22/.stmcufinder/plugins/mcufinder
2023-11-11 10:12:14,015 [INFO] ApiDb:250 - Set database path to: /home/ubuntu22/.stmcufinder/plugins/mcufinder//mcu/
2023-11-11 10:12:14,015 [WARN] DbFile:41 - Overriding database path with different value: /home/ubuntu22/.stmcufinder/plugins/mcufinder/ => /home/ubuntu22/.stmcufinder/plugins/mcufinder
2023-11-11 10:12:14,016 [INFO] DbMcusAds:125 - Set database path to: /home/ubuntu22/.stmcufinder/plugins/mcufinder//mcu/
2023-11-11 10:12:14,016 [WARN] DbFile:41 - Overriding database path with different value: /home/ubuntu22/.stmcufinder/plugins/mcufinder/ => /home/ubuntu22/.stmcufinder/plugins/mcufinder
2023-11-11 10:12:14,016 [WARN] DbFile:41 - Overriding database path with different value: /home/ubuntu22/.stmcufinder/plugins/mcufinder/ => /home/ubuntu22/.stmcufinder/plugins/mcufinder
2023-11-11 10:12:14,016 [INFO] CrossReferenceDbSqlite:203 - Set database path to: /home/ubuntu22/.stmcufinder/plugins/mcufinder//mcu/cs/
2023-11-11 10:12:14,027 [INFO] ApplicationProperties:184 - Using Application install path: /opt/st/stm32cubeide_1.13.2/plugins/com.st.stm32cube.common.mx_6.9.2.202309101412
2023-11-11 10:12:14,028 [INFO] PluginManage:196 - Search for loadable plugins [exclusion list=, ]
2023-11-11 10:12:14,029 [INFO] PluginManage:310 - Check plugin analytics
2023-11-11 10:12:14,127 [INFO] AnalyticsPlugin:253 - Accepted Software Licenses: 
2023-11-11 10:12:14,127 [INFO] AnalyticsPlugin:255 - Accepted CMSIS Pack Licenses: 
2023-11-11 10:12:14,127 [INFO] AnalyticsPlugin:257 - Accepted Firmware Licenses: FW.F4.1.27.0
2023-11-11 10:12:14,129 [INFO] PluginManage:359 - Loaded plugin analytics (category:tool,tabindex:-1)
2023-11-11 10:12:14,130 [INFO] PluginManage:310 - Check plugin cadmodel
2023-11-11 10:12:14,155 [INFO] CADModel:105 - Init CAD model plugin
2023-11-11 10:12:14,155 [INFO] PluginManage:359 - Loaded plugin cadmodel (category:power,tabindex:5)
2023-11-11 10:12:14,155 [INFO] PluginManage:310 - Check plugin clock
2023-11-11 10:12:14,164 [INFO] PluginManage:359 - Loaded plugin clock (category:base,tabindex:2)
2023-11-11 10:12:14,164 [INFO] PluginManage:310 - Check plugin ddr
2023-11-11 10:12:14,166 [INFO] PluginManage:359 - Loaded plugin ddr (category:tool,tabindex:6)
2023-11-11 10:12:14,166 [INFO] PluginManage:310 - Check plugin filemanager
2023-11-11 10:12:14,261 [INFO] PluginManage:359 - Loaded plugin filemanager (category:base,tabindex:10)
2023-11-11 10:12:14,262 [INFO] PluginManage:310 - Check plugin ipmanager
2023-11-11 10:12:14,265 [INFO] PluginManage:359 - Loaded plugin ipmanager (category:base,tabindex:5)
2023-11-11 10:12:14,266 [INFO] PluginManage:310 - Check plugin lpbam
2023-11-11 10:12:14,272 [INFO] PluginManage:359 - Loaded plugin lpbam (category:base,tabindex:0)
2023-11-11 10:12:14,272 [INFO] PluginManage:310 - Check plugin memorymap
2023-11-11 10:12:14,280 [INFO] PluginManage:359 - Loaded plugin memorymap (category:base,tabindex:4)
2023-11-11 10:12:14,280 [INFO] PluginManage:310 - Check plugin pinoutandconfiguration
2023-11-11 10:12:14,286 [INFO] PluginManage:359 - Loaded plugin pinoutandconfiguration (category:base,tabindex:1)
2023-11-11 10:12:14,286 [INFO] PluginManage:310 - Check plugin pinoutconfig
2023-11-11 10:12:14,341 [WARN] SupportedApi:132 - Cannot load RTOS API schema: s4s-elt-must-match.1: The content of 'definitions' must match (annotation?, (simpleType | complexType)?, (unique | key | keyref)*)). A problem was found starting at: attribute.
2023-11-11 10:12:14,427 [INFO] PluginManage:359 - Loaded plugin pinoutconfig (category:base,tabindex:0)
2023-11-11 10:12:14,428 [INFO] PluginManage:310 - Check plugin power
2023-11-11 10:12:14,436 [INFO] PluginManage:359 - Loaded plugin power (category:power,tabindex:4)
2023-11-11 10:12:14,436 [INFO] PluginManage:310 - Check plugin projectmanager
2023-11-11 10:12:14,444 [INFO] PluginManage:359 - Loaded plugin projectmanager (category:projectmanager,tabindex:3)
2023-11-11 10:12:14,444 [INFO] PluginManage:310 - Check plugin thirdparty
2023-11-11 10:12:14,538 [INFO] PluginManage:359 - Loaded plugin thirdparty (category:base,tabindex:-1)
2023-11-11 10:12:14,538 [WARN] IntegrityCheckThread:84 - waiting for thirdparty lock release [integrity check]
2023-11-11 10:12:14,538 [INFO] IntegrityCheckThread:86 - entering critical section [integrity check]
2023-11-11 10:12:14,538 [INFO] PluginManage:310 - Check plugin tools
2023-11-11 10:12:14,538 [INFO] ThirdPartyUpdaterWithRetryManager:70 - Updater plugin not ready yet. [1/15]
2023-11-11 10:12:14,540 [INFO] PluginManage:359 - Loaded plugin tools (category:base,tabindex:7)
2023-11-11 10:12:14,540 [INFO] PluginManage:310 - Check plugin tutovideos
2023-11-11 10:12:14,655 [INFO] PluginManage:359 - Loaded plugin tutovideos (category:base,tabindex:-1)
2023-11-11 10:12:14,655 [INFO] PluginManage:310 - Check plugin updater
2023-11-11 10:12:14,664 [INFO] PluginManage:359 - Loaded plugin updater (category:base,tabindex:12)
2023-11-11 10:12:14,664 [INFO] PluginManage:310 - Check plugin userauth
2023-11-11 10:12:14,668 [INFO] UserAuth:113 - Init User Auth plugin
2023-11-11 10:12:14,668 [INFO] PluginManage:359 - Loaded plugin userauth (category:base,tabindex:14)
2023-11-11 10:12:14,668 [INFO] PluginManage:283 - PluginManage : Loaded plugins [17]
2023-11-11 10:12:14,791 [INFO] PinOutPanel:1499 - setPackage(No Configuration,No Configuration)
2023-11-11 10:12:14,854 [INFO] CADModel:165 - CPN selected for project level
2023-11-11 10:12:14,855 [INFO] CADModel:114 - Register for checkConnection events
2023-11-11 10:12:14,867 [INFO] IPUIPlugin:80 - create IPUIPlugin
2023-11-11 10:12:14,867 [INFO] PluginManager:220 - loadIPPluginJar : add sai
2023-11-11 10:12:14,869 [INFO] IPUIPlugin:80 - create IPUIPlugin
2023-11-11 10:12:14,869 [INFO] PluginManager:220 - loadIPPluginJar : add hash
2023-11-11 10:12:14,870 [INFO] IPUIPlugin:80 - create IPUIPlugin
2023-11-11 10:12:14,871 [INFO] PluginManager:220 - loadIPPluginJar : add tracer_emb
2023-11-11 10:12:14,873 [INFO] IPUIPlugin:80 - create IPUIPlugin
2023-11-11 10:12:14,873 [INFO] PluginManager:220 - loadIPPluginJar : add pdm2pcm
2023-11-11 10:12:14,876 [INFO] IPUIPlugin:80 - create IPUIPlugin
2023-11-11 10:12:14,876 [INFO] PluginManager:220 - loadIPPluginJar : add opamp
2023-11-11 10:12:14,877 [INFO] IPUIPlugin:80 - create IPUIPlugin
2023-11-11 10:12:14,878 [INFO] PluginManager:220 - loadIPPluginJar : add ltdc
2023-11-11 10:12:14,881 [INFO] IPUIPlugin:80 - create IPUIPlugin
2023-11-11 10:12:14,882 [INFO] PluginManager:220 - loadIPPluginJar : add gpio
2023-11-11 10:12:14,884 [INFO] IPUIPlugin:80 - create IPUIPlugin
2023-11-11 10:12:14,884 [INFO] PluginManager:220 - loadIPPluginJar : add openamp
2023-11-11 10:12:14,886 [INFO] IPUIPlugin:80 - create IPUIPlugin
2023-11-11 10:12:14,886 [INFO] PluginManager:220 - loadIPPluginJar : add ucpd
2023-11-11 10:12:14,888 [INFO] IPUIPlugin:80 - create IPUIPlugin
2023-11-11 10:12:14,888 [INFO] PluginManager:220 - loadIPPluginJar : add can
2023-11-11 10:12:14,890 [INFO] IPUIPlugin:80 - create IPUIPlugin
2023-11-11 10:12:14,890 [INFO] PluginManager:220 - loadIPPluginJar : add ipddr
2023-11-11 10:12:14,894 [INFO] IPUIPlugin:80 - create IPUIPlugin
2023-11-11 10:12:14,895 [INFO] PluginManager:220 - loadIPPluginJar : add stm32_wpan
2023-11-11 10:12:14,897 [INFO] IPUIPlugin:80 - create IPUIPlugin
2023-11-11 10:12:14,897 [INFO] PluginManager:220 - loadIPPluginJar : add lorawan
2023-11-11 10:12:14,901 [INFO] IPUIPlugin:80 - create IPUIPlugin
2023-11-11 10:12:14,901 [INFO] PluginManager:220 - loadIPPluginJar : add fmc
2023-11-11 10:12:14,902 [INFO] IPUIPlugin:80 - create IPUIPlugin
2023-11-11 10:12:14,902 [INFO] PluginManager:220 - loadIPPluginJar : add ts
2023-11-11 10:12:14,904 [INFO] IPUIPlugin:80 - create IPUIPlugin
2023-11-11 10:12:14,904 [INFO] PluginManager:220 - loadIPPluginJar : add gtzc
2023-11-11 10:12:14,905 [INFO] IPUIPlugin:80 - create IPUIPlugin
2023-11-11 10:12:14,906 [INFO] PluginManager:220 - loadIPPluginJar : add aes
2023-11-11 10:12:14,907 [INFO] IPUIPlugin:80 - create IPUIPlugin
2023-11-11 10:12:14,907 [INFO] PluginManager:220 - loadIPPluginJar : add spi
2023-11-11 10:12:14,908 [INFO] IPUIPlugin:80 - create IPUIPlugin
2023-11-11 10:12:14,908 [INFO] PluginManager:220 - loadIPPluginJar : add dfsdm
2023-11-11 10:12:14,909 [INFO] IPUIPlugin:80 - create IPUIPlugin
2023-11-11 10:12:14,909 [INFO] PluginManager:220 - loadIPPluginJar : add quadspi
2023-11-11 10:12:14,911 [INFO] IPUIPlugin:80 - create IPUIPlugin
2023-11-11 10:12:14,911 [INFO] PluginManager:220 - loadIPPluginJar : add usart
2023-11-11 10:12:14,912 [INFO] IPUIPlugin:80 - create IPUIPlugin
2023-11-11 10:12:14,912 [INFO] PluginManager:220 - loadIPPluginJar : add i2c
2023-11-11 10:12:14,914 [INFO] IPUIPlugin:80 - create IPUIPlugin
2023-11-11 10:12:14,914 [INFO] PluginManager:220 - loadIPPluginJar : add gfxmmu
2023-11-11 10:12:14,915 [INFO] IPUIPlugin:80 - create IPUIPlugin
2023-11-11 10:12:14,915 [INFO] PluginManager:220 - loadIPPluginJar : add genericplugin
2023-11-11 10:12:14,920 [INFO] IPUIPlugin:80 - create IPUIPlugin
2023-11-11 10:12:14,920 [INFO] PluginManager:220 - loadIPPluginJar : add linkedlist
2023-11-11 10:12:14,922 [INFO] IPUIPlugin:80 - create IPUIPlugin
2023-11-11 10:12:14,923 [INFO] PluginManager:220 - loadIPPluginJar : add touchsensing
2023-11-11 10:12:14,925 [INFO] IPUIPlugin:80 - create IPUIPlugin
2023-11-11 10:12:14,925 [INFO] PluginManager:220 - loadIPPluginJar : add nvic
2023-11-11 10:12:14,926 [INFO] IPUIPlugin:80 - create IPUIPlugin
2023-11-11 10:12:14,926 [INFO] PluginManager:220 - loadIPPluginJar : add fatfs
2023-11-11 10:12:14,928 [INFO] IPUIPlugin:80 - create IPUIPlugin
2023-11-11 10:12:14,928 [INFO] PluginManager:220 - loadIPPluginJar : add usbx
2023-11-11 10:12:14,929 [INFO] IPUIPlugin:80 - create IPUIPlugin
2023-11-11 10:12:14,929 [INFO] PluginManager:220 - loadIPPluginJar : add i2s
2023-11-11 10:12:14,931 [INFO] IPUIPlugin:80 - create IPUIPlugin
2023-11-11 10:12:14,931 [INFO] PluginManager:220 - loadIPPluginJar : add dma3
2023-11-11 10:12:14,932 [INFO] IPUIPlugin:80 - create IPUIPlugin
2023-11-11 10:12:14,932 [INFO] PluginManager:220 - loadIPPluginJar : add tim
2023-11-11 10:12:14,933 [INFO] IPUIPlugin:80 - create IPUIPlugin
2023-11-11 10:12:14,933 [INFO] PluginManager:220 - loadIPPluginJar : add cryp
2023-11-11 10:12:14,939 [INFO] IPUIPlugin:80 - create IPUIPlugin
2023-11-11 10:12:14,939 [INFO] PluginManager:220 - loadIPPluginJar : add dma
2023-11-11 10:12:14,941 [INFO] IPUIPlugin:80 - create IPUIPlugin
2023-11-11 10:12:14,941 [INFO] PluginManager:220 - loadIPPluginJar : add i3c
2023-11-11 10:12:14,945 [INFO] IPUIPlugin:80 - create IPUIPlugin
2023-11-11 10:12:14,945 [INFO] PluginManager:220 - loadIPPluginJar : add mdma
2023-11-11 10:12:14,954 [INFO] IPUIPlugin:80 - create IPUIPlugin
2023-11-11 10:12:14,954 [INFO] PluginManager:220 - loadIPPluginJar : add comp
2023-11-11 10:12:14,960 [INFO] IPUIPlugin:80 - create IPUIPlugin
2023-11-11 10:12:14,960 [INFO] PluginManager:220 - loadIPPluginJar : add adc
2023-11-11 10:12:14,962 [INFO] IPUIPlugin:80 - create IPUIPlugin
2023-11-11 10:12:14,962 [INFO] PluginManager:220 - loadIPPluginJar : add tsc
2023-11-11 10:12:14,968 [INFO] IPUIPlugin:80 - create IPUIPlugin
2023-11-11 10:12:14,977 [INFO] PluginManager:220 - loadIPPluginJar : add plateformsettings
2023-11-11 10:12:14,982 [INFO] IPUIPlugin:80 - create IPUIPlugin
2023-11-11 10:12:14,982 [INFO] PluginManager:220 - loadIPPluginJar : add freertos
2023-11-11 10:12:14,987 [INFO] IPUIPlugin:80 - create IPUIPlugin
2023-11-11 10:12:14,987 [INFO] PluginManager:220 - loadIPPluginJar : add gic
2023-11-11 10:12:14,990 [INFO] IPUIPlugin:80 - create IPUIPlugin
2023-11-11 10:12:14,991 [INFO] PluginManager:220 - loadIPPluginJar : add resmgrutility
2023-11-11 10:12:15,087 [INFO] CADModel:165 - CPN selected for project level
2023-11-11 10:12:15,088 [INFO] CADModel:114 - Register for checkConnection events
2023-11-11 10:12:15,088 [FATAL] Updater:308 - Updater called before beeing initialized
2023-11-11 10:12:15,088 [ERROR] CADModel:125 - Updater not yet initialized, retry later 
2023-11-11 10:12:15,193 [INFO] CADModel:165 - CPN selected for project level
2023-11-11 10:12:15,194 [INFO] CADModel:114 - Register for checkConnection events
2023-11-11 10:12:15,194 [FATAL] Updater:308 - Updater called before beeing initialized
2023-11-11 10:12:15,194 [ERROR] CADModel:125 - Updater not yet initialized, retry later 
2023-11-11 10:12:15,196 [FATAL] Updater:308 - Updater called before beeing initialized
2023-11-11 10:12:15,249 [FATAL] Updater:308 - Updater called before beeing initialized
2023-11-11 10:12:15,254 [INFO] DbMcusAds:53 - JSON generation date=Tue Mar 07 05:50:55 ART 2023 (1678179055335)
2023-11-11 10:12:15,254 [FATAL] Updater:308 - Updater called before beeing initialized
2023-11-11 10:12:15,279 [WARN] DetailPanel:346 - Failed to get advertising image, set to default
2023-11-11 10:12:15,359 [FATAL] Updater:308 - Updater called before beeing initialized
2023-11-11 10:12:15,361 [FATAL] Updater:308 - Updater called before beeing initialized
2023-11-11 10:12:15,361 [FATAL] Updater:308 - Updater called before beeing initialized
2023-11-11 10:12:15,361 [WARN] DetailPanel:346 - Failed to get advertising image, set to default
2023-11-11 10:12:15,361 [FATAL] Updater:308 - Updater called before beeing initialized
2023-11-11 10:12:15,393 [ERROR] Updater:1120 - MainUpdater not yet initialized. External WinMGr cannot be set.
2023-11-11 10:12:15,395 [INFO] Updater:1056 - Updater Version found : 6.9.2
2023-11-11 10:12:15,423 [INFO] ApplicationProperties:184 - Using Application install path: /opt/st/stm32cubeide_1.13.2/plugins/com.st.stm32cube.common.mx_6.9.2.202309101412
2023-11-11 10:12:15,580 [INFO] MainUpdater:2868 - connection check result : 10
2023-11-11 10:12:15,581 [INFO] MainUpdater:285 - Updater Check For Update Now.
2023-11-11 10:12:15,581 [INFO] MicroXplorer:498 - Change Database Version : DB.6.0.92
2023-11-11 10:12:15,593 [INFO] McuFinderGlobals:63 - Set McuFinder mode to 2 (CubeIDE integrated)
2023-11-11 10:12:15,594 [INFO] UserAuth:179 - activating auth plugin
2023-11-11 10:12:15,598 [INFO] UserAuth:393 - Internet connection configuration mode: 1
2023-11-11 10:12:15,616 [INFO] JxBrowserEngine:151 - Initiate JxBrowser Engine with user profile folder
2023-11-11 10:12:15,755 [INFO] CheckServerUpdateThread:120 - End of CheckServer Thread
2023-11-11 10:12:16,236 [INFO] WebApp:157 - Instantiating new browser for Auth
2023-11-11 10:12:16,631 [INFO] WebApp:753 - Register for checkConnection events
2023-11-11 10:12:16,631 [INFO] WebApp:390 - Apply proxy settings
2023-11-11 10:12:16,631 [INFO] WebApp:475 - Chromium requires no authentication
2023-11-11 10:12:16,635 [INFO] WebApp:418 - Direct internet connection detected
2023-11-11 10:12:16,714 [INFO] WebApp:188 - Starting web application
2023-11-11 10:12:16,714 [INFO] WebApp:520 - Web application path used /opt/st/stm32cubeide_1.13.2/plugins/com.st.stm32cube.common.mx_6.9.2.202309101412/db/plugins/mcufinder/reactClient1/index.html
2023-11-11 10:12:17,607 [WARN] PackLoader:240 - Cannot read IP mode file for STMicroelectronics.X-CUBE-SMBUS.2.1.0
2023-11-11 10:12:17,645 [WARN] PackLoader:240 - Cannot read IP mode file for STMicroelectronics.X-CUBE-AZRTOS-F7.1.1.0
2023-11-11 10:12:17,656 [WARN] PackLoader:240 - Cannot read IP mode file for STMicroelectronics.FP-SNS-MOTENV1.4.3.2
2023-11-11 10:12:17,662 [WARN] PackLoader:240 - Cannot read IP mode file for STMicroelectronics.FP-SNS-FLIGHT1.5.0.2
2023-11-11 10:12:17,671 [WARN] PackLoader:240 - Cannot read IP mode file for STMicroelectronics.X-CUBE-DISPLAY.3.0.0
2023-11-11 10:12:17,682 [WARN] PackLoader:240 - Cannot read IP mode file for STMicroelectronics.X-CUBE-BLE1.7.0.0
2023-11-11 10:12:17,687 [WARN] PackLoader:240 - Cannot read IP mode file for emotas.I-CUBE-CANOPEN.1.3.0
2023-11-11 10:12:17,691 [WARN] PackLoader:240 - Cannot read IP mode file for STMicroelectronics.X-CUBE-TOUCHGFX.4.22.1
2023-11-11 10:12:17,694 [WARN] PackLoader:240 - Cannot read IP mode file for STMicroelectronics.FP-SNS-SMARTAG2.1.2.0
2023-11-11 10:12:17,706 [INFO] LogOutputStream:77 - [STDOUT_REDIRECT] 1 : Invalid condition id : UX_CORESTACK_Condition cause : null
2023-11-11 10:12:17,706 [INFO] LogOutputStream:77 - [STDOUT_REDIRECT] 1 : Invalid condition id : UX_CORESTACK_Condition cause : null
2023-11-11 10:12:17,707 [INFO] LogOutputStream:77 - [STDOUT_REDIRECT] 1 : Invalid condition id : UX_CORESTACK_Condition cause : null
2023-11-11 10:12:17,707 [INFO] LogOutputStream:77 - [STDOUT_REDIRECT] 1 : Invalid condition id : UX_CORESTACK_Condition cause : null
2023-11-11 10:12:17,707 [INFO] LogOutputStream:77 - [STDOUT_REDIRECT] 1 : Invalid condition id : UX_CORESTACK_Condition cause : null
2023-11-11 10:12:17,711 [WARN] PackLoader:240 - Cannot read IP mode file for STMicroelectronics.X-CUBE-AZRTOS-WL.2.0.0
2023-11-11 10:12:17,719 [WARN] PackLoader:240 - Cannot read IP mode file for WES.I-CUBE-Cesium.1.3.0
2023-11-11 10:12:17,723 [WARN] PackLoader:240 - Cannot read IP mode file for STMicroelectronics.X-CUBE-BLE2.3.3.0
2023-11-11 10:12:17,729 [WARN] PackLoader:240 - Cannot read IP mode file for STMicroelectronics.X-CUBE-ALGOBUILD.1.3.0
2023-11-11 10:12:17,748 [WARN] PackLoader:240 - Cannot read IP mode file for STMicroelectronics.X-CUBE-AZRTOS-G0.1.1.0
2023-11-11 10:12:17,755 [WARN] PackLoader:240 - Cannot read IP mode file for STMicroelectronics.X-CUBE-NFC4.3.0.0
2023-11-11 10:12:17,765 [WARN] PackLoader:240 - Cannot read IP mode file for STMicroelectronics.X-CUBE-BLEMGR.3.0.0
2023-11-11 10:12:17,770 [WARN] PackLoader:240 - Cannot read IP mode file for STMicroelectronics.FP-ATR-SIGFOX1.3.2.0
2023-11-11 10:12:17,801 [WARN] PackLoader:240 - Cannot read IP mode file for SEGGER.I-CUBE-embOS.1.3.1
2023-11-11 10:12:17,851 [WARN] PackLoader:240 - Cannot read IP mode file for STMicroelectronics.X-CUBE-GNSS1.6.0.0
2023-11-11 10:12:17,874 [WARN] PackLoader:240 - Cannot read IP mode file for STMicroelectronics.X-CUBE-AZRTOS-F4.1.1.0
2023-11-11 10:12:17,881 [WARN] PackLoader:240 - Cannot read IP mode file for wolfSSL.I-CUBE-wolfSSL.5.6.3
2023-11-11 10:12:17,906 [WARN] PackLoader:240 - Cannot read IP mode file for STMicroelectronics.X-CUBE-AZRTOS-L5.2.0.0
2023-11-11 10:12:17,957 [WARN] PackLoader:240 - Cannot read IP mode file for STMicroelectronics.X-CUBE-MEMS1.9.6.0
2023-11-11 10:12:18,148 [WARN] PackLoader:240 - Cannot read IP mode file for STMicroelectronics.X-CUBE-EEPRMA1.4.2.0
2023-11-11 10:12:18,153 [WARN] PackLoader:240 - Cannot read IP mode file for ITTIA_DB.I-CUBE-ITTIADB.8.8.0
2023-11-11 10:12:18,160 [WARN] PackLoader:240 - Cannot read IP mode file for STMicroelectronics.X-CUBE-BLEMGR.2.0.0
2023-11-11 10:12:18,180 [WARN] ConditionMgr:438 - getConditionDescription Invalid condition id : UX DEVICE CLASS RTOS Condition cause : null
2023-11-11 10:12:18,180 [WARN] ConditionMgr:438 - getConditionDescription Invalid condition id : UX DEVICE CLASS RTOS Condition cause : null
2023-11-11 10:12:18,184 [WARN] PackLoader:240 - Cannot read IP mode file for STMicroelectronics.X-CUBE-AZRTOS-H7.3.1.0
2023-11-11 10:12:18,186 [WARN] ConditionMgr:1039 - genDependencies : Invalid condition id : UX DEVICE CLASS RTOS Condition cause : null
2023-11-11 10:12:18,186 [WARN] ConditionMgr:1039 - genDependencies : Invalid condition id : UX DEVICE CLASS RTOS Condition cause : null
2023-11-11 10:12:18,187 [WARN] ConditionMgr:1039 - genDependencies : Invalid condition id : UX DEVICE CLASS RTOS Condition cause : null
2023-11-11 10:12:18,187 [WARN] ConditionMgr:1039 - genDependencies : Invalid condition id : UX DEVICE CLASS RTOS Condition cause : null
2023-11-11 10:12:18,187 [WARN] ConditionMgr:1039 - genDependencies : Invalid condition id : UX DEVICE CLASS RTOS Condition cause : null
2023-11-11 10:12:18,193 [WARN] PackLoader:240 - Cannot read IP mode file for STMicroelectronics.X-CUBE-NFC7.1.0.1
2023-11-11 10:12:18,200 [WARN] PackLoader:240 - Cannot read IP mode file for STMicroelectronics.X-CUBE-NFC6.3.0.0
2023-11-11 10:12:18,207 [WARN] PackLoader:240 - Cannot read IP mode file for STMicroelectronics.X-CUBE-EEPRMA1.4.1.0
2023-11-11 10:12:18,211 [WARN] PackLoader:240 - Cannot read IP mode file for STMicroelectronics.X-CUBE-AI.8.1.0
2023-11-11 10:12:18,229 [WARN] ConditionMgr:438 - getConditionDescription Invalid condition id : LAN8742 Phy interface Condition cause : null
2023-11-11 10:12:18,230 [WARN] PackLoader:240 - Cannot read IP mode file for STMicroelectronics.X-CUBE-AZRTOS-L4.2.0.0
2023-11-11 10:12:18,231 [WARN] ConditionMgr:1039 - genDependencies : Invalid condition id : LAN8742 Phy interface Condition cause : null
2023-11-11 10:12:18,232 [WARN] ConditionMgr:1039 - genDependencies : Invalid condition id : LAN8742 Phy interface Condition cause : null
2023-11-11 10:12:18,232 [WARN] ConditionMgr:1039 - genDependencies : Invalid condition id : LAN8742 Phy interface Condition cause : null
2023-11-11 10:12:18,239 [WARN] PackLoader:240 - Cannot read IP mode file for STMicroelectronics.X-CUBE-SFXS2LP1.4.0.0
2023-11-11 10:12:18,244 [WARN] PackLoader:240 - Cannot read IP mode file for STMicroelectronics.X-CUBE-ISPU.1.1.0
2023-11-11 10:12:18,256 [WARN] ConditionMgr:438 - getConditionDescription Invalid condition id : UX DEVICE CLASS RTOS Condition cause : null
2023-11-11 10:12:18,257 [WARN] ConditionMgr:438 - getConditionDescription Invalid condition id : UX DEVICE CLASS RTOS Condition cause : null
2023-11-11 10:12:18,259 [WARN] PackLoader:240 - Cannot read IP mode file for STMicroelectronics.X-CUBE-AZRTOS-WB.2.0.0
2023-11-11 10:12:18,260 [WARN] ConditionMgr:1039 - genDependencies : Invalid condition id : UX DEVICE CLASS RTOS Condition cause : null
2023-11-11 10:12:18,260 [WARN] ConditionMgr:1039 - genDependencies : Invalid condition id : UX DEVICE CLASS RTOS Condition cause : null
2023-11-11 10:12:18,260 [WARN] ConditionMgr:1039 - genDependencies : Invalid condition id : UX DEVICE CLASS RTOS Condition cause : null
2023-11-11 10:12:18,260 [WARN] ConditionMgr:1039 - genDependencies : Invalid condition id : UX DEVICE CLASS RTOS Condition cause : null
2023-11-11 10:12:18,261 [WARN] ConditionMgr:1039 - genDependencies : Invalid condition id : UX DEVICE CLASS RTOS Condition cause : null
2023-11-11 10:12:18,270 [WARN] PackLoader:240 - Cannot read IP mode file for STMicroelectronics.X-CUBE-SUBG2.5.0.0
2023-11-11 10:12:18,285 [WARN] PackLoader:240 - Cannot read IP mode file for STMicroelectronics.X-CUBE-TOF1.3.3.1
2023-11-11 10:12:18,311 [WARN] PackLoader:240 - Cannot read IP mode file for STMicroelectronics.X-CUBE-AZRTOS-G4.2.0.0
2023-11-11 10:12:18,325 [WARN] PackLoader:240 - Cannot read IP mode file for Infineon.AIROC-Wi-Fi-Bluetooth-STM32.1.5.1
2023-11-11 10:12:18,332 [WARN] PackLoader:240 - Cannot read IP mode file for STMicroelectronics.FP-SNS-MOTENVWB1.1.3.0
2023-11-11 10:12:18,386 [WARN] PackLoader:240 - Cannot read IP mode file for STMicroelectronics.X-CUBE-MEMS1.10.0.0
2023-11-11 10:12:18,533 [WARN] PackLoader:240 - Cannot read IP mode file for STMicroelectronics.X-CUBE-FREERTOS.1.1.0
2023-11-11 10:12:18,538 [WARN] PackLoader:240 - Cannot read IP mode file for portGmbH.I-Cube-SoM-uGOAL.1.1.0
2023-11-11 10:12:18,541 [WARN] PackLoader:240 - Cannot read IP mode file for STMicroelectronics.X-CUBE-ALS.1.0.1
2023-11-11 10:12:18,544 [WARN] PackLoader:240 - Cannot read IP mode file for STMicroelectronics.FP-ATR-ASTRA1.2.0.0
2023-11-11 10:12:18,545 [INFO] ThirdParty:978 - Integrity check success = true
2023-11-11 10:12:18,545 [INFO] IntegrityCheckThread:100 - exiting critical section [integrity check]
2023-11-11 10:12:18,545 [INFO] IntegrityCheckThread:103 - End integrity checks thread
2023-11-11 10:12:37,000 [ERROR] LogOutputStream:75 - [STDERR_REDIRECT] SLF4J: Failed to load class "org.slf4j.impl.StaticLoggerBinder".
2023-11-11 10:12:37,001 [ERROR] LogOutputStream:75 - [STDERR_REDIRECT] SLF4J: Defaulting to no-operation (NOP) logger implementation
2023-11-11 10:12:37,001 [ERROR] LogOutputStream:75 - [STDERR_REDIRECT] SLF4J: See http://www.slf4j.org/codes.html#StaticLoggerBinder for further details.
