2023-12-07 12:33:42,133 [INFO] Activator:176 - 


2023-12-07 12:33:42,137 [INFO] Activator:177 - !SESSION log4j initialized
2023-12-07 12:33:45,420 [INFO] LogOutputStream:77 - [STDOUT_REDIRECT] 
2023-12-07 12:33:47,804 [INFO] ApplicationProperties:184 - Using Application install path: /opt/st/stm32cubeide_1.13.2/plugins/com.st.stm32cube.common.mx_6.9.2.202309101412
2023-12-07 12:33:47,816 [INFO] DbMcusXml:78 - Set database path to: /opt/st/stm32cubeide_1.13.2/plugins/com.st.stm32cube.common.mx_6.9.2.202309101412//db//mcu/
2023-12-07 12:33:47,816 [INFO] ApiDb:274 - Set plugin database path to: /opt/st/stm32cubeide_1.13.2/plugins/com.st.stm32cube.common.mx_6.9.2.202309101412//db//plugins/boardmanager/
2023-12-07 12:33:47,817 [WARN] ApiDb:259 - Overriding images path with different value:  => /opt/st/stm32cubeide_1.13.2/plugins/com.st.stm32cube.common.mx_6.9.2.202309101412//db//plugins/mcufinder/images/
2023-12-07 12:33:47,823 [INFO] ApiDb:250 - Set database path to: /home/ubuntu22/.stmcufinder/plugins/mcufinder//mcu/
2023-12-07 12:33:47,824 [INFO] DbMcusAds:125 - Set database path to: /home/ubuntu22/.stmcufinder/plugins/mcufinder//mcu/
2023-12-07 12:33:47,826 [INFO] CrossReferenceDbSqlite:203 - Set database path to: /home/ubuntu22/.stmcufinder/plugins/mcufinder//mcu/cs/
2023-12-07 12:33:47,901 [INFO] RulesReader:64 - Compatibility file has been processed (293 Rules)
2023-12-07 12:33:47,941 [INFO] DbMcusXml:78 - Set database path to: /opt/st/stm32cubeide_1.13.2/plugins/com.st.stm32cube.common.mx_6.9.2.202309101412//db//mcu/
2023-12-07 12:33:47,941 [INFO] ApiDb:274 - Set plugin database path to: /opt/st/stm32cubeide_1.13.2/plugins/com.st.stm32cube.common.mx_6.9.2.202309101412//db//plugins/boardmanager/
2023-12-07 12:33:47,941 [INFO] ApiDb:261 - Set plugin images path to: /opt/st/stm32cubeide_1.13.2/plugins/com.st.stm32cube.common.mx_6.9.2.202309101412//db//plugins/mcufinder/images/
2023-12-07 12:33:47,941 [WARN] DbFile:41 - Overriding database path with different value: /home/ubuntu22/.stmcufinder/plugins/mcufinder/ => /home/ubuntu22/.stmcufinder/plugins/mcufinder
2023-12-07 12:33:47,941 [INFO] ApiDb:250 - Set database path to: /home/ubuntu22/.stmcufinder/plugins/mcufinder//mcu/
2023-12-07 12:33:47,941 [WARN] DbFile:41 - Overriding database path with different value: /home/ubuntu22/.stmcufinder/plugins/mcufinder/ => /home/ubuntu22/.stmcufinder/plugins/mcufinder
2023-12-07 12:33:47,941 [INFO] DbMcusAds:125 - Set database path to: /home/ubuntu22/.stmcufinder/plugins/mcufinder//mcu/
2023-12-07 12:33:47,941 [WARN] DbFile:41 - Overriding database path with different value: /home/ubuntu22/.stmcufinder/plugins/mcufinder/ => /home/ubuntu22/.stmcufinder/plugins/mcufinder
2023-12-07 12:33:47,941 [WARN] DbFile:41 - Overriding database path with different value: /home/ubuntu22/.stmcufinder/plugins/mcufinder/ => /home/ubuntu22/.stmcufinder/plugins/mcufinder
2023-12-07 12:33:47,941 [INFO] CrossReferenceDbSqlite:203 - Set database path to: /home/ubuntu22/.stmcufinder/plugins/mcufinder//mcu/cs/
2023-12-07 12:33:47,998 [INFO] MainPanel:262 - HeapMemory: 268435456
2023-12-07 12:33:48,077 [INFO] DbMcusXml:78 - Set database path to: /opt/st/stm32cubeide_1.13.2/plugins/com.st.stm32cube.common.mx_6.9.2.202309101412//db//mcu/
2023-12-07 12:33:48,077 [INFO] ApiDb:274 - Set plugin database path to: /opt/st/stm32cubeide_1.13.2/plugins/com.st.stm32cube.common.mx_6.9.2.202309101412//db//plugins/boardmanager/
2023-12-07 12:33:48,077 [INFO] ApiDb:261 - Set plugin images path to: /opt/st/stm32cubeide_1.13.2/plugins/com.st.stm32cube.common.mx_6.9.2.202309101412//db//plugins/mcufinder/images/
2023-12-07 12:33:48,078 [WARN] DbFile:41 - Overriding database path with different value: /home/ubuntu22/.stmcufinder/plugins/mcufinder/ => /home/ubuntu22/.stmcufinder/plugins/mcufinder
2023-12-07 12:33:48,078 [INFO] ApiDb:250 - Set database path to: /home/ubuntu22/.stmcufinder/plugins/mcufinder//mcu/
2023-12-07 12:33:48,078 [WARN] DbFile:41 - Overriding database path with different value: /home/ubuntu22/.stmcufinder/plugins/mcufinder/ => /home/ubuntu22/.stmcufinder/plugins/mcufinder
2023-12-07 12:33:48,078 [INFO] DbMcusAds:125 - Set database path to: /home/ubuntu22/.stmcufinder/plugins/mcufinder//mcu/
2023-12-07 12:33:48,078 [WARN] DbFile:41 - Overriding database path with different value: /home/ubuntu22/.stmcufinder/plugins/mcufinder/ => /home/ubuntu22/.stmcufinder/plugins/mcufinder
2023-12-07 12:33:48,078 [WARN] DbFile:41 - Overriding database path with different value: /home/ubuntu22/.stmcufinder/plugins/mcufinder/ => /home/ubuntu22/.stmcufinder/plugins/mcufinder
2023-12-07 12:33:48,078 [INFO] CrossReferenceDbSqlite:203 - Set database path to: /home/ubuntu22/.stmcufinder/plugins/mcufinder//mcu/cs/
2023-12-07 12:33:48,091 [INFO] ApplicationProperties:184 - Using Application install path: /opt/st/stm32cubeide_1.13.2/plugins/com.st.stm32cube.common.mx_6.9.2.202309101412
2023-12-07 12:33:48,092 [INFO] PluginManage:196 - Search for loadable plugins [exclusion list=, ]
2023-12-07 12:33:48,093 [INFO] PluginManage:310 - Check plugin analytics
2023-12-07 12:33:48,196 [INFO] AnalyticsPlugin:253 - Accepted Software Licenses: 
2023-12-07 12:33:48,197 [INFO] AnalyticsPlugin:255 - Accepted CMSIS Pack Licenses: 
2023-12-07 12:33:48,197 [INFO] AnalyticsPlugin:257 - Accepted Firmware Licenses: FW.F4.1.27.0
2023-12-07 12:33:48,199 [INFO] PluginManage:359 - Loaded plugin analytics (category:tool,tabindex:-1)
2023-12-07 12:33:48,199 [INFO] PluginManage:310 - Check plugin cadmodel
2023-12-07 12:33:48,245 [INFO] CADModel:105 - Init CAD model plugin
2023-12-07 12:33:48,245 [INFO] PluginManage:359 - Loaded plugin cadmodel (category:power,tabindex:5)
2023-12-07 12:33:48,245 [INFO] PluginManage:310 - Check plugin clock
2023-12-07 12:33:48,253 [INFO] PluginManage:359 - Loaded plugin clock (category:base,tabindex:2)
2023-12-07 12:33:48,253 [INFO] PluginManage:310 - Check plugin ddr
2023-12-07 12:33:48,254 [INFO] PluginManage:359 - Loaded plugin ddr (category:tool,tabindex:6)
2023-12-07 12:33:48,254 [INFO] PluginManage:310 - Check plugin filemanager
2023-12-07 12:33:48,347 [INFO] PluginManage:359 - Loaded plugin filemanager (category:base,tabindex:10)
2023-12-07 12:33:48,347 [INFO] PluginManage:310 - Check plugin ipmanager
2023-12-07 12:33:48,352 [INFO] PluginManage:359 - Loaded plugin ipmanager (category:base,tabindex:5)
2023-12-07 12:33:48,352 [INFO] PluginManage:310 - Check plugin lpbam
2023-12-07 12:33:48,359 [INFO] PluginManage:359 - Loaded plugin lpbam (category:base,tabindex:0)
2023-12-07 12:33:48,359 [INFO] PluginManage:310 - Check plugin memorymap
2023-12-07 12:33:48,367 [INFO] PluginManage:359 - Loaded plugin memorymap (category:base,tabindex:4)
2023-12-07 12:33:48,367 [INFO] PluginManage:310 - Check plugin pinoutandconfiguration
2023-12-07 12:33:48,373 [INFO] PluginManage:359 - Loaded plugin pinoutandconfiguration (category:base,tabindex:1)
2023-12-07 12:33:48,373 [INFO] PluginManage:310 - Check plugin pinoutconfig
2023-12-07 12:33:48,432 [WARN] SupportedApi:132 - Cannot load RTOS API schema: s4s-elt-must-match.1: The content of 'definitions' must match (annotation?, (simpleType | complexType)?, (unique | key | keyref)*)). A problem was found starting at: attribute.
2023-12-07 12:33:48,521 [INFO] PluginManage:359 - Loaded plugin pinoutconfig (category:base,tabindex:0)
2023-12-07 12:33:48,521 [INFO] PluginManage:310 - Check plugin power
2023-12-07 12:33:48,528 [INFO] PluginManage:359 - Loaded plugin power (category:power,tabindex:4)
2023-12-07 12:33:48,528 [INFO] PluginManage:310 - Check plugin projectmanager
2023-12-07 12:33:48,538 [INFO] PluginManage:359 - Loaded plugin projectmanager (category:projectmanager,tabindex:3)
2023-12-07 12:33:48,538 [INFO] PluginManage:310 - Check plugin thirdparty
2023-12-07 12:33:48,613 [INFO] PluginManage:359 - Loaded plugin thirdparty (category:base,tabindex:-1)
2023-12-07 12:33:48,613 [WARN] IntegrityCheckThread:84 - waiting for thirdparty lock release [integrity check]
2023-12-07 12:33:48,613 [INFO] PluginManage:310 - Check plugin tools
2023-12-07 12:33:48,613 [INFO] IntegrityCheckThread:86 - entering critical section [integrity check]
2023-12-07 12:33:48,613 [INFO] ThirdPartyUpdaterWithRetryManager:70 - Updater plugin not ready yet. [1/15]
2023-12-07 12:33:48,615 [INFO] PluginManage:359 - Loaded plugin tools (category:base,tabindex:7)
2023-12-07 12:33:48,615 [INFO] PluginManage:310 - Check plugin tutovideos
2023-12-07 12:33:48,715 [INFO] PluginManage:359 - Loaded plugin tutovideos (category:base,tabindex:-1)
2023-12-07 12:33:48,716 [INFO] PluginManage:310 - Check plugin updater
2023-12-07 12:33:48,723 [INFO] PluginManage:359 - Loaded plugin updater (category:base,tabindex:12)
2023-12-07 12:33:48,723 [INFO] PluginManage:310 - Check plugin userauth
2023-12-07 12:33:48,727 [INFO] UserAuth:113 - Init User Auth plugin
2023-12-07 12:33:48,727 [INFO] PluginManage:359 - Loaded plugin userauth (category:base,tabindex:14)
2023-12-07 12:33:48,727 [INFO] PluginManage:283 - PluginManage : Loaded plugins [17]
2023-12-07 12:33:48,844 [INFO] PinOutPanel:1499 - setPackage(No Configuration,No Configuration)
2023-12-07 12:33:48,900 [INFO] CADModel:165 - CPN selected for project level
2023-12-07 12:33:48,900 [INFO] CADModel:114 - Register for checkConnection events
2023-12-07 12:33:48,910 [INFO] IPUIPlugin:80 - create IPUIPlugin
2023-12-07 12:33:48,911 [INFO] PluginManager:220 - loadIPPluginJar : add sai
2023-12-07 12:33:48,912 [INFO] IPUIPlugin:80 - create IPUIPlugin
2023-12-07 12:33:48,912 [INFO] PluginManager:220 - loadIPPluginJar : add hash
2023-12-07 12:33:48,913 [INFO] IPUIPlugin:80 - create IPUIPlugin
2023-12-07 12:33:48,913 [INFO] PluginManager:220 - loadIPPluginJar : add tracer_emb
2023-12-07 12:33:48,914 [INFO] IPUIPlugin:80 - create IPUIPlugin
2023-12-07 12:33:48,915 [INFO] PluginManager:220 - loadIPPluginJar : add pdm2pcm
2023-12-07 12:33:48,917 [INFO] IPUIPlugin:80 - create IPUIPlugin
2023-12-07 12:33:48,917 [INFO] PluginManager:220 - loadIPPluginJar : add opamp
2023-12-07 12:33:48,918 [INFO] IPUIPlugin:80 - create IPUIPlugin
2023-12-07 12:33:48,918 [INFO] PluginManager:220 - loadIPPluginJar : add ltdc
2023-12-07 12:33:48,921 [INFO] IPUIPlugin:80 - create IPUIPlugin
2023-12-07 12:33:48,921 [INFO] PluginManager:220 - loadIPPluginJar : add gpio
2023-12-07 12:33:48,922 [INFO] IPUIPlugin:80 - create IPUIPlugin
2023-12-07 12:33:48,922 [INFO] PluginManager:220 - loadIPPluginJar : add openamp
2023-12-07 12:33:48,923 [INFO] IPUIPlugin:80 - create IPUIPlugin
2023-12-07 12:33:48,923 [INFO] PluginManager:220 - loadIPPluginJar : add ucpd
2023-12-07 12:33:48,924 [INFO] IPUIPlugin:80 - create IPUIPlugin
2023-12-07 12:33:48,925 [INFO] PluginManager:220 - loadIPPluginJar : add can
2023-12-07 12:33:48,926 [INFO] IPUIPlugin:80 - create IPUIPlugin
2023-12-07 12:33:48,926 [INFO] PluginManager:220 - loadIPPluginJar : add ipddr
2023-12-07 12:33:48,929 [INFO] IPUIPlugin:80 - create IPUIPlugin
2023-12-07 12:33:48,929 [INFO] PluginManager:220 - loadIPPluginJar : add stm32_wpan
2023-12-07 12:33:48,930 [INFO] IPUIPlugin:80 - create IPUIPlugin
2023-12-07 12:33:48,930 [INFO] PluginManager:220 - loadIPPluginJar : add lorawan
2023-12-07 12:33:48,933 [INFO] IPUIPlugin:80 - create IPUIPlugin
2023-12-07 12:33:48,933 [INFO] PluginManager:220 - loadIPPluginJar : add fmc
2023-12-07 12:33:48,934 [INFO] IPUIPlugin:80 - create IPUIPlugin
2023-12-07 12:33:48,934 [INFO] PluginManager:220 - loadIPPluginJar : add ts
2023-12-07 12:33:48,936 [INFO] IPUIPlugin:80 - create IPUIPlugin
2023-12-07 12:33:48,936 [INFO] PluginManager:220 - loadIPPluginJar : add gtzc
2023-12-07 12:33:48,937 [INFO] IPUIPlugin:80 - create IPUIPlugin
2023-12-07 12:33:48,937 [INFO] PluginManager:220 - loadIPPluginJar : add aes
2023-12-07 12:33:48,938 [INFO] IPUIPlugin:80 - create IPUIPlugin
2023-12-07 12:33:48,938 [INFO] PluginManager:220 - loadIPPluginJar : add spi
2023-12-07 12:33:48,940 [INFO] IPUIPlugin:80 - create IPUIPlugin
2023-12-07 12:33:48,940 [INFO] PluginManager:220 - loadIPPluginJar : add dfsdm
2023-12-07 12:33:48,940 [INFO] IPUIPlugin:80 - create IPUIPlugin
2023-12-07 12:33:48,940 [INFO] PluginManager:220 - loadIPPluginJar : add quadspi
2023-12-07 12:33:48,942 [INFO] IPUIPlugin:80 - create IPUIPlugin
2023-12-07 12:33:48,942 [INFO] PluginManager:220 - loadIPPluginJar : add usart
2023-12-07 12:33:48,943 [INFO] IPUIPlugin:80 - create IPUIPlugin
2023-12-07 12:33:48,944 [INFO] PluginManager:220 - loadIPPluginJar : add i2c
2023-12-07 12:33:48,945 [INFO] IPUIPlugin:80 - create IPUIPlugin
2023-12-07 12:33:48,945 [INFO] PluginManager:220 - loadIPPluginJar : add gfxmmu
2023-12-07 12:33:48,946 [INFO] IPUIPlugin:80 - create IPUIPlugin
2023-12-07 12:33:48,946 [INFO] PluginManager:220 - loadIPPluginJar : add genericplugin
2023-12-07 12:33:48,951 [INFO] IPUIPlugin:80 - create IPUIPlugin
2023-12-07 12:33:48,951 [INFO] PluginManager:220 - loadIPPluginJar : add linkedlist
2023-12-07 12:33:48,954 [INFO] IPUIPlugin:80 - create IPUIPlugin
2023-12-07 12:33:48,954 [INFO] PluginManager:220 - loadIPPluginJar : add touchsensing
2023-12-07 12:33:48,956 [INFO] IPUIPlugin:80 - create IPUIPlugin
2023-12-07 12:33:48,956 [INFO] PluginManager:220 - loadIPPluginJar : add nvic
2023-12-07 12:33:48,957 [INFO] IPUIPlugin:80 - create IPUIPlugin
2023-12-07 12:33:48,957 [INFO] PluginManager:220 - loadIPPluginJar : add fatfs
2023-12-07 12:33:48,959 [INFO] IPUIPlugin:80 - create IPUIPlugin
2023-12-07 12:33:48,959 [INFO] PluginManager:220 - loadIPPluginJar : add usbx
2023-12-07 12:33:48,960 [INFO] IPUIPlugin:80 - create IPUIPlugin
2023-12-07 12:33:48,960 [INFO] PluginManager:220 - loadIPPluginJar : add i2s
2023-12-07 12:33:48,962 [INFO] IPUIPlugin:80 - create IPUIPlugin
2023-12-07 12:33:48,962 [INFO] PluginManager:220 - loadIPPluginJar : add dma3
2023-12-07 12:33:48,963 [INFO] IPUIPlugin:80 - create IPUIPlugin
2023-12-07 12:33:48,963 [INFO] PluginManager:220 - loadIPPluginJar : add tim
2023-12-07 12:33:48,965 [INFO] IPUIPlugin:80 - create IPUIPlugin
2023-12-07 12:33:48,965 [INFO] PluginManager:220 - loadIPPluginJar : add cryp
2023-12-07 12:33:48,969 [INFO] IPUIPlugin:80 - create IPUIPlugin
2023-12-07 12:33:48,969 [INFO] PluginManager:220 - loadIPPluginJar : add dma
2023-12-07 12:33:48,971 [INFO] IPUIPlugin:80 - create IPUIPlugin
2023-12-07 12:33:48,971 [INFO] PluginManager:220 - loadIPPluginJar : add i3c
2023-12-07 12:33:48,975 [INFO] IPUIPlugin:80 - create IPUIPlugin
2023-12-07 12:33:48,975 [INFO] PluginManager:220 - loadIPPluginJar : add mdma
2023-12-07 12:33:48,976 [INFO] IPUIPlugin:80 - create IPUIPlugin
2023-12-07 12:33:48,976 [INFO] PluginManager:220 - loadIPPluginJar : add comp
2023-12-07 12:33:48,980 [INFO] IPUIPlugin:80 - create IPUIPlugin
2023-12-07 12:33:48,980 [INFO] PluginManager:220 - loadIPPluginJar : add adc
2023-12-07 12:33:48,981 [INFO] IPUIPlugin:80 - create IPUIPlugin
2023-12-07 12:33:48,982 [INFO] PluginManager:220 - loadIPPluginJar : add tsc
2023-12-07 12:33:48,986 [INFO] IPUIPlugin:80 - create IPUIPlugin
2023-12-07 12:33:48,987 [INFO] PluginManager:220 - loadIPPluginJar : add plateformsettings
2023-12-07 12:33:48,991 [INFO] IPUIPlugin:80 - create IPUIPlugin
2023-12-07 12:33:48,991 [INFO] PluginManager:220 - loadIPPluginJar : add freertos
2023-12-07 12:33:48,995 [INFO] IPUIPlugin:80 - create IPUIPlugin
2023-12-07 12:33:48,995 [INFO] PluginManager:220 - loadIPPluginJar : add gic
2023-12-07 12:33:48,997 [INFO] IPUIPlugin:80 - create IPUIPlugin
2023-12-07 12:33:48,997 [INFO] PluginManager:220 - loadIPPluginJar : add resmgrutility
2023-12-07 12:33:49,088 [INFO] CADModel:165 - CPN selected for project level
2023-12-07 12:33:49,089 [INFO] CADModel:114 - Register for checkConnection events
2023-12-07 12:33:49,089 [FATAL] Updater:308 - Updater called before beeing initialized
2023-12-07 12:33:49,089 [ERROR] CADModel:125 - Updater not yet initialized, retry later 
2023-12-07 12:33:49,186 [INFO] CADModel:165 - CPN selected for project level
2023-12-07 12:33:49,187 [INFO] CADModel:114 - Register for checkConnection events
2023-12-07 12:33:49,187 [FATAL] Updater:308 - Updater called before beeing initialized
2023-12-07 12:33:49,187 [ERROR] CADModel:125 - Updater not yet initialized, retry later 
2023-12-07 12:33:49,189 [FATAL] Updater:308 - Updater called before beeing initialized
2023-12-07 12:33:49,232 [FATAL] Updater:308 - Updater called before beeing initialized
2023-12-07 12:33:49,236 [INFO] DbMcusAds:53 - JSON generation date=Wed Nov 29 07:52:38 ART 2023 (1701255158764)
2023-12-07 12:33:49,236 [FATAL] Updater:308 - Updater called before beeing initialized
2023-12-07 12:33:49,260 [WARN] DetailPanel:346 - Failed to get advertising image, set to default
2023-12-07 12:33:49,322 [FATAL] Updater:308 - Updater called before beeing initialized
2023-12-07 12:33:49,324 [FATAL] Updater:308 - Updater called before beeing initialized
2023-12-07 12:33:49,324 [FATAL] Updater:308 - Updater called before beeing initialized
2023-12-07 12:33:49,324 [WARN] DetailPanel:346 - Failed to get advertising image, set to default
2023-12-07 12:33:49,324 [FATAL] Updater:308 - Updater called before beeing initialized
2023-12-07 12:33:49,341 [ERROR] Updater:1120 - MainUpdater not yet initialized. External WinMGr cannot be set.
2023-12-07 12:33:49,342 [INFO] Updater:1056 - Updater Version found : 6.9.2
2023-12-07 12:33:49,355 [INFO] ApplicationProperties:184 - Using Application install path: /opt/st/stm32cubeide_1.13.2/plugins/com.st.stm32cube.common.mx_6.9.2.202309101412
2023-12-07 12:33:49,539 [INFO] MainUpdater:2868 - connection check result : 10
2023-12-07 12:33:49,539 [INFO] MainUpdater:3562 - Updater definition file requires update
2023-12-07 12:33:49,540 [INFO] MainUpdater:285 - Updater Check For Update Now.
2023-12-07 12:33:49,540 [INFO] MicroXplorer:498 - Change Database Version : DB.6.0.92
2023-12-07 12:33:49,546 [INFO] McuFinderGlobals:63 - Set McuFinder mode to 2 (CubeIDE integrated)
2023-12-07 12:33:49,546 [INFO] UserAuth:179 - activating auth plugin
2023-12-07 12:33:49,549 [INFO] UserAuth:393 - Internet connection configuration mode: 1
2023-12-07 12:33:49,561 [INFO] JxBrowserEngine:151 - Initiate JxBrowser Engine with user profile folder
2023-12-07 12:33:49,582 [INFO] ServerAccessManage:473 - Download File updaters.zip
2023-12-07 12:33:49,675 [INFO] FileExtend:240 - Unzip File : updaters.zip
2023-12-07 12:33:49,675 [INFO] FileExtend:255 - Standard Zip Deflate
2023-12-07 12:33:49,797 [INFO] ServerAccessManage:473 - Download File PacksControlFlags.xml
2023-12-07 12:33:50,148 [INFO] ServerAccessManage:473 - Download File cubemx.pidx
2023-12-07 12:33:50,374 [INFO] WebApp:157 - Instantiating new browser for Auth
2023-12-07 12:33:50,738 [INFO] ServerAccessManage:473 - Download File STMicroelectronics.X-CUBE-ISPU.pdsc
2023-12-07 12:33:50,967 [INFO] WebApp:753 - Register for checkConnection events
2023-12-07 12:33:50,967 [INFO] WebApp:390 - Apply proxy settings
2023-12-07 12:33:50,967 [INFO] WebApp:475 - Chromium requires no authentication
2023-12-07 12:33:50,971 [INFO] WebApp:418 - Direct internet connection detected
2023-12-07 12:33:51,050 [INFO] WebApp:188 - Starting web application
2023-12-07 12:33:51,050 [INFO] WebApp:520 - Web application path used /opt/st/stm32cubeide_1.13.2/plugins/com.st.stm32cube.common.mx_6.9.2.202309101412/db/plugins/mcufinder/reactClient1/index.html
2023-12-07 12:33:51,614 [WARN] MainUpdater:1189 - Updater busy. Cannot search thirdparties
2023-12-07 12:33:51,615 [INFO] ThirdPartyUpdaterWithRetryManager:96 - Updater plugin is busy. [1/15]
2023-12-07 12:33:52,970 [INFO] ServerAccessManage:473 - Download File STMicroelectronics.X-CUBE-AZRTOS-H7.pdsc
2023-12-07 12:33:54,615 [WARN] MainUpdater:1189 - Updater busy. Cannot search thirdparties
2023-12-07 12:33:54,616 [INFO] ThirdPartyUpdaterWithRetryManager:96 - Updater plugin is busy. [2/15]
2023-12-07 12:33:57,616 [WARN] MainUpdater:1189 - Updater busy. Cannot search thirdparties
2023-12-07 12:33:57,616 [INFO] ThirdPartyUpdaterWithRetryManager:96 - Updater plugin is busy. [3/15]
2023-12-07 12:33:57,937 [ERROR] ServerAccessManage:1096 - Problem, Http access forbiden
2023-12-07 12:33:57,938 [ERROR] ServerAccessManage:651 - Problem, Http access forbiden : RoweBots.I-CUBE-UNISONRTOS.pdsc.
2023-12-07 12:33:58,049 [WARN] PackLoader:240 - Cannot read IP mode file for STMicroelectronics.X-CUBE-ISPU.2.0.0
2023-12-07 12:33:58,098 [WARN] PackLoader:240 - Cannot read IP mode file for STMicroelectronics.X-CUBE-AZRTOS-H7.3.2.0
2023-12-07 12:33:58,106 [INFO] PopulateThirdPartyThread:66 - Ending populate Thread
2023-12-07 12:33:58,107 [INFO] ThirdParty:1030 - CMSIS Pack Vendor :STMicroelectronics X-CUBE-AZRTOS-H7 3.2.0
2023-12-07 12:33:58,107 [INFO] ThirdParty:1030 - CMSIS Pack Vendor :STMicroelectronics X-CUBE-ISPU 2.0.0
2023-12-07 12:33:58,108 [INFO] LoadServerUpdatesThread:373 - End of LoadServerUpdate Thread
2023-12-07 12:33:58,191 [INFO] CheckServerUpdateThread:120 - End of CheckServer Thread
2023-12-07 12:34:00,675 [WARN] PackLoader:240 - Cannot read IP mode file for STMicroelectronics.X-CUBE-SMBUS.2.1.0
2023-12-07 12:34:00,686 [WARN] PackLoader:240 - Cannot read IP mode file for STMicroelectronics.X-CUBE-AZRTOS-F7.1.1.0
2023-12-07 12:34:00,691 [WARN] PackLoader:240 - Cannot read IP mode file for STMicroelectronics.FP-SNS-MOTENV1.4.3.2
2023-12-07 12:34:00,694 [WARN] PackLoader:240 - Cannot read IP mode file for STMicroelectronics.FP-SNS-FLIGHT1.5.0.2
2023-12-07 12:34:00,698 [WARN] PackLoader:240 - Cannot read IP mode file for STMicroelectronics.X-CUBE-DISPLAY.3.0.0
2023-12-07 12:34:00,705 [WARN] PackLoader:240 - Cannot read IP mode file for STMicroelectronics.X-CUBE-BLE1.7.0.0
2023-12-07 12:34:00,707 [WARN] PackLoader:240 - Cannot read IP mode file for emotas.I-CUBE-CANOPEN.1.3.0
2023-12-07 12:34:00,709 [WARN] PackLoader:240 - Cannot read IP mode file for STMicroelectronics.X-CUBE-TOUCHGFX.4.22.1
2023-12-07 12:34:00,711 [WARN] PackLoader:240 - Cannot read IP mode file for STMicroelectronics.FP-SNS-SMARTAG2.1.2.0
2023-12-07 12:34:00,716 [INFO] LogOutputStream:77 - [STDOUT_REDIRECT] 1 : Invalid condition id : UX_CORESTACK_Condition cause : null
2023-12-07 12:34:00,716 [INFO] LogOutputStream:77 - [STDOUT_REDIRECT] 1 : Invalid condition id : UX_CORESTACK_Condition cause : null
2023-12-07 12:34:00,716 [INFO] LogOutputStream:77 - [STDOUT_REDIRECT] 1 : Invalid condition id : UX_CORESTACK_Condition cause : null
2023-12-07 12:34:00,716 [INFO] LogOutputStream:77 - [STDOUT_REDIRECT] 1 : Invalid condition id : UX_CORESTACK_Condition cause : null
2023-12-07 12:34:00,716 [INFO] LogOutputStream:77 - [STDOUT_REDIRECT] 1 : Invalid condition id : UX_CORESTACK_Condition cause : null
2023-12-07 12:34:00,719 [WARN] PackLoader:240 - Cannot read IP mode file for STMicroelectronics.X-CUBE-AZRTOS-WL.2.0.0
2023-12-07 12:34:00,723 [WARN] PackLoader:240 - Cannot read IP mode file for WES.I-CUBE-Cesium.1.3.0
2023-12-07 12:34:00,725 [WARN] PackLoader:240 - Cannot read IP mode file for STMicroelectronics.X-CUBE-BLE2.3.3.0
2023-12-07 12:34:00,729 [WARN] PackLoader:240 - Cannot read IP mode file for STMicroelectronics.X-CUBE-ALGOBUILD.1.3.0
2023-12-07 12:34:00,738 [WARN] PackLoader:240 - Cannot read IP mode file for STMicroelectronics.X-CUBE-AZRTOS-G0.1.1.0
2023-12-07 12:34:00,742 [WARN] PackLoader:240 - Cannot read IP mode file for STMicroelectronics.X-CUBE-NFC4.3.0.0
2023-12-07 12:34:00,747 [WARN] PackLoader:240 - Cannot read IP mode file for STMicroelectronics.X-CUBE-BLEMGR.3.0.0
2023-12-07 12:34:00,750 [WARN] PackLoader:240 - Cannot read IP mode file for STMicroelectronics.FP-ATR-SIGFOX1.3.2.0
2023-12-07 12:34:00,769 [WARN] PackLoader:240 - Cannot read IP mode file for SEGGER.I-CUBE-embOS.1.3.1
2023-12-07 12:34:00,795 [WARN] PackLoader:240 - Cannot read IP mode file for STMicroelectronics.X-CUBE-GNSS1.6.0.0
2023-12-07 12:34:00,806 [WARN] PackLoader:240 - Cannot read IP mode file for STMicroelectronics.X-CUBE-AZRTOS-F4.1.1.0
2023-12-07 12:34:00,809 [WARN] PackLoader:240 - Cannot read IP mode file for wolfSSL.I-CUBE-wolfSSL.5.6.3
2023-12-07 12:34:00,818 [WARN] PackLoader:240 - Cannot read IP mode file for STMicroelectronics.X-CUBE-AZRTOS-L5.2.0.0
2023-12-07 12:34:00,843 [WARN] PackLoader:240 - Cannot read IP mode file for STMicroelectronics.X-CUBE-MEMS1.9.6.0
2023-12-07 12:34:00,976 [WARN] PackLoader:240 - Cannot read IP mode file for STMicroelectronics.X-CUBE-EEPRMA1.4.2.0
2023-12-07 12:34:00,980 [WARN] PackLoader:240 - Cannot read IP mode file for ITTIA_DB.I-CUBE-ITTIADB.8.8.0
2023-12-07 12:34:00,985 [WARN] PackLoader:240 - Cannot read IP mode file for STMicroelectronics.X-CUBE-BLEMGR.2.0.0
2023-12-07 12:34:00,995 [WARN] ConditionMgr:438 - getConditionDescription Invalid condition id : UX DEVICE CLASS RTOS Condition cause : null
2023-12-07 12:34:00,995 [WARN] ConditionMgr:438 - getConditionDescription Invalid condition id : UX DEVICE CLASS RTOS Condition cause : null
2023-12-07 12:34:00,997 [WARN] PackLoader:240 - Cannot read IP mode file for STMicroelectronics.X-CUBE-AZRTOS-H7.3.1.0
2023-12-07 12:34:00,998 [WARN] ConditionMgr:1039 - genDependencies : Invalid condition id : UX DEVICE CLASS RTOS Condition cause : null
2023-12-07 12:34:00,998 [WARN] ConditionMgr:1039 - genDependencies : Invalid condition id : UX DEVICE CLASS RTOS Condition cause : null
2023-12-07 12:34:00,999 [WARN] ConditionMgr:1039 - genDependencies : Invalid condition id : UX DEVICE CLASS RTOS Condition cause : null
2023-12-07 12:34:00,999 [WARN] ConditionMgr:1039 - genDependencies : Invalid condition id : UX DEVICE CLASS RTOS Condition cause : null
2023-12-07 12:34:00,999 [WARN] ConditionMgr:1039 - genDependencies : Invalid condition id : UX DEVICE CLASS RTOS Condition cause : null
2023-12-07 12:34:01,003 [WARN] PackLoader:240 - Cannot read IP mode file for STMicroelectronics.X-CUBE-NFC7.1.0.1
2023-12-07 12:34:01,007 [WARN] PackLoader:240 - Cannot read IP mode file for STMicroelectronics.X-CUBE-NFC6.3.0.0
2023-12-07 12:34:01,011 [WARN] PackLoader:240 - Cannot read IP mode file for STMicroelectronics.X-CUBE-EEPRMA1.4.1.0
2023-12-07 12:34:01,014 [WARN] PackLoader:240 - Cannot read IP mode file for STMicroelectronics.X-CUBE-AI.8.1.0
2023-12-07 12:34:01,023 [WARN] ConditionMgr:438 - getConditionDescription Invalid condition id : LAN8742 Phy interface Condition cause : null
2023-12-07 12:34:01,024 [WARN] PackLoader:240 - Cannot read IP mode file for STMicroelectronics.X-CUBE-AZRTOS-L4.2.0.0
2023-12-07 12:34:01,024 [WARN] ConditionMgr:1039 - genDependencies : Invalid condition id : LAN8742 Phy interface Condition cause : null
2023-12-07 12:34:01,024 [WARN] ConditionMgr:1039 - genDependencies : Invalid condition id : LAN8742 Phy interface Condition cause : null
2023-12-07 12:34:01,025 [WARN] ConditionMgr:1039 - genDependencies : Invalid condition id : LAN8742 Phy interface Condition cause : null
2023-12-07 12:34:01,028 [WARN] PackLoader:240 - Cannot read IP mode file for STMicroelectronics.X-CUBE-SFXS2LP1.4.0.0
2023-12-07 12:34:01,031 [WARN] PackLoader:240 - Cannot read IP mode file for STMicroelectronics.X-CUBE-ISPU.1.1.0
2023-12-07 12:34:01,036 [WARN] ConditionMgr:438 - getConditionDescription Invalid condition id : UX DEVICE CLASS RTOS Condition cause : null
2023-12-07 12:34:01,037 [WARN] ConditionMgr:438 - getConditionDescription Invalid condition id : UX DEVICE CLASS RTOS Condition cause : null
2023-12-07 12:34:01,038 [WARN] PackLoader:240 - Cannot read IP mode file for STMicroelectronics.X-CUBE-AZRTOS-WB.2.0.0
2023-12-07 12:34:01,038 [WARN] ConditionMgr:1039 - genDependencies : Invalid condition id : UX DEVICE CLASS RTOS Condition cause : null
2023-12-07 12:34:01,038 [WARN] ConditionMgr:1039 - genDependencies : Invalid condition id : UX DEVICE CLASS RTOS Condition cause : null
2023-12-07 12:34:01,038 [WARN] ConditionMgr:1039 - genDependencies : Invalid condition id : UX DEVICE CLASS RTOS Condition cause : null
2023-12-07 12:34:01,039 [WARN] ConditionMgr:1039 - genDependencies : Invalid condition id : UX DEVICE CLASS RTOS Condition cause : null
2023-12-07 12:34:01,039 [WARN] ConditionMgr:1039 - genDependencies : Invalid condition id : UX DEVICE CLASS RTOS Condition cause : null
2023-12-07 12:34:01,044 [WARN] PackLoader:240 - Cannot read IP mode file for STMicroelectronics.X-CUBE-SUBG2.5.0.0
2023-12-07 12:34:01,051 [WARN] PackLoader:240 - Cannot read IP mode file for STMicroelectronics.X-CUBE-TOF1.3.3.1
2023-12-07 12:34:01,062 [WARN] PackLoader:240 - Cannot read IP mode file for STMicroelectronics.X-CUBE-AZRTOS-G4.2.0.0
2023-12-07 12:34:01,068 [WARN] PackLoader:240 - Cannot read IP mode file for Infineon.AIROC-Wi-Fi-Bluetooth-STM32.1.5.1
2023-12-07 12:34:01,072 [WARN] PackLoader:240 - Cannot read IP mode file for STMicroelectronics.FP-SNS-MOTENVWB1.1.3.0
2023-12-07 12:34:01,074 [WARN] PackLoader:240 - Cannot read IP mode file for STMicroelectronics.FP-SNS-MOTENVWB1.1.3.1
2023-12-07 12:34:01,076 [WARN] PackLoader:240 - Cannot read IP mode file for STMicroelectronics.X-CUBE-ISPU.2.0.0
2023-12-07 12:34:01,100 [WARN] PackLoader:240 - Cannot read IP mode file for STMicroelectronics.X-CUBE-MEMS1.10.0.0
2023-12-07 12:34:01,162 [WARN] PackLoader:240 - Cannot read IP mode file for STMicroelectronics.X-CUBE-FREERTOS.1.1.0
2023-12-07 12:34:01,166 [WARN] PackLoader:240 - Cannot read IP mode file for portGmbH.I-Cube-SoM-uGOAL.1.1.0
2023-12-07 12:34:01,167 [WARN] PackLoader:240 - Cannot read IP mode file for STMicroelectronics.X-CUBE-ALS.1.0.1
2023-12-07 12:34:01,169 [WARN] PackLoader:240 - Cannot read IP mode file for STMicroelectronics.FP-ATR-ASTRA1.2.0.0
2023-12-07 12:34:01,176 [WARN] PackLoader:240 - Cannot read IP mode file for STMicroelectronics.X-CUBE-TOF1.3.4.0
2023-12-07 12:34:01,191 [WARN] PackLoader:240 - Cannot read IP mode file for STMicroelectronics.X-CUBE-AZRTOS-H7.3.2.0
2023-12-07 12:34:01,193 [INFO] ThirdParty:978 - Integrity check success = true
2023-12-07 12:34:01,193 [INFO] IntegrityCheckThread:100 - exiting critical section [integrity check]
2023-12-07 12:34:01,193 [INFO] IntegrityCheckThread:103 - End integrity checks thread
2023-12-07 12:34:11,381 [ERROR] LogOutputStream:75 - [STDERR_REDIRECT] SLF4J: Failed to load class "org.slf4j.impl.StaticLoggerBinder".
2023-12-07 12:34:11,381 [ERROR] LogOutputStream:75 - [STDERR_REDIRECT] SLF4J: Defaulting to no-operation (NOP) logger implementation
2023-12-07 12:34:11,381 [ERROR] LogOutputStream:75 - [STDERR_REDIRECT] SLF4J: See http://www.slf4j.org/codes.html#StaticLoggerBinder for further details.
2023-12-07 20:13:54,697 [ERROR] LogOutputStream:75 - [STDERR_REDIRECT] 
