2023-10-29 23:36:04,753 [INFO] Activator:176 - 


2023-10-29 23:36:04,755 [INFO] Activator:177 - !SESSION log4j initialized
2023-10-29 23:36:07,122 [INFO] LogOutputStream:77 - [STDOUT_REDIRECT] 
2023-10-29 23:36:13,459 [INFO] ApplicationProperties:184 - Using Application install path: /opt/st/stm32cubeide_1.13.2/plugins/com.st.stm32cube.common.mx_6.9.2.202309101412
2023-10-29 23:36:13,472 [INFO] DbMcusXml:78 - Set database path to: /opt/st/stm32cubeide_1.13.2/plugins/com.st.stm32cube.common.mx_6.9.2.202309101412//db//mcu/
2023-10-29 23:36:13,473 [INFO] ApiDb:274 - Set plugin database path to: /opt/st/stm32cubeide_1.13.2/plugins/com.st.stm32cube.common.mx_6.9.2.202309101412//db//plugins/boardmanager/
2023-10-29 23:36:13,473 [WARN] ApiDb:259 - Overriding images path with different value:  => /opt/st/stm32cubeide_1.13.2/plugins/com.st.stm32cube.common.mx_6.9.2.202309101412//db//plugins/mcufinder/images/
2023-10-29 23:36:13,483 [INFO] ApiDb:250 - Set database path to: /home/ubuntu22/.stmcufinder/plugins/mcufinder//mcu/
2023-10-29 23:36:13,485 [INFO] DbMcusAds:125 - Set database path to: /home/ubuntu22/.stmcufinder/plugins/mcufinder//mcu/
2023-10-29 23:36:13,488 [INFO] CrossReferenceDbSqlite:203 - Set database path to: /home/ubuntu22/.stmcufinder/plugins/mcufinder//mcu/cs/
2023-10-29 23:36:13,562 [INFO] RulesReader:64 - Compatibility file has been processed (293 Rules)
2023-10-29 23:36:13,602 [INFO] DbMcusXml:78 - Set database path to: /opt/st/stm32cubeide_1.13.2/plugins/com.st.stm32cube.common.mx_6.9.2.202309101412//db//mcu/
2023-10-29 23:36:13,602 [INFO] ApiDb:274 - Set plugin database path to: /opt/st/stm32cubeide_1.13.2/plugins/com.st.stm32cube.common.mx_6.9.2.202309101412//db//plugins/boardmanager/
2023-10-29 23:36:13,602 [INFO] ApiDb:261 - Set plugin images path to: /opt/st/stm32cubeide_1.13.2/plugins/com.st.stm32cube.common.mx_6.9.2.202309101412//db//plugins/mcufinder/images/
2023-10-29 23:36:13,602 [WARN] DbFile:41 - Overriding database path with different value: /home/ubuntu22/.stmcufinder/plugins/mcufinder/ => /home/ubuntu22/.stmcufinder/plugins/mcufinder
2023-10-29 23:36:13,602 [INFO] ApiDb:250 - Set database path to: /home/ubuntu22/.stmcufinder/plugins/mcufinder//mcu/
2023-10-29 23:36:13,602 [WARN] DbFile:41 - Overriding database path with different value: /home/ubuntu22/.stmcufinder/plugins/mcufinder/ => /home/ubuntu22/.stmcufinder/plugins/mcufinder
2023-10-29 23:36:13,602 [INFO] DbMcusAds:125 - Set database path to: /home/ubuntu22/.stmcufinder/plugins/mcufinder//mcu/
2023-10-29 23:36:13,602 [WARN] DbFile:41 - Overriding database path with different value: /home/ubuntu22/.stmcufinder/plugins/mcufinder/ => /home/ubuntu22/.stmcufinder/plugins/mcufinder
2023-10-29 23:36:13,602 [WARN] DbFile:41 - Overriding database path with different value: /home/ubuntu22/.stmcufinder/plugins/mcufinder/ => /home/ubuntu22/.stmcufinder/plugins/mcufinder
2023-10-29 23:36:13,602 [INFO] CrossReferenceDbSqlite:203 - Set database path to: /home/ubuntu22/.stmcufinder/plugins/mcufinder//mcu/cs/
2023-10-29 23:36:13,651 [INFO] MainPanel:262 - HeapMemory: 268435456
2023-10-29 23:36:13,714 [INFO] DbMcusXml:78 - Set database path to: /opt/st/stm32cubeide_1.13.2/plugins/com.st.stm32cube.common.mx_6.9.2.202309101412//db//mcu/
2023-10-29 23:36:13,714 [INFO] ApiDb:274 - Set plugin database path to: /opt/st/stm32cubeide_1.13.2/plugins/com.st.stm32cube.common.mx_6.9.2.202309101412//db//plugins/boardmanager/
2023-10-29 23:36:13,714 [INFO] ApiDb:261 - Set plugin images path to: /opt/st/stm32cubeide_1.13.2/plugins/com.st.stm32cube.common.mx_6.9.2.202309101412//db//plugins/mcufinder/images/
2023-10-29 23:36:13,714 [WARN] DbFile:41 - Overriding database path with different value: /home/ubuntu22/.stmcufinder/plugins/mcufinder/ => /home/ubuntu22/.stmcufinder/plugins/mcufinder
2023-10-29 23:36:13,714 [INFO] ApiDb:250 - Set database path to: /home/ubuntu22/.stmcufinder/plugins/mcufinder//mcu/
2023-10-29 23:36:13,715 [WARN] DbFile:41 - Overriding database path with different value: /home/ubuntu22/.stmcufinder/plugins/mcufinder/ => /home/ubuntu22/.stmcufinder/plugins/mcufinder
2023-10-29 23:36:13,715 [INFO] DbMcusAds:125 - Set database path to: /home/ubuntu22/.stmcufinder/plugins/mcufinder//mcu/
2023-10-29 23:36:13,715 [WARN] DbFile:41 - Overriding database path with different value: /home/ubuntu22/.stmcufinder/plugins/mcufinder/ => /home/ubuntu22/.stmcufinder/plugins/mcufinder
2023-10-29 23:36:13,715 [WARN] DbFile:41 - Overriding database path with different value: /home/ubuntu22/.stmcufinder/plugins/mcufinder/ => /home/ubuntu22/.stmcufinder/plugins/mcufinder
2023-10-29 23:36:13,715 [INFO] CrossReferenceDbSqlite:203 - Set database path to: /home/ubuntu22/.stmcufinder/plugins/mcufinder//mcu/cs/
2023-10-29 23:36:13,726 [INFO] ApplicationProperties:184 - Using Application install path: /opt/st/stm32cubeide_1.13.2/plugins/com.st.stm32cube.common.mx_6.9.2.202309101412
2023-10-29 23:36:13,728 [INFO] PluginManage:196 - Search for loadable plugins [exclusion list=, ]
2023-10-29 23:36:13,728 [INFO] PluginManage:310 - Check plugin analytics
2023-10-29 23:36:13,842 [INFO] AnalyticsPlugin:253 - Accepted Software Licenses: 
2023-10-29 23:36:13,843 [INFO] AnalyticsPlugin:255 - Accepted CMSIS Pack Licenses: 
2023-10-29 23:36:13,843 [INFO] AnalyticsPlugin:257 - Accepted Firmware Licenses: FW.F4.1.27.0
2023-10-29 23:36:13,845 [INFO] PluginManage:359 - Loaded plugin analytics (category:tool,tabindex:-1)
2023-10-29 23:36:13,845 [INFO] PluginManage:310 - Check plugin cadmodel
2023-10-29 23:36:13,905 [INFO] CADModel:105 - Init CAD model plugin
2023-10-29 23:36:13,906 [INFO] PluginManage:359 - Loaded plugin cadmodel (category:power,tabindex:5)
2023-10-29 23:36:13,906 [INFO] PluginManage:310 - Check plugin clock
2023-10-29 23:36:13,913 [INFO] PluginManage:359 - Loaded plugin clock (category:base,tabindex:2)
2023-10-29 23:36:13,913 [INFO] PluginManage:310 - Check plugin ddr
2023-10-29 23:36:13,914 [INFO] PluginManage:359 - Loaded plugin ddr (category:tool,tabindex:6)
2023-10-29 23:36:13,914 [INFO] PluginManage:310 - Check plugin filemanager
2023-10-29 23:36:14,022 [INFO] PluginManage:359 - Loaded plugin filemanager (category:base,tabindex:10)
2023-10-29 23:36:14,022 [INFO] PluginManage:310 - Check plugin ipmanager
2023-10-29 23:36:14,026 [INFO] PluginManage:359 - Loaded plugin ipmanager (category:base,tabindex:5)
2023-10-29 23:36:14,026 [INFO] PluginManage:310 - Check plugin lpbam
2023-10-29 23:36:14,032 [INFO] PluginManage:359 - Loaded plugin lpbam (category:base,tabindex:0)
2023-10-29 23:36:14,032 [INFO] PluginManage:310 - Check plugin memorymap
2023-10-29 23:36:14,039 [INFO] PluginManage:359 - Loaded plugin memorymap (category:base,tabindex:4)
2023-10-29 23:36:14,039 [INFO] PluginManage:310 - Check plugin pinoutandconfiguration
2023-10-29 23:36:14,044 [INFO] PluginManage:359 - Loaded plugin pinoutandconfiguration (category:base,tabindex:1)
2023-10-29 23:36:14,044 [INFO] PluginManage:310 - Check plugin pinoutconfig
2023-10-29 23:36:14,096 [WARN] SupportedApi:132 - Cannot load RTOS API schema: s4s-elt-must-match.1: The content of 'definitions' must match (annotation?, (simpleType | complexType)?, (unique | key | keyref)*)). A problem was found starting at: attribute.
2023-10-29 23:36:14,175 [INFO] PluginManage:359 - Loaded plugin pinoutconfig (category:base,tabindex:0)
2023-10-29 23:36:14,175 [INFO] PluginManage:310 - Check plugin power
2023-10-29 23:36:14,182 [INFO] PluginManage:359 - Loaded plugin power (category:power,tabindex:4)
2023-10-29 23:36:14,182 [INFO] PluginManage:310 - Check plugin projectmanager
2023-10-29 23:36:14,192 [INFO] PluginManage:359 - Loaded plugin projectmanager (category:projectmanager,tabindex:3)
2023-10-29 23:36:14,192 [INFO] PluginManage:310 - Check plugin thirdparty
2023-10-29 23:36:14,276 [INFO] PluginManage:359 - Loaded plugin thirdparty (category:base,tabindex:-1)
2023-10-29 23:36:14,275 [WARN] IntegrityCheckThread:84 - waiting for thirdparty lock release [integrity check]
2023-10-29 23:36:14,276 [INFO] PluginManage:310 - Check plugin tools
2023-10-29 23:36:14,276 [INFO] IntegrityCheckThread:86 - entering critical section [integrity check]
2023-10-29 23:36:14,276 [INFO] ThirdPartyUpdaterWithRetryManager:70 - Updater plugin not ready yet. [1/15]
2023-10-29 23:36:14,277 [INFO] PluginManage:359 - Loaded plugin tools (category:base,tabindex:7)
2023-10-29 23:36:14,277 [INFO] PluginManage:310 - Check plugin tutovideos
2023-10-29 23:36:14,383 [INFO] PluginManage:359 - Loaded plugin tutovideos (category:base,tabindex:-1)
2023-10-29 23:36:14,383 [INFO] PluginManage:310 - Check plugin updater
2023-10-29 23:36:14,391 [INFO] PluginManage:359 - Loaded plugin updater (category:base,tabindex:12)
2023-10-29 23:36:14,391 [INFO] PluginManage:310 - Check plugin userauth
2023-10-29 23:36:14,394 [INFO] UserAuth:113 - Init User Auth plugin
2023-10-29 23:36:14,394 [INFO] PluginManage:359 - Loaded plugin userauth (category:base,tabindex:14)
2023-10-29 23:36:14,395 [INFO] PluginManage:283 - PluginManage : Loaded plugins [17]
2023-10-29 23:36:14,505 [INFO] PinOutPanel:1499 - setPackage(No Configuration,No Configuration)
2023-10-29 23:36:14,558 [INFO] CADModel:165 - CPN selected for project level
2023-10-29 23:36:14,558 [INFO] CADModel:114 - Register for checkConnection events
2023-10-29 23:36:14,568 [INFO] IPUIPlugin:80 - create IPUIPlugin
2023-10-29 23:36:14,568 [INFO] PluginManager:220 - loadIPPluginJar : add sai
2023-10-29 23:36:14,569 [INFO] IPUIPlugin:80 - create IPUIPlugin
2023-10-29 23:36:14,569 [INFO] PluginManager:220 - loadIPPluginJar : add hash
2023-10-29 23:36:14,571 [INFO] IPUIPlugin:80 - create IPUIPlugin
2023-10-29 23:36:14,571 [INFO] PluginManager:220 - loadIPPluginJar : add tracer_emb
2023-10-29 23:36:14,572 [INFO] IPUIPlugin:80 - create IPUIPlugin
2023-10-29 23:36:14,572 [INFO] PluginManager:220 - loadIPPluginJar : add pdm2pcm
2023-10-29 23:36:14,575 [INFO] IPUIPlugin:80 - create IPUIPlugin
2023-10-29 23:36:14,575 [INFO] PluginManager:220 - loadIPPluginJar : add opamp
2023-10-29 23:36:14,576 [INFO] IPUIPlugin:80 - create IPUIPlugin
2023-10-29 23:36:14,576 [INFO] PluginManager:220 - loadIPPluginJar : add ltdc
2023-10-29 23:36:14,579 [INFO] IPUIPlugin:80 - create IPUIPlugin
2023-10-29 23:36:14,579 [INFO] PluginManager:220 - loadIPPluginJar : add gpio
2023-10-29 23:36:14,581 [INFO] IPUIPlugin:80 - create IPUIPlugin
2023-10-29 23:36:14,581 [INFO] PluginManager:220 - loadIPPluginJar : add openamp
2023-10-29 23:36:14,582 [INFO] IPUIPlugin:80 - create IPUIPlugin
2023-10-29 23:36:14,582 [INFO] PluginManager:220 - loadIPPluginJar : add ucpd
2023-10-29 23:36:14,583 [INFO] IPUIPlugin:80 - create IPUIPlugin
2023-10-29 23:36:14,583 [INFO] PluginManager:220 - loadIPPluginJar : add can
2023-10-29 23:36:14,585 [INFO] IPUIPlugin:80 - create IPUIPlugin
2023-10-29 23:36:14,585 [INFO] PluginManager:220 - loadIPPluginJar : add ipddr
2023-10-29 23:36:14,587 [INFO] IPUIPlugin:80 - create IPUIPlugin
2023-10-29 23:36:14,587 [INFO] PluginManager:220 - loadIPPluginJar : add stm32_wpan
2023-10-29 23:36:14,589 [INFO] IPUIPlugin:80 - create IPUIPlugin
2023-10-29 23:36:14,589 [INFO] PluginManager:220 - loadIPPluginJar : add lorawan
2023-10-29 23:36:14,591 [INFO] IPUIPlugin:80 - create IPUIPlugin
2023-10-29 23:36:14,592 [INFO] PluginManager:220 - loadIPPluginJar : add fmc
2023-10-29 23:36:14,593 [INFO] IPUIPlugin:80 - create IPUIPlugin
2023-10-29 23:36:14,593 [INFO] PluginManager:220 - loadIPPluginJar : add ts
2023-10-29 23:36:14,595 [INFO] IPUIPlugin:80 - create IPUIPlugin
2023-10-29 23:36:14,595 [INFO] PluginManager:220 - loadIPPluginJar : add gtzc
2023-10-29 23:36:14,597 [INFO] IPUIPlugin:80 - create IPUIPlugin
2023-10-29 23:36:14,597 [INFO] PluginManager:220 - loadIPPluginJar : add aes
2023-10-29 23:36:14,599 [INFO] IPUIPlugin:80 - create IPUIPlugin
2023-10-29 23:36:14,599 [INFO] PluginManager:220 - loadIPPluginJar : add spi
2023-10-29 23:36:14,601 [INFO] IPUIPlugin:80 - create IPUIPlugin
2023-10-29 23:36:14,601 [INFO] PluginManager:220 - loadIPPluginJar : add dfsdm
2023-10-29 23:36:14,602 [INFO] IPUIPlugin:80 - create IPUIPlugin
2023-10-29 23:36:14,602 [INFO] PluginManager:220 - loadIPPluginJar : add quadspi
2023-10-29 23:36:14,604 [INFO] IPUIPlugin:80 - create IPUIPlugin
2023-10-29 23:36:14,604 [INFO] PluginManager:220 - loadIPPluginJar : add usart
2023-10-29 23:36:14,605 [INFO] IPUIPlugin:80 - create IPUIPlugin
2023-10-29 23:36:14,605 [INFO] PluginManager:220 - loadIPPluginJar : add i2c
2023-10-29 23:36:14,607 [INFO] IPUIPlugin:80 - create IPUIPlugin
2023-10-29 23:36:14,607 [INFO] PluginManager:220 - loadIPPluginJar : add gfxmmu
2023-10-29 23:36:14,608 [INFO] IPUIPlugin:80 - create IPUIPlugin
2023-10-29 23:36:14,608 [INFO] PluginManager:220 - loadIPPluginJar : add genericplugin
2023-10-29 23:36:14,614 [INFO] IPUIPlugin:80 - create IPUIPlugin
2023-10-29 23:36:14,614 [INFO] PluginManager:220 - loadIPPluginJar : add linkedlist
2023-10-29 23:36:14,617 [INFO] IPUIPlugin:80 - create IPUIPlugin
2023-10-29 23:36:14,617 [INFO] PluginManager:220 - loadIPPluginJar : add touchsensing
2023-10-29 23:36:14,620 [INFO] IPUIPlugin:80 - create IPUIPlugin
2023-10-29 23:36:14,620 [INFO] PluginManager:220 - loadIPPluginJar : add nvic
2023-10-29 23:36:14,621 [INFO] IPUIPlugin:80 - create IPUIPlugin
2023-10-29 23:36:14,621 [INFO] PluginManager:220 - loadIPPluginJar : add fatfs
2023-10-29 23:36:14,623 [INFO] IPUIPlugin:80 - create IPUIPlugin
2023-10-29 23:36:14,624 [INFO] PluginManager:220 - loadIPPluginJar : add usbx
2023-10-29 23:36:14,625 [INFO] IPUIPlugin:80 - create IPUIPlugin
2023-10-29 23:36:14,625 [INFO] PluginManager:220 - loadIPPluginJar : add i2s
2023-10-29 23:36:14,627 [INFO] IPUIPlugin:80 - create IPUIPlugin
2023-10-29 23:36:14,627 [INFO] PluginManager:220 - loadIPPluginJar : add dma3
2023-10-29 23:36:14,628 [INFO] IPUIPlugin:80 - create IPUIPlugin
2023-10-29 23:36:14,628 [INFO] PluginManager:220 - loadIPPluginJar : add tim
2023-10-29 23:36:14,630 [INFO] IPUIPlugin:80 - create IPUIPlugin
2023-10-29 23:36:14,630 [INFO] PluginManager:220 - loadIPPluginJar : add cryp
2023-10-29 23:36:14,636 [INFO] IPUIPlugin:80 - create IPUIPlugin
2023-10-29 23:36:14,636 [INFO] PluginManager:220 - loadIPPluginJar : add dma
2023-10-29 23:36:14,638 [INFO] IPUIPlugin:80 - create IPUIPlugin
2023-10-29 23:36:14,638 [INFO] PluginManager:220 - loadIPPluginJar : add i3c
2023-10-29 23:36:14,643 [INFO] IPUIPlugin:80 - create IPUIPlugin
2023-10-29 23:36:14,643 [INFO] PluginManager:220 - loadIPPluginJar : add mdma
2023-10-29 23:36:14,644 [INFO] IPUIPlugin:80 - create IPUIPlugin
2023-10-29 23:36:14,644 [INFO] PluginManager:220 - loadIPPluginJar : add comp
2023-10-29 23:36:14,648 [INFO] IPUIPlugin:80 - create IPUIPlugin
2023-10-29 23:36:14,649 [INFO] PluginManager:220 - loadIPPluginJar : add adc
2023-10-29 23:36:14,650 [INFO] IPUIPlugin:80 - create IPUIPlugin
2023-10-29 23:36:14,650 [INFO] PluginManager:220 - loadIPPluginJar : add tsc
2023-10-29 23:36:14,654 [INFO] IPUIPlugin:80 - create IPUIPlugin
2023-10-29 23:36:14,656 [INFO] PluginManager:220 - loadIPPluginJar : add plateformsettings
2023-10-29 23:36:14,671 [INFO] IPUIPlugin:80 - create IPUIPlugin
2023-10-29 23:36:14,672 [INFO] PluginManager:220 - loadIPPluginJar : add freertos
2023-10-29 23:36:14,683 [INFO] IPUIPlugin:80 - create IPUIPlugin
2023-10-29 23:36:14,684 [INFO] PluginManager:220 - loadIPPluginJar : add gic
2023-10-29 23:36:14,694 [INFO] IPUIPlugin:80 - create IPUIPlugin
2023-10-29 23:36:14,694 [INFO] PluginManager:220 - loadIPPluginJar : add resmgrutility
2023-10-29 23:36:14,791 [INFO] CADModel:165 - CPN selected for project level
2023-10-29 23:36:14,792 [INFO] CADModel:114 - Register for checkConnection events
2023-10-29 23:36:14,792 [FATAL] Updater:308 - Updater called before beeing initialized
2023-10-29 23:36:14,792 [ERROR] CADModel:125 - Updater not yet initialized, retry later 
2023-10-29 23:36:14,921 [INFO] CADModel:165 - CPN selected for project level
2023-10-29 23:36:14,921 [INFO] CADModel:114 - Register for checkConnection events
2023-10-29 23:36:14,921 [FATAL] Updater:308 - Updater called before beeing initialized
2023-10-29 23:36:14,921 [ERROR] CADModel:125 - Updater not yet initialized, retry later 
2023-10-29 23:36:14,923 [FATAL] Updater:308 - Updater called before beeing initialized
2023-10-29 23:36:14,979 [FATAL] Updater:308 - Updater called before beeing initialized
2023-10-29 23:36:14,982 [INFO] DbMcusAds:53 - JSON generation date=Tue Mar 07 05:50:55 ART 2023 (1678179055114)
2023-10-29 23:36:14,982 [FATAL] Updater:308 - Updater called before beeing initialized
2023-10-29 23:36:15,008 [WARN] DetailPanel:346 - Failed to get advertising image, set to default
2023-10-29 23:36:15,076 [FATAL] Updater:308 - Updater called before beeing initialized
2023-10-29 23:36:15,078 [FATAL] Updater:308 - Updater called before beeing initialized
2023-10-29 23:36:15,078 [FATAL] Updater:308 - Updater called before beeing initialized
2023-10-29 23:36:15,078 [WARN] DetailPanel:346 - Failed to get advertising image, set to default
2023-10-29 23:36:15,078 [FATAL] Updater:308 - Updater called before beeing initialized
2023-10-29 23:36:15,096 [ERROR] Updater:1120 - MainUpdater not yet initialized. External WinMGr cannot be set.
2023-10-29 23:36:15,097 [INFO] Updater:1056 - Updater Version found : 6.9.2
2023-10-29 23:36:15,110 [INFO] ApplicationProperties:184 - Using Application install path: /opt/st/stm32cubeide_1.13.2/plugins/com.st.stm32cube.common.mx_6.9.2.202309101412
2023-10-29 23:36:15,224 [INFO] MainUpdater:2868 - connection check result : 10
2023-10-29 23:36:15,224 [INFO] MainUpdater:285 - Updater Check For Update Now.
2023-10-29 23:36:15,224 [INFO] MicroXplorer:498 - Change Database Version : DB.6.0.92
2023-10-29 23:36:15,228 [INFO] McuFinderGlobals:63 - Set McuFinder mode to 2 (CubeIDE integrated)
2023-10-29 23:36:15,228 [INFO] UserAuth:179 - activating auth plugin
2023-10-29 23:36:15,230 [INFO] UserAuth:393 - Internet connection configuration mode: 1
2023-10-29 23:36:15,241 [INFO] JxBrowserEngine:151 - Initiate JxBrowser Engine with user profile folder
2023-10-29 23:36:15,377 [INFO] CheckServerUpdateThread:120 - End of CheckServer Thread
2023-10-29 23:36:15,891 [INFO] WebApp:157 - Instantiating new browser for Auth
2023-10-29 23:36:16,335 [INFO] WebApp:753 - Register for checkConnection events
2023-10-29 23:36:16,335 [INFO] WebApp:390 - Apply proxy settings
2023-10-29 23:36:16,335 [INFO] WebApp:475 - Chromium requires no authentication
2023-10-29 23:36:16,339 [INFO] WebApp:418 - Direct internet connection detected
2023-10-29 23:36:16,415 [INFO] WebApp:188 - Starting web application
2023-10-29 23:36:16,415 [INFO] WebApp:520 - Web application path used /opt/st/stm32cubeide_1.13.2/plugins/com.st.stm32cube.common.mx_6.9.2.202309101412/db/plugins/mcufinder/reactClient1/index.html
2023-10-29 23:36:17,361 [WARN] PackLoader:240 - Cannot read IP mode file for STMicroelectronics.X-CUBE-SMBUS.2.1.0
2023-10-29 23:36:17,389 [WARN] PackLoader:240 - Cannot read IP mode file for STMicroelectronics.X-CUBE-AZRTOS-F7.1.1.0
2023-10-29 23:36:17,398 [WARN] PackLoader:240 - Cannot read IP mode file for STMicroelectronics.FP-SNS-MOTENV1.4.3.2
2023-10-29 23:36:17,405 [WARN] PackLoader:240 - Cannot read IP mode file for STMicroelectronics.FP-SNS-FLIGHT1.5.0.2
2023-10-29 23:36:17,412 [WARN] PackLoader:240 - Cannot read IP mode file for STMicroelectronics.X-CUBE-DISPLAY.3.0.0
2023-10-29 23:36:17,422 [WARN] PackLoader:240 - Cannot read IP mode file for STMicroelectronics.X-CUBE-BLE1.7.0.0
2023-10-29 23:36:17,427 [WARN] PackLoader:240 - Cannot read IP mode file for emotas.I-CUBE-CANOPEN.1.3.0
2023-10-29 23:36:17,430 [WARN] PackLoader:240 - Cannot read IP mode file for STMicroelectronics.X-CUBE-TOUCHGFX.4.22.1
2023-10-29 23:36:17,433 [WARN] PackLoader:240 - Cannot read IP mode file for STMicroelectronics.FP-SNS-SMARTAG2.1.2.0
2023-10-29 23:36:17,444 [INFO] LogOutputStream:77 - [STDOUT_REDIRECT] 1 : Invalid condition id : UX_CORESTACK_Condition cause : null
2023-10-29 23:36:17,444 [INFO] LogOutputStream:77 - [STDOUT_REDIRECT] 1 : Invalid condition id : UX_CORESTACK_Condition cause : null
2023-10-29 23:36:17,444 [INFO] LogOutputStream:77 - [STDOUT_REDIRECT] 1 : Invalid condition id : UX_CORESTACK_Condition cause : null
2023-10-29 23:36:17,444 [INFO] LogOutputStream:77 - [STDOUT_REDIRECT] 1 : Invalid condition id : UX_CORESTACK_Condition cause : null
2023-10-29 23:36:17,445 [INFO] LogOutputStream:77 - [STDOUT_REDIRECT] 1 : Invalid condition id : UX_CORESTACK_Condition cause : null
2023-10-29 23:36:17,448 [WARN] PackLoader:240 - Cannot read IP mode file for STMicroelectronics.X-CUBE-AZRTOS-WL.2.0.0
2023-10-29 23:36:17,455 [WARN] PackLoader:240 - Cannot read IP mode file for WES.I-CUBE-Cesium.1.3.0
2023-10-29 23:36:17,458 [WARN] PackLoader:240 - Cannot read IP mode file for STMicroelectronics.X-CUBE-BLE2.3.3.0
2023-10-29 23:36:17,464 [WARN] PackLoader:240 - Cannot read IP mode file for STMicroelectronics.X-CUBE-ALGOBUILD.1.3.0
2023-10-29 23:36:17,477 [WARN] PackLoader:240 - Cannot read IP mode file for STMicroelectronics.X-CUBE-AZRTOS-G0.1.1.0
2023-10-29 23:36:17,481 [WARN] PackLoader:240 - Cannot read IP mode file for STMicroelectronics.X-CUBE-NFC4.3.0.0
2023-10-29 23:36:17,483 [WARN] PackLoader:240 - Cannot read IP mode file for STMicroelectronics.FP-ATR-SIGFOX1.3.2.0
2023-10-29 23:36:17,502 [WARN] PackLoader:240 - Cannot read IP mode file for SEGGER.I-CUBE-embOS.1.3.1
2023-10-29 23:36:17,529 [WARN] PackLoader:240 - Cannot read IP mode file for STMicroelectronics.X-CUBE-GNSS1.6.0.0
2023-10-29 23:36:17,548 [WARN] PackLoader:240 - Cannot read IP mode file for STMicroelectronics.X-CUBE-AZRTOS-F4.1.1.0
2023-10-29 23:36:17,553 [WARN] PackLoader:240 - Cannot read IP mode file for wolfSSL.I-CUBE-wolfSSL.5.6.3
2023-10-29 23:36:17,568 [WARN] PackLoader:240 - Cannot read IP mode file for STMicroelectronics.X-CUBE-AZRTOS-L5.2.0.0
2023-10-29 23:36:17,613 [WARN] PackLoader:240 - Cannot read IP mode file for STMicroelectronics.X-CUBE-MEMS1.9.6.0
2023-10-29 23:36:17,756 [WARN] PackLoader:240 - Cannot read IP mode file for STMicroelectronics.X-CUBE-EEPRMA1.4.2.0
2023-10-29 23:36:17,759 [WARN] PackLoader:240 - Cannot read IP mode file for ITTIA_DB.I-CUBE-ITTIADB.8.8.0
2023-10-29 23:36:17,762 [WARN] PackLoader:240 - Cannot read IP mode file for STMicroelectronics.X-CUBE-BLEMGR.2.0.0
2023-10-29 23:36:17,770 [WARN] ConditionMgr:438 - getConditionDescription Invalid condition id : UX DEVICE CLASS RTOS Condition cause : null
2023-10-29 23:36:17,771 [WARN] ConditionMgr:438 - getConditionDescription Invalid condition id : UX DEVICE CLASS RTOS Condition cause : null
2023-10-29 23:36:17,777 [WARN] PackLoader:240 - Cannot read IP mode file for STMicroelectronics.X-CUBE-AZRTOS-H7.3.1.0
2023-10-29 23:36:17,778 [WARN] ConditionMgr:1039 - genDependencies : Invalid condition id : UX DEVICE CLASS RTOS Condition cause : null
2023-10-29 23:36:17,778 [WARN] ConditionMgr:1039 - genDependencies : Invalid condition id : UX DEVICE CLASS RTOS Condition cause : null
2023-10-29 23:36:17,778 [WARN] ConditionMgr:1039 - genDependencies : Invalid condition id : UX DEVICE CLASS RTOS Condition cause : null
2023-10-29 23:36:17,779 [WARN] ConditionMgr:1039 - genDependencies : Invalid condition id : UX DEVICE CLASS RTOS Condition cause : null
2023-10-29 23:36:17,779 [WARN] ConditionMgr:1039 - genDependencies : Invalid condition id : UX DEVICE CLASS RTOS Condition cause : null
2023-10-29 23:36:17,783 [WARN] PackLoader:240 - Cannot read IP mode file for STMicroelectronics.X-CUBE-NFC7.1.0.1
2023-10-29 23:36:17,791 [WARN] PackLoader:240 - Cannot read IP mode file for STMicroelectronics.X-CUBE-NFC6.3.0.0
2023-10-29 23:36:17,796 [WARN] PackLoader:240 - Cannot read IP mode file for STMicroelectronics.X-CUBE-EEPRMA1.4.1.0
2023-10-29 23:36:17,800 [WARN] PackLoader:240 - Cannot read IP mode file for STMicroelectronics.X-CUBE-AI.8.1.0
2023-10-29 23:36:17,813 [WARN] ConditionMgr:438 - getConditionDescription Invalid condition id : LAN8742 Phy interface Condition cause : null
2023-10-29 23:36:17,814 [WARN] PackLoader:240 - Cannot read IP mode file for STMicroelectronics.X-CUBE-AZRTOS-L4.2.0.0
2023-10-29 23:36:17,815 [WARN] ConditionMgr:1039 - genDependencies : Invalid condition id : LAN8742 Phy interface Condition cause : null
2023-10-29 23:36:17,815 [WARN] ConditionMgr:1039 - genDependencies : Invalid condition id : LAN8742 Phy interface Condition cause : null
2023-10-29 23:36:17,816 [WARN] ConditionMgr:1039 - genDependencies : Invalid condition id : LAN8742 Phy interface Condition cause : null
2023-10-29 23:36:17,821 [WARN] PackLoader:240 - Cannot read IP mode file for STMicroelectronics.X-CUBE-SFXS2LP1.4.0.0
2023-10-29 23:36:17,824 [WARN] PackLoader:240 - Cannot read IP mode file for STMicroelectronics.X-CUBE-ISPU.1.1.0
2023-10-29 23:36:17,831 [WARN] ConditionMgr:438 - getConditionDescription Invalid condition id : UX DEVICE CLASS RTOS Condition cause : null
2023-10-29 23:36:17,831 [WARN] ConditionMgr:438 - getConditionDescription Invalid condition id : UX DEVICE CLASS RTOS Condition cause : null
2023-10-29 23:36:17,832 [WARN] PackLoader:240 - Cannot read IP mode file for STMicroelectronics.X-CUBE-AZRTOS-WB.2.0.0
2023-10-29 23:36:17,832 [WARN] ConditionMgr:1039 - genDependencies : Invalid condition id : UX DEVICE CLASS RTOS Condition cause : null
2023-10-29 23:36:17,832 [WARN] ConditionMgr:1039 - genDependencies : Invalid condition id : UX DEVICE CLASS RTOS Condition cause : null
2023-10-29 23:36:17,832 [WARN] ConditionMgr:1039 - genDependencies : Invalid condition id : UX DEVICE CLASS RTOS Condition cause : null
2023-10-29 23:36:17,833 [WARN] ConditionMgr:1039 - genDependencies : Invalid condition id : UX DEVICE CLASS RTOS Condition cause : null
2023-10-29 23:36:17,833 [WARN] ConditionMgr:1039 - genDependencies : Invalid condition id : UX DEVICE CLASS RTOS Condition cause : null
2023-10-29 23:36:17,837 [WARN] PackLoader:240 - Cannot read IP mode file for STMicroelectronics.X-CUBE-SUBG2.5.0.0
2023-10-29 23:36:17,845 [WARN] PackLoader:240 - Cannot read IP mode file for STMicroelectronics.X-CUBE-TOF1.3.3.1
2023-10-29 23:36:17,855 [WARN] PackLoader:240 - Cannot read IP mode file for STMicroelectronics.X-CUBE-AZRTOS-G4.2.0.0
2023-10-29 23:36:17,861 [WARN] PackLoader:240 - Cannot read IP mode file for Infineon.AIROC-Wi-Fi-Bluetooth-STM32.1.5.1
2023-10-29 23:36:17,882 [WARN] PackLoader:240 - Cannot read IP mode file for STMicroelectronics.X-CUBE-MEMS1.10.0.0
2023-10-29 23:36:17,949 [WARN] PackLoader:240 - Cannot read IP mode file for STMicroelectronics.X-CUBE-FREERTOS.1.1.0
2023-10-29 23:36:17,952 [WARN] PackLoader:240 - Cannot read IP mode file for portGmbH.I-Cube-SoM-uGOAL.1.1.0
2023-10-29 23:36:17,955 [WARN] PackLoader:240 - Cannot read IP mode file for STMicroelectronics.X-CUBE-ALS.1.0.1
2023-10-29 23:36:17,957 [WARN] PackLoader:240 - Cannot read IP mode file for STMicroelectronics.FP-ATR-ASTRA1.2.0.0
2023-10-29 23:36:17,958 [INFO] ThirdParty:978 - Integrity check success = true
2023-10-29 23:36:17,958 [INFO] IntegrityCheckThread:100 - exiting critical section [integrity check]
2023-10-29 23:36:17,958 [INFO] IntegrityCheckThread:103 - End integrity checks thread
2023-10-29 23:36:36,686 [ERROR] LogOutputStream:75 - [STDERR_REDIRECT] SLF4J: Failed to load class "org.slf4j.impl.StaticLoggerBinder".
2023-10-29 23:36:36,687 [ERROR] LogOutputStream:75 - [STDERR_REDIRECT] SLF4J: Defaulting to no-operation (NOP) logger implementation
2023-10-29 23:36:36,687 [ERROR] LogOutputStream:75 - [STDERR_REDIRECT] SLF4J: See http://www.slf4j.org/codes.html#StaticLoggerBinder for further details.
