21:17:25 **** Incremental Build of configuration Debug for project Prueba 1 STM32F429 ****
make -j8 all 
arm-none-eabi-gcc "../Core/Src/main.c" -mcpu=cortex-m4 -std=gnu11 -g3 -DDEBUG -DUSE_HAL_DRIVER -DSTM32F429xx -c -I../Core/Inc -I../Drivers/STM32F4xx_HAL_Driver/Inc -I../Drivers/STM32F4xx_HAL_Driver/Inc/Legacy -I../Drivers/CMSIS/Device/ST/STM32F4xx/Include -I../Drivers/CMSIS/Include -O0 -ffunction-sections -fdata-sections -Wall -fstack-usage -fcyclomatic-complexity -MMD -MP -MF"Core/Src/main.d" -MT"Core/Src/main.o" --specs=nano.specs -mfpu=fpv4-sp-d16 -mfloat-abi=hard -mthumb -o "Core/Src/main.o"
../Core/Src/main.c: In function 'main':
../Core/Src/main.c:97:15: error: expected expression before ')' token
   97 |           if () {
      |               ^
make: *** [Core/Src/subdir.mk:34: Core/Src/main.o] Error 1
"make -j8 all" terminated with exit code 2. Build might be incomplete.
21:20:49 **** Incremental Build of configuration Debug for project Practica 1 ****
make -j8 all 
arm-none-eabi-size   Practica\ 1.elf 
   text	   data	    bss	    dec	    hex	filename
   6068	     24	   1576	   7668	   1df4	Practica 1.elf
Finished building: default.size.stdout
 
21:20:49 **** Incremental Build of configuration Debug for project Practica 2 ****
make -j8 all 
arm-none-eabi-size   Practica\ 2.elf 
   text	   data	    bss	    dec	    hex	filename
   5992	     32	   1584	   7608	   1db8	Practica 2.elf
Finished building: default.size.stdout
 
21:20:49 **** Incremental Build of configuration Debug for project Prueba 1 STM32F429 ****
make -j8 all 
arm-none-eabi-gcc "../Core/Src/main.c" -mcpu=cortex-m4 -std=gnu11 -g3 -DDEBUG -DUSE_HAL_DRIVER -DSTM32F429xx -c -I../Core/Inc -I../Drivers/STM32F4xx_HAL_Driver/Inc -I../Drivers/STM32F4xx_HAL_Driver/Inc/Legacy -I../Drivers/CMSIS/Device/ST/STM32F4xx/Include -I../Drivers/CMSIS/Include -O0 -ffunction-sections -fdata-sections -Wall -fstack-usage -fcyclomatic-complexity -MMD -MP -MF"Core/Src/main.d" -MT"Core/Src/main.o" --specs=nano.specs -mfpu=fpv4-sp-d16 -mfloat-abi=hard -mthumb -o "Core/Src/main.o"
../Core/Src/main.c: In function 'main':
../Core/Src/main.c:103:24: error: expected ';' before '}' token
  103 |                   pos++
      |                        ^
      |                        ;
  104 |         } else {
      |         ~               
make: *** [Core/Src/subdir.mk:34: Core/Src/main.o] Error 1
"make -j8 all" terminated with exit code 2. Build might be incomplete.
21:20:58 **** Incremental Build of configuration Debug for project Practica 1 ****
make -j8 all 
arm-none-eabi-size   Practica\ 1.elf 
   text	   data	    bss	    dec	    hex	filename
   6068	     24	   1576	   7668	   1df4	Practica 1.elf
Finished building: default.size.stdout
 
21:20:58 **** Incremental Build of configuration Debug for project Practica 2 ****
make -j8 all 
arm-none-eabi-size   Practica\ 2.elf 
   text	   data	    bss	    dec	    hex	filename
   5992	     32	   1584	   7608	   1db8	Practica 2.elf
Finished building: default.size.stdout
 
21:20:58 **** Incremental Build of configuration Debug for project Prueba 1 STM32F429 ****
make -j8 all 
arm-none-eabi-gcc "../Core/Src/main.c" -mcpu=cortex-m4 -std=gnu11 -g3 -DDEBUG -DUSE_HAL_DRIVER -DSTM32F429xx -c -I../Core/Inc -I../Drivers/STM32F4xx_HAL_Driver/Inc -I../Drivers/STM32F4xx_HAL_Driver/Inc/Legacy -I../Drivers/CMSIS/Device/ST/STM32F4xx/Include -I../Drivers/CMSIS/Include -O0 -ffunction-sections -fdata-sections -Wall -fstack-usage -fcyclomatic-complexity -MMD -MP -MF"Core/Src/main.d" -MT"Core/Src/main.o" --specs=nano.specs -mfpu=fpv4-sp-d16 -mfloat-abi=hard -mthumb -o "Core/Src/main.o"
arm-none-eabi-gcc -o "Prueba 1 STM32F429.elf" @"objects.list"   -mcpu=cortex-m4 -T"/home/ubuntu22/CESE/001ProgDeMicro/PdM_workspace/Prueba 1 STM32F429/STM32F429ZITX_FLASH.ld" --specs=nosys.specs -Wl,-Map="Prueba 1 STM32F429.map" -Wl,--gc-sections -static --specs=nano.specs -mfpu=fpv4-sp-d16 -mfloat-abi=hard -mthumb -Wl,--start-group -lc -lm -Wl,--end-group
Finished building target: Prueba 1 STM32F429.elf
 
arm-none-eabi-size   Prueba\ 1\ STM32F429.elf 
arm-none-eabi-objdump -h -S  Prueba\ 1\ STM32F429.elf  > "Prueba 1 STM32F429.list"
   text	   data	    bss	    dec	    hex	filename
   7232	     24	   1576	   8832	   2280	Prueba 1 STM32F429.elf
Finished building: default.size.stdout
 
Finished building: Prueba 1 STM32F429.list
 
21:21:02 **** Incremental Build of configuration Debug for project Prueba 1 STM32F429 ****
make -j8 all 
arm-none-eabi-size   Prueba\ 1\ STM32F429.elf 
   text	   data	    bss	    dec	    hex	filename
   7232	     24	   1576	   8832	   2280	Prueba 1 STM32F429.elf
Finished building: default.size.stdout
 
21:30:30 **** Incremental Build of configuration Debug for project Practica 1 ****
make -j8 all 
arm-none-eabi-size   Practica\ 1.elf 
   text	   data	    bss	    dec	    hex	filename
   6068	     24	   1576	   7668	   1df4	Practica 1.elf
Finished building: default.size.stdout
 
21:30:30 **** Incremental Build of configuration Debug for project Practica 2 ****
make -j8 all 
arm-none-eabi-size   Practica\ 2.elf 
   text	   data	    bss	    dec	    hex	filename
   5992	     32	   1584	   7608	   1db8	Practica 2.elf
Finished building: default.size.stdout
 
21:30:30 **** Incremental Build of configuration Debug for project Prueba 1 STM32F429 ****
make -j8 all 
arm-none-eabi-gcc "../Core/Src/main.c" -mcpu=cortex-m4 -std=gnu11 -g3 -DDEBUG -DUSE_HAL_DRIVER -DSTM32F429xx -c -I../Core/Inc -I../Drivers/STM32F4xx_HAL_Driver/Inc -I../Drivers/STM32F4xx_HAL_Driver/Inc/Legacy -I../Drivers/CMSIS/Device/ST/STM32F4xx/Include -I../Drivers/CMSIS/Include -O0 -ffunction-sections -fdata-sections -Wall -fstack-usage -fcyclomatic-complexity -MMD -MP -MF"Core/Src/main.d" -MT"Core/Src/main.o" --specs=nano.specs -mfpu=fpv4-sp-d16 -mfloat-abi=hard -mthumb -o "Core/Src/main.o"
arm-none-eabi-gcc -o "Prueba 1 STM32F429.elf" @"objects.list"   -mcpu=cortex-m4 -T"/home/ubuntu22/CESE/001ProgDeMicro/PdM_workspace/Prueba 1 STM32F429/STM32F429ZITX_FLASH.ld" --specs=nosys.specs -Wl,-Map="Prueba 1 STM32F429.map" -Wl,--gc-sections -static --specs=nano.specs -mfpu=fpv4-sp-d16 -mfloat-abi=hard -mthumb -Wl,--start-group -lc -lm -Wl,--end-group
Finished building target: Prueba 1 STM32F429.elf
 
arm-none-eabi-size   Prueba\ 1\ STM32F429.elf 
arm-none-eabi-objdump -h -S  Prueba\ 1\ STM32F429.elf  > "Prueba 1 STM32F429.list"
   text	   data	    bss	    dec	    hex	filename
   7232	     24	   1576	   8832	   2280	Prueba 1 STM32F429.elf
Finished building: default.size.stdout
 
Finished building: Prueba 1 STM32F429.list
 
21:30:35 **** Incremental Build of configuration Debug for project Prueba 1 STM32F429 ****
make -j8 all 
arm-none-eabi-size   Prueba\ 1\ STM32F429.elf 
   text	   data	    bss	    dec	    hex	filename
   7232	     24	   1576	   8832	   2280	Prueba 1 STM32F429.elf
Finished building: default.size.stdout
 
21:56:49 **** Incremental Build of configuration Debug for project Prueba 1 STM32F429 ****
make -j8 all 
arm-none-eabi-gcc "../Core/Src/main.c" -mcpu=cortex-m4 -std=gnu11 -g3 -DDEBUG -DUSE_HAL_DRIVER -DSTM32F429xx -c -I../Core/Inc -I../Drivers/STM32F4xx_HAL_Driver/Inc -I../Drivers/STM32F4xx_HAL_Driver/Inc/Legacy -I../Drivers/CMSIS/Device/ST/STM32F4xx/Include -I../Drivers/CMSIS/Include -O0 -ffunction-sections -fdata-sections -Wall -fstack-usage -fcyclomatic-complexity -MMD -MP -MF"Core/Src/main.d" -MT"Core/Src/main.o" --specs=nano.specs -mfpu=fpv4-sp-d16 -mfloat-abi=hard -mthumb -o "Core/Src/main.o"
../Core/Src/main.c: In function 'main':
../Core/Src/main.c:99:15: error: 'pos' undeclared (first use in this function); did you mean 'Pos'?
   99 |           if (pos == 0) {
      |               ^~~
      |               Pos
../Core/Src/main.c:99:15: note: each undeclared identifier is reported only once for each function it appears in
make: *** [Core/Src/subdir.mk:34: Core/Src/main.o] Error 1
"make -j8 all" terminated with exit code 2. Build might be incomplete.
21:57:17 **** Incremental Build of configuration Debug for project Prueba 1 STM32F429 ****
make -j8 all 
arm-none-eabi-gcc "../Core/Src/main.c" -mcpu=cortex-m4 -std=gnu11 -g3 -DDEBUG -DUSE_HAL_DRIVER -DSTM32F429xx -c -I../Core/Inc -I../Drivers/STM32F4xx_HAL_Driver/Inc -I../Drivers/STM32F4xx_HAL_Driver/Inc/Legacy -I../Drivers/CMSIS/Device/ST/STM32F4xx/Include -I../Drivers/CMSIS/Include -O0 -ffunction-sections -fdata-sections -Wall -fstack-usage -fcyclomatic-complexity -MMD -MP -MF"Core/Src/main.d" -MT"Core/Src/main.o" --specs=nano.specs -mfpu=fpv4-sp-d16 -mfloat-abi=hard -mthumb -o "Core/Src/main.o"
arm-none-eabi-gcc -o "Prueba 1 STM32F429.elf" @"objects.list"   -mcpu=cortex-m4 -T"/home/ubuntu22/CESE/001ProgDeMicro/PdM_workspace/Prueba 1 STM32F429/STM32F429ZITX_FLASH.ld" --specs=nosys.specs -Wl,-Map="Prueba 1 STM32F429.map" -Wl,--gc-sections -static --specs=nano.specs -mfpu=fpv4-sp-d16 -mfloat-abi=hard -mthumb -Wl,--start-group -lc -lm -Wl,--end-group
Finished building target: Prueba 1 STM32F429.elf
 
arm-none-eabi-size   Prueba\ 1\ STM32F429.elf 
arm-none-eabi-objdump -h -S  Prueba\ 1\ STM32F429.elf  > "Prueba 1 STM32F429.list"
   text	   data	    bss	    dec	    hex	filename
   7252	     28	   1572	   8852	   2294	Prueba 1 STM32F429.elf
Finished building: default.size.stdout
 
Finished building: Prueba 1 STM32F429.list
 
22:01:41 **** Incremental Build of configuration Debug for project Practica 2 ****
make -j8 all 
arm-none-eabi-size   Practica\ 2.elf 
   text	   data	    bss	    dec	    hex	filename
   5992	     32	   1584	   7608	   1db8	Practica 2.elf
Finished building: default.size.stdout
 
22:01:41 **** Incremental Build of configuration Debug for project Prueba 1 STM32F429 ****
make -j8 all 
arm-none-eabi-gcc "../Core/Src/main.c" -mcpu=cortex-m4 -std=gnu11 -g3 -DDEBUG -DUSE_HAL_DRIVER -DSTM32F429xx -c -I../Core/Inc -I../Drivers/STM32F4xx_HAL_Driver/Inc -I../Drivers/STM32F4xx_HAL_Driver/Inc/Legacy -I../Drivers/CMSIS/Device/ST/STM32F4xx/Include -I../Drivers/CMSIS/Include -O0 -ffunction-sections -fdata-sections -Wall -fstack-usage -fcyclomatic-complexity -MMD -MP -MF"Core/Src/main.d" -MT"Core/Src/main.o" --specs=nano.specs -mfpu=fpv4-sp-d16 -mfloat-abi=hard -mthumb -o "Core/Src/main.o"
arm-none-eabi-gcc -o "Prueba 1 STM32F429.elf" @"objects.list"   -mcpu=cortex-m4 -T"/home/ubuntu22/CESE/001ProgDeMicro/PdM_workspace/Prueba 1 STM32F429/STM32F429ZITX_FLASH.ld" --specs=nosys.specs -Wl,-Map="Prueba 1 STM32F429.map" -Wl,--gc-sections -static --specs=nano.specs -mfpu=fpv4-sp-d16 -mfloat-abi=hard -mthumb -Wl,--start-group -lc -lm -Wl,--end-group
Finished building target: Prueba 1 STM32F429.elf
 
arm-none-eabi-size   Prueba\ 1\ STM32F429.elf 
arm-none-eabi-objdump -h -S  Prueba\ 1\ STM32F429.elf  > "Prueba 1 STM32F429.list"
   text	   data	    bss	    dec	    hex	filename
   7252	     28	   1572	   8852	   2294	Prueba 1 STM32F429.elf
Finished building: default.size.stdout
 
Finished building: Prueba 1 STM32F429.list
 
22:17:56 **** Incremental Build of configuration Debug for project Practica 2 ****
make -j8 all 
arm-none-eabi-size   Practica\ 2.elf 
   text	   data	    bss	    dec	    hex	filename
   5992	     32	   1584	   7608	   1db8	Practica 2.elf
Finished building: default.size.stdout
 
22:17:56 **** Incremental Build of configuration Debug for project Prueba 1 STM32F429 ****
make -j8 all 
arm-none-eabi-gcc "../Core/Src/main.c" -mcpu=cortex-m4 -std=gnu11 -g3 -DDEBUG -DUSE_HAL_DRIVER -DSTM32F429xx -c -I../Core/Inc -I../Drivers/STM32F4xx_HAL_Driver/Inc -I../Drivers/STM32F4xx_HAL_Driver/Inc/Legacy -I../Drivers/CMSIS/Device/ST/STM32F4xx/Include -I../Drivers/CMSIS/Include -O0 -ffunction-sections -fdata-sections -Wall -fstack-usage -fcyclomatic-complexity -MMD -MP -MF"Core/Src/main.d" -MT"Core/Src/main.o" --specs=nano.specs -mfpu=fpv4-sp-d16 -mfloat-abi=hard -mthumb -o "Core/Src/main.o"
arm-none-eabi-gcc -o "Prueba 1 STM32F429.elf" @"objects.list"   -mcpu=cortex-m4 -T"/home/ubuntu22/CESE/001ProgDeMicro/PdM_workspace/Prueba 1 STM32F429/STM32F429ZITX_FLASH.ld" --specs=nosys.specs -Wl,-Map="Prueba 1 STM32F429.map" -Wl,--gc-sections -static --specs=nano.specs -mfpu=fpv4-sp-d16 -mfloat-abi=hard -mthumb -Wl,--start-group -lc -lm -Wl,--end-group
Finished building target: Prueba 1 STM32F429.elf
 
arm-none-eabi-size   Prueba\ 1\ STM32F429.elf 
arm-none-eabi-objdump -h -S  Prueba\ 1\ STM32F429.elf  > "Prueba 1 STM32F429.list"
   text	   data	    bss	    dec	    hex	filename
   7252	     28	   1572	   8852	   2294	Prueba 1 STM32F429.elf
Finished building: default.size.stdout
 
Finished building: Prueba 1 STM32F429.list
 
22:18:18 **** Incremental Build of configuration Debug for project Prueba 1 STM32F429 ****
make -j8 all 
arm-none-eabi-size   Prueba\ 1\ STM32F429.elf 
   text	   data	    bss	    dec	    hex	filename
   7252	     28	   1572	   8852	   2294	Prueba 1 STM32F429.elf
Finished building: default.size.stdout
 
22:18:44 **** Incremental Build of configuration Debug for project Prueba 1 STM32F429 ****
make -j8 all 
arm-none-eabi-gcc "../Core/Src/main.c" -mcpu=cortex-m4 -std=gnu11 -g3 -DDEBUG -DUSE_HAL_DRIVER -DSTM32F429xx -c -I../Core/Inc -I../Drivers/STM32F4xx_HAL_Driver/Inc -I../Drivers/STM32F4xx_HAL_Driver/Inc/Legacy -I../Drivers/CMSIS/Device/ST/STM32F4xx/Include -I../Drivers/CMSIS/Include -O0 -ffunction-sections -fdata-sections -Wall -fstack-usage -fcyclomatic-complexity -MMD -MP -MF"Core/Src/main.d" -MT"Core/Src/main.o" --specs=nano.specs -mfpu=fpv4-sp-d16 -mfloat-abi=hard -mthumb -o "Core/Src/main.o"
arm-none-eabi-gcc -o "Prueba 1 STM32F429.elf" @"objects.list"   -mcpu=cortex-m4 -T"/home/ubuntu22/CESE/001ProgDeMicro/PdM_workspace/Prueba 1 STM32F429/STM32F429ZITX_FLASH.ld" --specs=nosys.specs -Wl,-Map="Prueba 1 STM32F429.map" -Wl,--gc-sections -static --specs=nano.specs -mfpu=fpv4-sp-d16 -mfloat-abi=hard -mthumb -Wl,--start-group -lc -lm -Wl,--end-group
Finished building target: Prueba 1 STM32F429.elf
 
arm-none-eabi-size   Prueba\ 1\ STM32F429.elf 
arm-none-eabi-objdump -h -S  Prueba\ 1\ STM32F429.elf  > "Prueba 1 STM32F429.list"
   text	   data	    bss	    dec	    hex	filename
   7252	     28	   1572	   8852	   2294	Prueba 1 STM32F429.elf
Finished building: default.size.stdout
 
Finished building: Prueba 1 STM32F429.list
 
22:20:42 **** Incremental Build of configuration Debug for project Prueba 1 STM32F429 ****
make -j8 all 
arm-none-eabi-gcc "../Core/Src/main.c" -mcpu=cortex-m4 -std=gnu11 -g3 -DDEBUG -DUSE_HAL_DRIVER -DSTM32F429xx -c -I../Core/Inc -I../Drivers/STM32F4xx_HAL_Driver/Inc -I../Drivers/STM32F4xx_HAL_Driver/Inc/Legacy -I../Drivers/CMSIS/Device/ST/STM32F4xx/Include -I../Drivers/CMSIS/Include -O0 -ffunction-sections -fdata-sections -Wall -fstack-usage -fcyclomatic-complexity -MMD -MP -MF"Core/Src/main.d" -MT"Core/Src/main.o" --specs=nano.specs -mfpu=fpv4-sp-d16 -mfloat-abi=hard -mthumb -o "Core/Src/main.o"
arm-none-eabi-gcc -o "Prueba 1 STM32F429.elf" @"objects.list"   -mcpu=cortex-m4 -T"/home/ubuntu22/CESE/001ProgDeMicro/PdM_workspace/Prueba 1 STM32F429/STM32F429ZITX_FLASH.ld" --specs=nosys.specs -Wl,-Map="Prueba 1 STM32F429.map" -Wl,--gc-sections -static --specs=nano.specs -mfpu=fpv4-sp-d16 -mfloat-abi=hard -mthumb -Wl,--start-group -lc -lm -Wl,--end-group
Finished building target: Prueba 1 STM32F429.elf
 
arm-none-eabi-size   Prueba\ 1\ STM32F429.elf 
arm-none-eabi-objdump -h -S  Prueba\ 1\ STM32F429.elf  > "Prueba 1 STM32F429.list"
   text	   data	    bss	    dec	    hex	filename
   7232	     28	   1572	   8832	   2280	Prueba 1 STM32F429.elf
Finished building: default.size.stdout
 
Finished building: Prueba 1 STM32F429.list
 
22:21:41 **** Incremental Build of configuration Debug for project Prueba 1 STM32F429 ****
make -j8 all 
arm-none-eabi-gcc "../Core/Src/main.c" -mcpu=cortex-m4 -std=gnu11 -g3 -DDEBUG -DUSE_HAL_DRIVER -DSTM32F429xx -c -I../Core/Inc -I../Drivers/STM32F4xx_HAL_Driver/Inc -I../Drivers/STM32F4xx_HAL_Driver/Inc/Legacy -I../Drivers/CMSIS/Device/ST/STM32F4xx/Include -I../Drivers/CMSIS/Include -O0 -ffunction-sections -fdata-sections -Wall -fstack-usage -fcyclomatic-complexity -MMD -MP -MF"Core/Src/main.d" -MT"Core/Src/main.o" --specs=nano.specs -mfpu=fpv4-sp-d16 -mfloat-abi=hard -mthumb -o "Core/Src/main.o"
arm-none-eabi-gcc -o "Prueba 1 STM32F429.elf" @"objects.list"   -mcpu=cortex-m4 -T"/home/ubuntu22/CESE/001ProgDeMicro/PdM_workspace/Prueba 1 STM32F429/STM32F429ZITX_FLASH.ld" --specs=nosys.specs -Wl,-Map="Prueba 1 STM32F429.map" -Wl,--gc-sections -static --specs=nano.specs -mfpu=fpv4-sp-d16 -mfloat-abi=hard -mthumb -Wl,--start-group -lc -lm -Wl,--end-group
Finished building target: Prueba 1 STM32F429.elf
 
arm-none-eabi-size   Prueba\ 1\ STM32F429.elf 
arm-none-eabi-objdump -h -S  Prueba\ 1\ STM32F429.elf  > "Prueba 1 STM32F429.list"
   text	   data	    bss	    dec	    hex	filename
   7232	     28	   1572	   8832	   2280	Prueba 1 STM32F429.elf
Finished building: default.size.stdout
 
Finished building: Prueba 1 STM32F429.list
 
22:22:53 **** Incremental Build of configuration Debug for project Prueba 1 STM32F429 ****
make -j8 all 
arm-none-eabi-gcc "../Core/Src/main.c" -mcpu=cortex-m4 -std=gnu11 -g3 -DDEBUG -DUSE_HAL_DRIVER -DSTM32F429xx -c -I../Core/Inc -I../Drivers/STM32F4xx_HAL_Driver/Inc -I../Drivers/STM32F4xx_HAL_Driver/Inc/Legacy -I../Drivers/CMSIS/Device/ST/STM32F4xx/Include -I../Drivers/CMSIS/Include -O0 -ffunction-sections -fdata-sections -Wall -fstack-usage -fcyclomatic-complexity -MMD -MP -MF"Core/Src/main.d" -MT"Core/Src/main.o" --specs=nano.specs -mfpu=fpv4-sp-d16 -mfloat-abi=hard -mthumb -o "Core/Src/main.o"
arm-none-eabi-gcc -o "Prueba 1 STM32F429.elf" @"objects.list"   -mcpu=cortex-m4 -T"/home/ubuntu22/CESE/001ProgDeMicro/PdM_workspace/Prueba 1 STM32F429/STM32F429ZITX_FLASH.ld" --specs=nosys.specs -Wl,-Map="Prueba 1 STM32F429.map" -Wl,--gc-sections -static --specs=nano.specs -mfpu=fpv4-sp-d16 -mfloat-abi=hard -mthumb -Wl,--start-group -lc -lm -Wl,--end-group
Finished building target: Prueba 1 STM32F429.elf
 
arm-none-eabi-size   Prueba\ 1\ STM32F429.elf 
arm-none-eabi-objdump -h -S  Prueba\ 1\ STM32F429.elf  > "Prueba 1 STM32F429.list"
   text	   data	    bss	    dec	    hex	filename
   7176	     28	   1572	   8776	   2248	Prueba 1 STM32F429.elf
Finished building: default.size.stdout
 
Finished building: Prueba 1 STM32F429.list
 
22:23:32 **** Incremental Build of configuration Debug for project Prueba 1 STM32F429 ****
make -j8 all 
arm-none-eabi-gcc "../Core/Src/main.c" -mcpu=cortex-m4 -std=gnu11 -g3 -DDEBUG -DUSE_HAL_DRIVER -DSTM32F429xx -c -I../Core/Inc -I../Drivers/STM32F4xx_HAL_Driver/Inc -I../Drivers/STM32F4xx_HAL_Driver/Inc/Legacy -I../Drivers/CMSIS/Device/ST/STM32F4xx/Include -I../Drivers/CMSIS/Include -O0 -ffunction-sections -fdata-sections -Wall -fstack-usage -fcyclomatic-complexity -MMD -MP -MF"Core/Src/main.d" -MT"Core/Src/main.o" --specs=nano.specs -mfpu=fpv4-sp-d16 -mfloat-abi=hard -mthumb -o "Core/Src/main.o"
arm-none-eabi-gcc -o "Prueba 1 STM32F429.elf" @"objects.list"   -mcpu=cortex-m4 -T"/home/ubuntu22/CESE/001ProgDeMicro/PdM_workspace/Prueba 1 STM32F429/STM32F429ZITX_FLASH.ld" --specs=nosys.specs -Wl,-Map="Prueba 1 STM32F429.map" -Wl,--gc-sections -static --specs=nano.specs -mfpu=fpv4-sp-d16 -mfloat-abi=hard -mthumb -Wl,--start-group -lc -lm -Wl,--end-group
Finished building target: Prueba 1 STM32F429.elf
 
arm-none-eabi-size   Prueba\ 1\ STM32F429.elf 
arm-none-eabi-objdump -h -S  Prueba\ 1\ STM32F429.elf  > "Prueba 1 STM32F429.list"
   text	   data	    bss	    dec	    hex	filename
   7176	     28	   1572	   8776	   2248	Prueba 1 STM32F429.elf
Finished building: default.size.stdout
 
Finished building: Prueba 1 STM32F429.list
 
22:24:21 **** Incremental Build of configuration Debug for project Prueba 1 STM32F429 ****
make -j8 all 
arm-none-eabi-gcc "../Core/Src/main.c" -mcpu=cortex-m4 -std=gnu11 -g3 -DDEBUG -DUSE_HAL_DRIVER -DSTM32F429xx -c -I../Core/Inc -I../Drivers/STM32F4xx_HAL_Driver/Inc -I../Drivers/STM32F4xx_HAL_Driver/Inc/Legacy -I../Drivers/CMSIS/Device/ST/STM32F4xx/Include -I../Drivers/CMSIS/Include -O0 -ffunction-sections -fdata-sections -Wall -fstack-usage -fcyclomatic-complexity -MMD -MP -MF"Core/Src/main.d" -MT"Core/Src/main.o" --specs=nano.specs -mfpu=fpv4-sp-d16 -mfloat-abi=hard -mthumb -o "Core/Src/main.o"
arm-none-eabi-gcc -o "Prueba 1 STM32F429.elf" @"objects.list"   -mcpu=cortex-m4 -T"/home/ubuntu22/CESE/001ProgDeMicro/PdM_workspace/Prueba 1 STM32F429/STM32F429ZITX_FLASH.ld" --specs=nosys.specs -Wl,-Map="Prueba 1 STM32F429.map" -Wl,--gc-sections -static --specs=nano.specs -mfpu=fpv4-sp-d16 -mfloat-abi=hard -mthumb -Wl,--start-group -lc -lm -Wl,--end-group
Finished building target: Prueba 1 STM32F429.elf
 
arm-none-eabi-size   Prueba\ 1\ STM32F429.elf 
arm-none-eabi-objdump -h -S  Prueba\ 1\ STM32F429.elf  > "Prueba 1 STM32F429.list"
   text	   data	    bss	    dec	    hex	filename
   7188	     28	   1572	   8788	   2254	Prueba 1 STM32F429.elf
Finished building: default.size.stdout
 
Finished building: Prueba 1 STM32F429.list
 
22:47:06 **** Incremental Build of configuration Debug for project Prueba 1 STM32F429 ****
make -j8 all 
arm-none-eabi-size   Prueba\ 1\ STM32F429.elf 
   text	   data	    bss	    dec	    hex	filename
   7188	     28	   1572	   8788	   2254	Prueba 1 STM32F429.elf
Finished building: default.size.stdout
 
22:47:46 **** Incremental Build of configuration Debug for project Prueba 1 STM32F429 ****
make -j8 all 
arm-none-eabi-gcc "../Core/Src/main.c" -mcpu=cortex-m4 -std=gnu11 -g3 -DDEBUG -DUSE_HAL_DRIVER -DSTM32F429xx -c -I../Core/Inc -I../Drivers/STM32F4xx_HAL_Driver/Inc -I../Drivers/STM32F4xx_HAL_Driver/Inc/Legacy -I../Drivers/CMSIS/Device/ST/STM32F4xx/Include -I../Drivers/CMSIS/Include -O0 -ffunction-sections -fdata-sections -Wall -fstack-usage -fcyclomatic-complexity -MMD -MP -MF"Core/Src/main.d" -MT"Core/Src/main.o" --specs=nano.specs -mfpu=fpv4-sp-d16 -mfloat-abi=hard -mthumb -o "Core/Src/main.o"
arm-none-eabi-gcc -o "Prueba 1 STM32F429.elf" @"objects.list"   -mcpu=cortex-m4 -T"/home/ubuntu22/CESE/001ProgDeMicro/PdM_workspace/Prueba 1 STM32F429/STM32F429ZITX_FLASH.ld" --specs=nosys.specs -Wl,-Map="Prueba 1 STM32F429.map" -Wl,--gc-sections -static --specs=nano.specs -mfpu=fpv4-sp-d16 -mfloat-abi=hard -mthumb -Wl,--start-group -lc -lm -Wl,--end-group
Finished building target: Prueba 1 STM32F429.elf
 
arm-none-eabi-size   Prueba\ 1\ STM32F429.elf 
arm-none-eabi-objdump -h -S  Prueba\ 1\ STM32F429.elf  > "Prueba 1 STM32F429.list"
   text	   data	    bss	    dec	    hex	filename
   7188	     28	   1572	   8788	   2254	Prueba 1 STM32F429.elf
Finished building: default.size.stdout
 
Finished building: Prueba 1 STM32F429.list
 
22:48:32 **** Incremental Build of configuration Debug for project Prueba 1 STM32F429 ****
make -j8 all 
arm-none-eabi-gcc "../Core/Src/main.c" -mcpu=cortex-m4 -std=gnu11 -g3 -DDEBUG -DUSE_HAL_DRIVER -DSTM32F429xx -c -I../Core/Inc -I../Drivers/STM32F4xx_HAL_Driver/Inc -I../Drivers/STM32F4xx_HAL_Driver/Inc/Legacy -I../Drivers/CMSIS/Device/ST/STM32F4xx/Include -I../Drivers/CMSIS/Include -O0 -ffunction-sections -fdata-sections -Wall -fstack-usage -fcyclomatic-complexity -MMD -MP -MF"Core/Src/main.d" -MT"Core/Src/main.o" --specs=nano.specs -mfpu=fpv4-sp-d16 -mfloat-abi=hard -mthumb -o "Core/Src/main.o"
arm-none-eabi-gcc -o "Prueba 1 STM32F429.elf" @"objects.list"   -mcpu=cortex-m4 -T"/home/ubuntu22/CESE/001ProgDeMicro/PdM_workspace/Prueba 1 STM32F429/STM32F429ZITX_FLASH.ld" --specs=nosys.specs -Wl,-Map="Prueba 1 STM32F429.map" -Wl,--gc-sections -static --specs=nano.specs -mfpu=fpv4-sp-d16 -mfloat-abi=hard -mthumb -Wl,--start-group -lc -lm -Wl,--end-group
Finished building target: Prueba 1 STM32F429.elf
 
arm-none-eabi-size   Prueba\ 1\ STM32F429.elf 
arm-none-eabi-objdump -h -S  Prueba\ 1\ STM32F429.elf  > "Prueba 1 STM32F429.list"
   text	   data	    bss	    dec	    hex	filename
   7188	     28	   1572	   8788	   2254	Prueba 1 STM32F429.elf
Finished building: default.size.stdout
 
Finished building: Prueba 1 STM32F429.list
 
22:49:54 **** Incremental Build of configuration Debug for project Prueba 1 STM32F429 ****
make -j8 all 
arm-none-eabi-gcc "../Core/Src/main.c" -mcpu=cortex-m4 -std=gnu11 -g3 -DDEBUG -DUSE_HAL_DRIVER -DSTM32F429xx -c -I../Core/Inc -I../Drivers/STM32F4xx_HAL_Driver/Inc -I../Drivers/STM32F4xx_HAL_Driver/Inc/Legacy -I../Drivers/CMSIS/Device/ST/STM32F4xx/Include -I../Drivers/CMSIS/Include -O0 -ffunction-sections -fdata-sections -Wall -fstack-usage -fcyclomatic-complexity -MMD -MP -MF"Core/Src/main.d" -MT"Core/Src/main.o" --specs=nano.specs -mfpu=fpv4-sp-d16 -mfloat-abi=hard -mthumb -o "Core/Src/main.o"
arm-none-eabi-gcc -o "Prueba 1 STM32F429.elf" @"objects.list"   -mcpu=cortex-m4 -T"/home/ubuntu22/CESE/001ProgDeMicro/PdM_workspace/Prueba 1 STM32F429/STM32F429ZITX_FLASH.ld" --specs=nosys.specs -Wl,-Map="Prueba 1 STM32F429.map" -Wl,--gc-sections -static --specs=nano.specs -mfpu=fpv4-sp-d16 -mfloat-abi=hard -mthumb -Wl,--start-group -lc -lm -Wl,--end-group
Finished building target: Prueba 1 STM32F429.elf
 
arm-none-eabi-size   Prueba\ 1\ STM32F429.elf 
arm-none-eabi-objdump -h -S  Prueba\ 1\ STM32F429.elf  > "Prueba 1 STM32F429.list"
   text	   data	    bss	    dec	    hex	filename
   7176	     28	   1572	   8776	   2248	Prueba 1 STM32F429.elf
Finished building: default.size.stdout
 
Finished building: Prueba 1 STM32F429.list
 
22:50:41 **** Incremental Build of configuration Debug for project Prueba 1 STM32F429 ****
make -j8 all 
arm-none-eabi-gcc "../Core/Src/main.c" -mcpu=cortex-m4 -std=gnu11 -g3 -DDEBUG -DUSE_HAL_DRIVER -DSTM32F429xx -c -I../Core/Inc -I../Drivers/STM32F4xx_HAL_Driver/Inc -I../Drivers/STM32F4xx_HAL_Driver/Inc/Legacy -I../Drivers/CMSIS/Device/ST/STM32F4xx/Include -I../Drivers/CMSIS/Include -O0 -ffunction-sections -fdata-sections -Wall -fstack-usage -fcyclomatic-complexity -MMD -MP -MF"Core/Src/main.d" -MT"Core/Src/main.o" --specs=nano.specs -mfpu=fpv4-sp-d16 -mfloat-abi=hard -mthumb -o "Core/Src/main.o"
arm-none-eabi-gcc -o "Prueba 1 STM32F429.elf" @"objects.list"   -mcpu=cortex-m4 -T"/home/ubuntu22/CESE/001ProgDeMicro/PdM_workspace/Prueba 1 STM32F429/STM32F429ZITX_FLASH.ld" --specs=nosys.specs -Wl,-Map="Prueba 1 STM32F429.map" -Wl,--gc-sections -static --specs=nano.specs -mfpu=fpv4-sp-d16 -mfloat-abi=hard -mthumb -Wl,--start-group -lc -lm -Wl,--end-group
Finished building target: Prueba 1 STM32F429.elf
 
arm-none-eabi-size   Prueba\ 1\ STM32F429.elf 
arm-none-eabi-objdump -h -S  Prueba\ 1\ STM32F429.elf  > "Prueba 1 STM32F429.list"
   text	   data	    bss	    dec	    hex	filename
   7176	     28	   1572	   8776	   2248	Prueba 1 STM32F429.elf
Finished building: default.size.stdout
 
Finished building: Prueba 1 STM32F429.list
 
22:52:11 **** Incremental Build of configuration Debug for project Prueba 1 STM32F429 ****
make -j8 all 
arm-none-eabi-gcc "../Core/Src/main.c" -mcpu=cortex-m4 -std=gnu11 -g3 -DDEBUG -DUSE_HAL_DRIVER -DSTM32F429xx -c -I../Core/Inc -I../Drivers/STM32F4xx_HAL_Driver/Inc -I../Drivers/STM32F4xx_HAL_Driver/Inc/Legacy -I../Drivers/CMSIS/Device/ST/STM32F4xx/Include -I../Drivers/CMSIS/Include -O0 -ffunction-sections -fdata-sections -Wall -fstack-usage -fcyclomatic-complexity -MMD -MP -MF"Core/Src/main.d" -MT"Core/Src/main.o" --specs=nano.specs -mfpu=fpv4-sp-d16 -mfloat-abi=hard -mthumb -o "Core/Src/main.o"
arm-none-eabi-gcc -o "Prueba 1 STM32F429.elf" @"objects.list"   -mcpu=cortex-m4 -T"/home/ubuntu22/CESE/001ProgDeMicro/PdM_workspace/Prueba 1 STM32F429/STM32F429ZITX_FLASH.ld" --specs=nosys.specs -Wl,-Map="Prueba 1 STM32F429.map" -Wl,--gc-sections -static --specs=nano.specs -mfpu=fpv4-sp-d16 -mfloat-abi=hard -mthumb -Wl,--start-group -lc -lm -Wl,--end-group
Finished building target: Prueba 1 STM32F429.elf
 
arm-none-eabi-size   Prueba\ 1\ STM32F429.elf 
arm-none-eabi-objdump -h -S  Prueba\ 1\ STM32F429.elf  > "Prueba 1 STM32F429.list"
   text	   data	    bss	    dec	    hex	filename
   7176	     28	   1572	   8776	   2248	Prueba 1 STM32F429.elf
Finished building: default.size.stdout
 
Finished building: Prueba 1 STM32F429.list
 
22:54:13 **** Incremental Build of configuration Debug for project Prueba 1 STM32F429 ****
make -j8 all 
arm-none-eabi-gcc "../Core/Src/main.c" -mcpu=cortex-m4 -std=gnu11 -g3 -DDEBUG -DUSE_HAL_DRIVER -DSTM32F429xx -c -I../Core/Inc -I../Drivers/STM32F4xx_HAL_Driver/Inc -I../Drivers/STM32F4xx_HAL_Driver/Inc/Legacy -I../Drivers/CMSIS/Device/ST/STM32F4xx/Include -I../Drivers/CMSIS/Include -O0 -ffunction-sections -fdata-sections -Wall -fstack-usage -fcyclomatic-complexity -MMD -MP -MF"Core/Src/main.d" -MT"Core/Src/main.o" --specs=nano.specs -mfpu=fpv4-sp-d16 -mfloat-abi=hard -mthumb -o "Core/Src/main.o"
../Core/Src/main.c:49:38: error: expected expression before ']' token
   49 |         uint8_t tamaño = sizeof(Leds[]);
      |                                      ^
../Core/Src/main.c: In function 'main':
../Core/Src/main.c:84:3: warning: implicit declaration of function 'SystemClock_Config'; did you mean 'SysTick_Config'? [-Wimplicit-function-declaration]
   84 |   SystemClock_Config();
      |   ^~~~~~~~~~~~~~~~~~
      |   SysTick_Config
../Core/Src/main.c: At top level:
../Core/Src/main.c:121:6: warning: conflicting types for 'SystemClock_Config'; have 'void(void)'
  121 | void SystemClock_Config(void)
      |      ^~~~~~~~~~~~~~~~~~
../Core/Src/main.c:84:3: note: previous implicit declaration of 'SystemClock_Config' with type 'void(void)'
   84 |   SystemClock_Config();
      |   ^~~~~~~~~~~~~~~~~~
make: *** [Core/Src/subdir.mk:34: Core/Src/main.o] Error 1
"make -j8 all" terminated with exit code 2. Build might be incomplete.
22:54:50 **** Incremental Build of configuration Debug for project Prueba 1 STM32F429 ****
make -j8 all 
arm-none-eabi-gcc "../Core/Src/main.c" -mcpu=cortex-m4 -std=gnu11 -g3 -DDEBUG -DUSE_HAL_DRIVER -DSTM32F429xx -c -I../Core/Inc -I../Drivers/STM32F4xx_HAL_Driver/Inc -I../Drivers/STM32F4xx_HAL_Driver/Inc/Legacy -I../Drivers/CMSIS/Device/ST/STM32F4xx/Include -I../Drivers/CMSIS/Include -O0 -ffunction-sections -fdata-sections -Wall -fstack-usage -fcyclomatic-complexity -MMD -MP -MF"Core/Src/main.d" -MT"Core/Src/main.o" --specs=nano.specs -mfpu=fpv4-sp-d16 -mfloat-abi=hard -mthumb -o "Core/Src/main.o"
arm-none-eabi-gcc -o "Prueba 1 STM32F429.elf" @"objects.list"   -mcpu=cortex-m4 -T"/home/ubuntu22/CESE/001ProgDeMicro/PdM_workspace/Prueba 1 STM32F429/STM32F429ZITX_FLASH.ld" --specs=nosys.specs -Wl,-Map="Prueba 1 STM32F429.map" -Wl,--gc-sections -static --specs=nano.specs -mfpu=fpv4-sp-d16 -mfloat-abi=hard -mthumb -Wl,--start-group -lc -lm -Wl,--end-group
Finished building target: Prueba 1 STM32F429.elf
 
arm-none-eabi-size   Prueba\ 1\ STM32F429.elf 
arm-none-eabi-objdump -h -S  Prueba\ 1\ STM32F429.elf  > "Prueba 1 STM32F429.list"
   text	   data	    bss	    dec	    hex	filename
   7176	     28	   1572	   8776	   2248	Prueba 1 STM32F429.elf
Finished building: default.size.stdout
 
Finished building: Prueba 1 STM32F429.list
 
23:07:44 **** Incremental Build of configuration Debug for project Prueba 1 STM32F429 ****
make -j8 all 
arm-none-eabi-gcc "../Drivers/STM32F4xx_HAL_Driver/Src/stm32f4xx_hal.c" -mcpu=cortex-m4 -std=gnu11 -g3 -DDEBUG -DUSE_HAL_DRIVER -DSTM32F429xx -c -I../Core/Inc -I../Drivers/STM32F4xx_HAL_Driver/Inc -I../Drivers/STM32F4xx_HAL_Driver/Inc/Legacy -I../Drivers/CMSIS/Device/ST/STM32F4xx/Include -I../Drivers/CMSIS/Include -O0 -ffunction-sections -fdata-sections -Wall -fstack-usage -fcyclomatic-complexity -MMD -MP -MF"Drivers/STM32F4xx_HAL_Driver/Src/stm32f4xx_hal.d" -MT"Drivers/STM32F4xx_HAL_Driver/Src/stm32f4xx_hal.o" --specs=nano.specs -mfpu=fpv4-sp-d16 -mfloat-abi=hard -mthumb -o "Drivers/STM32F4xx_HAL_Driver/Src/stm32f4xx_hal.o"
arm-none-eabi-gcc "../Drivers/STM32F4xx_HAL_Driver/Src/stm32f4xx_hal_cortex.c" -mcpu=cortex-m4 -std=gnu11 -g3 -DDEBUG -DUSE_HAL_DRIVER -DSTM32F429xx -c -I../Core/Inc -I../Drivers/STM32F4xx_HAL_Driver/Inc -I../Drivers/STM32F4xx_HAL_Driver/Inc/Legacy -I../Drivers/CMSIS/Device/ST/STM32F4xx/Include -I../Drivers/CMSIS/Include -O0 -ffunction-sections -fdata-sections -Wall -fstack-usage -fcyclomatic-complexity -MMD -MP -MF"Drivers/STM32F4xx_HAL_Driver/Src/stm32f4xx_hal_cortex.d" -MT"Drivers/STM32F4xx_HAL_Driver/Src/stm32f4xx_hal_cortex.o" --specs=nano.specs -mfpu=fpv4-sp-d16 -mfloat-abi=hard -mthumb -o "Drivers/STM32F4xx_HAL_Driver/Src/stm32f4xx_hal_cortex.o"
arm-none-eabi-gcc "../Drivers/STM32F4xx_HAL_Driver/Src/stm32f4xx_hal_dma.c" -mcpu=cortex-m4 -std=gnu11 -g3 -DDEBUG -DUSE_HAL_DRIVER -DSTM32F429xx -c -I../Core/Inc -I../Drivers/STM32F4xx_HAL_Driver/Inc -I../Drivers/STM32F4xx_HAL_Driver/Inc/Legacy -I../Drivers/CMSIS/Device/ST/STM32F4xx/Include -I../Drivers/CMSIS/Include -O0 -ffunction-sections -fdata-sections -Wall -fstack-usage -fcyclomatic-complexity -MMD -MP -MF"Drivers/STM32F4xx_HAL_Driver/Src/stm32f4xx_hal_dma.d" -MT"Drivers/STM32F4xx_HAL_Driver/Src/stm32f4xx_hal_dma.o" --specs=nano.specs -mfpu=fpv4-sp-d16 -mfloat-abi=hard -mthumb -o "Drivers/STM32F4xx_HAL_Driver/Src/stm32f4xx_hal_dma.o"
arm-none-eabi-gcc "../Drivers/STM32F4xx_HAL_Driver/Src/stm32f4xx_hal_dma_ex.c" -mcpu=cortex-m4 -std=gnu11 -g3 -DDEBUG -DUSE_HAL_DRIVER -DSTM32F429xx -c -I../Core/Inc -I../Drivers/STM32F4xx_HAL_Driver/Inc -I../Drivers/STM32F4xx_HAL_Driver/Inc/Legacy -I../Drivers/CMSIS/Device/ST/STM32F4xx/Include -I../Drivers/CMSIS/Include -O0 -ffunction-sections -fdata-sections -Wall -fstack-usage -fcyclomatic-complexity -MMD -MP -MF"Drivers/STM32F4xx_HAL_Driver/Src/stm32f4xx_hal_dma_ex.d" -MT"Drivers/STM32F4xx_HAL_Driver/Src/stm32f4xx_hal_dma_ex.o" --specs=nano.specs -mfpu=fpv4-sp-d16 -mfloat-abi=hard -mthumb -o "Drivers/STM32F4xx_HAL_Driver/Src/stm32f4xx_hal_dma_ex.o"
arm-none-eabi-gcc "../Drivers/STM32F4xx_HAL_Driver/Src/stm32f4xx_hal_exti.c" -mcpu=cortex-m4 -std=gnu11 -g3 -DDEBUG -DUSE_HAL_DRIVER -DSTM32F429xx -c -I../Core/Inc -I../Drivers/STM32F4xx_HAL_Driver/Inc -I../Drivers/STM32F4xx_HAL_Driver/Inc/Legacy -I../Drivers/CMSIS/Device/ST/STM32F4xx/Include -I../Drivers/CMSIS/Include -O0 -ffunction-sections -fdata-sections -Wall -fstack-usage -fcyclomatic-complexity -MMD -MP -MF"Drivers/STM32F4xx_HAL_Driver/Src/stm32f4xx_hal_exti.d" -MT"Drivers/STM32F4xx_HAL_Driver/Src/stm32f4xx_hal_exti.o" --specs=nano.specs -mfpu=fpv4-sp-d16 -mfloat-abi=hard -mthumb -o "Drivers/STM32F4xx_HAL_Driver/Src/stm32f4xx_hal_exti.o"
arm-none-eabi-gcc "../Drivers/STM32F4xx_HAL_Driver/Src/stm32f4xx_hal_flash.c" -mcpu=cortex-m4 -std=gnu11 -g3 -DDEBUG -DUSE_HAL_DRIVER -DSTM32F429xx -c -I../Core/Inc -I../Drivers/STM32F4xx_HAL_Driver/Inc -I../Drivers/STM32F4xx_HAL_Driver/Inc/Legacy -I../Drivers/CMSIS/Device/ST/STM32F4xx/Include -I../Drivers/CMSIS/Include -O0 -ffunction-sections -fdata-sections -Wall -fstack-usage -fcyclomatic-complexity -MMD -MP -MF"Drivers/STM32F4xx_HAL_Driver/Src/stm32f4xx_hal_flash.d" -MT"Drivers/STM32F4xx_HAL_Driver/Src/stm32f4xx_hal_flash.o" --specs=nano.specs -mfpu=fpv4-sp-d16 -mfloat-abi=hard -mthumb -o "Drivers/STM32F4xx_HAL_Driver/Src/stm32f4xx_hal_flash.o"
arm-none-eabi-gcc "../Drivers/STM32F4xx_HAL_Driver/Src/stm32f4xx_hal_flash_ex.c" -mcpu=cortex-m4 -std=gnu11 -g3 -DDEBUG -DUSE_HAL_DRIVER -DSTM32F429xx -c -I../Core/Inc -I../Drivers/STM32F4xx_HAL_Driver/Inc -I../Drivers/STM32F4xx_HAL_Driver/Inc/Legacy -I../Drivers/CMSIS/Device/ST/STM32F4xx/Include -I../Drivers/CMSIS/Include -O0 -ffunction-sections -fdata-sections -Wall -fstack-usage -fcyclomatic-complexity -MMD -MP -MF"Drivers/STM32F4xx_HAL_Driver/Src/stm32f4xx_hal_flash_ex.d" -MT"Drivers/STM32F4xx_HAL_Driver/Src/stm32f4xx_hal_flash_ex.o" --specs=nano.specs -mfpu=fpv4-sp-d16 -mfloat-abi=hard -mthumb -o "Drivers/STM32F4xx_HAL_Driver/Src/stm32f4xx_hal_flash_ex.o"
arm-none-eabi-gcc "../Drivers/STM32F4xx_HAL_Driver/Src/stm32f4xx_hal_flash_ramfunc.c" -mcpu=cortex-m4 -std=gnu11 -g3 -DDEBUG -DUSE_HAL_DRIVER -DSTM32F429xx -c -I../Core/Inc -I../Drivers/STM32F4xx_HAL_Driver/Inc -I../Drivers/STM32F4xx_HAL_Driver/Inc/Legacy -I../Drivers/CMSIS/Device/ST/STM32F4xx/Include -I../Drivers/CMSIS/Include -O0 -ffunction-sections -fdata-sections -Wall -fstack-usage -fcyclomatic-complexity -MMD -MP -MF"Drivers/STM32F4xx_HAL_Driver/Src/stm32f4xx_hal_flash_ramfunc.d" -MT"Drivers/STM32F4xx_HAL_Driver/Src/stm32f4xx_hal_flash_ramfunc.o" --specs=nano.specs -mfpu=fpv4-sp-d16 -mfloat-abi=hard -mthumb -o "Drivers/STM32F4xx_HAL_Driver/Src/stm32f4xx_hal_flash_ramfunc.o"
arm-none-eabi-gcc "../Drivers/STM32F4xx_HAL_Driver/Src/stm32f4xx_hal_gpio.c" -mcpu=cortex-m4 -std=gnu11 -g3 -DDEBUG -DUSE_HAL_DRIVER -DSTM32F429xx -c -I../Core/Inc -I../Drivers/STM32F4xx_HAL_Driver/Inc -I../Drivers/STM32F4xx_HAL_Driver/Inc/Legacy -I../Drivers/CMSIS/Device/ST/STM32F4xx/Include -I../Drivers/CMSIS/Include -O0 -ffunction-sections -fdata-sections -Wall -fstack-usage -fcyclomatic-complexity -MMD -MP -MF"Drivers/STM32F4xx_HAL_Driver/Src/stm32f4xx_hal_gpio.d" -MT"Drivers/STM32F4xx_HAL_Driver/Src/stm32f4xx_hal_gpio.o" --specs=nano.specs -mfpu=fpv4-sp-d16 -mfloat-abi=hard -mthumb -o "Drivers/STM32F4xx_HAL_Driver/Src/stm32f4xx_hal_gpio.o"
arm-none-eabi-gcc "../Drivers/STM32F4xx_HAL_Driver/Src/stm32f4xx_hal_pwr.c" -mcpu=cortex-m4 -std=gnu11 -g3 -DDEBUG -DUSE_HAL_DRIVER -DSTM32F429xx -c -I../Core/Inc -I../Drivers/STM32F4xx_HAL_Driver/Inc -I../Drivers/STM32F4xx_HAL_Driver/Inc/Legacy -I../Drivers/CMSIS/Device/ST/STM32F4xx/Include -I../Drivers/CMSIS/Include -O0 -ffunction-sections -fdata-sections -Wall -fstack-usage -fcyclomatic-complexity -MMD -MP -MF"Drivers/STM32F4xx_HAL_Driver/Src/stm32f4xx_hal_pwr.d" -MT"Drivers/STM32F4xx_HAL_Driver/Src/stm32f4xx_hal_pwr.o" --specs=nano.specs -mfpu=fpv4-sp-d16 -mfloat-abi=hard -mthumb -o "Drivers/STM32F4xx_HAL_Driver/Src/stm32f4xx_hal_pwr.o"
arm-none-eabi-gcc "../Drivers/STM32F4xx_HAL_Driver/Src/stm32f4xx_hal_pwr_ex.c" -mcpu=cortex-m4 -std=gnu11 -g3 -DDEBUG -DUSE_HAL_DRIVER -DSTM32F429xx -c -I../Core/Inc -I../Drivers/STM32F4xx_HAL_Driver/Inc -I../Drivers/STM32F4xx_HAL_Driver/Inc/Legacy -I../Drivers/CMSIS/Device/ST/STM32F4xx/Include -I../Drivers/CMSIS/Include -O0 -ffunction-sections -fdata-sections -Wall -fstack-usage -fcyclomatic-complexity -MMD -MP -MF"Drivers/STM32F4xx_HAL_Driver/Src/stm32f4xx_hal_pwr_ex.d" -MT"Drivers/STM32F4xx_HAL_Driver/Src/stm32f4xx_hal_pwr_ex.o" --specs=nano.specs -mfpu=fpv4-sp-d16 -mfloat-abi=hard -mthumb -o "Drivers/STM32F4xx_HAL_Driver/Src/stm32f4xx_hal_pwr_ex.o"
arm-none-eabi-gcc "../Drivers/STM32F4xx_HAL_Driver/Src/stm32f4xx_hal_rcc.c" -mcpu=cortex-m4 -std=gnu11 -g3 -DDEBUG -DUSE_HAL_DRIVER -DSTM32F429xx -c -I../Core/Inc -I../Drivers/STM32F4xx_HAL_Driver/Inc -I../Drivers/STM32F4xx_HAL_Driver/Inc/Legacy -I../Drivers/CMSIS/Device/ST/STM32F4xx/Include -I../Drivers/CMSIS/Include -O0 -ffunction-sections -fdata-sections -Wall -fstack-usage -fcyclomatic-complexity -MMD -MP -MF"Drivers/STM32F4xx_HAL_Driver/Src/stm32f4xx_hal_rcc.d" -MT"Drivers/STM32F4xx_HAL_Driver/Src/stm32f4xx_hal_rcc.o" --specs=nano.specs -mfpu=fpv4-sp-d16 -mfloat-abi=hard -mthumb -o "Drivers/STM32F4xx_HAL_Driver/Src/stm32f4xx_hal_rcc.o"
arm-none-eabi-gcc "../Drivers/STM32F4xx_HAL_Driver/Src/stm32f4xx_hal_rcc_ex.c" -mcpu=cortex-m4 -std=gnu11 -g3 -DDEBUG -DUSE_HAL_DRIVER -DSTM32F429xx -c -I../Core/Inc -I../Drivers/STM32F4xx_HAL_Driver/Inc -I../Drivers/STM32F4xx_HAL_Driver/Inc/Legacy -I../Drivers/CMSIS/Device/ST/STM32F4xx/Include -I../Drivers/CMSIS/Include -O0 -ffunction-sections -fdata-sections -Wall -fstack-usage -fcyclomatic-complexity -MMD -MP -MF"Drivers/STM32F4xx_HAL_Driver/Src/stm32f4xx_hal_rcc_ex.d" -MT"Drivers/STM32F4xx_HAL_Driver/Src/stm32f4xx_hal_rcc_ex.o" --specs=nano.specs -mfpu=fpv4-sp-d16 -mfloat-abi=hard -mthumb -o "Drivers/STM32F4xx_HAL_Driver/Src/stm32f4xx_hal_rcc_ex.o"
arm-none-eabi-gcc "../Drivers/STM32F4xx_HAL_Driver/Src/stm32f4xx_hal_tim.c" -mcpu=cortex-m4 -std=gnu11 -g3 -DDEBUG -DUSE_HAL_DRIVER -DSTM32F429xx -c -I../Core/Inc -I../Drivers/STM32F4xx_HAL_Driver/Inc -I../Drivers/STM32F4xx_HAL_Driver/Inc/Legacy -I../Drivers/CMSIS/Device/ST/STM32F4xx/Include -I../Drivers/CMSIS/Include -O0 -ffunction-sections -fdata-sections -Wall -fstack-usage -fcyclomatic-complexity -MMD -MP -MF"Drivers/STM32F4xx_HAL_Driver/Src/stm32f4xx_hal_tim.d" -MT"Drivers/STM32F4xx_HAL_Driver/Src/stm32f4xx_hal_tim.o" --specs=nano.specs -mfpu=fpv4-sp-d16 -mfloat-abi=hard -mthumb -o "Drivers/STM32F4xx_HAL_Driver/Src/stm32f4xx_hal_tim.o"
arm-none-eabi-gcc "../Drivers/STM32F4xx_HAL_Driver/Src/stm32f4xx_hal_tim_ex.c" -mcpu=cortex-m4 -std=gnu11 -g3 -DDEBUG -DUSE_HAL_DRIVER -DSTM32F429xx -c -I../Core/Inc -I../Drivers/STM32F4xx_HAL_Driver/Inc -I../Drivers/STM32F4xx_HAL_Driver/Inc/Legacy -I../Drivers/CMSIS/Device/ST/STM32F4xx/Include -I../Drivers/CMSIS/Include -O0 -ffunction-sections -fdata-sections -Wall -fstack-usage -fcyclomatic-complexity -MMD -MP -MF"Drivers/STM32F4xx_HAL_Driver/Src/stm32f4xx_hal_tim_ex.d" -MT"Drivers/STM32F4xx_HAL_Driver/Src/stm32f4xx_hal_tim_ex.o" --specs=nano.specs -mfpu=fpv4-sp-d16 -mfloat-abi=hard -mthumb -o "Drivers/STM32F4xx_HAL_Driver/Src/stm32f4xx_hal_tim_ex.o"
arm-none-eabi-gcc "../Core/Src/main.c" -mcpu=cortex-m4 -std=gnu11 -g3 -DDEBUG -DUSE_HAL_DRIVER -DSTM32F429xx -c -I../Core/Inc -I../Drivers/STM32F4xx_HAL_Driver/Inc -I../Drivers/STM32F4xx_HAL_Driver/Inc/Legacy -I../Drivers/CMSIS/Device/ST/STM32F4xx/Include -I../Drivers/CMSIS/Include -O0 -ffunction-sections -fdata-sections -Wall -fstack-usage -fcyclomatic-complexity -MMD -MP -MF"Core/Src/main.d" -MT"Core/Src/main.o" --specs=nano.specs -mfpu=fpv4-sp-d16 -mfloat-abi=hard -mthumb -o "Core/Src/main.o"
arm-none-eabi-gcc "../Core/Src/stm32f4xx_hal_msp.c" -mcpu=cortex-m4 -std=gnu11 -g3 -DDEBUG -DUSE_HAL_DRIVER -DSTM32F429xx -c -I../Core/Inc -I../Drivers/STM32F4xx_HAL_Driver/Inc -I../Drivers/STM32F4xx_HAL_Driver/Inc/Legacy -I../Drivers/CMSIS/Device/ST/STM32F4xx/Include -I../Drivers/CMSIS/Include -O0 -ffunction-sections -fdata-sections -Wall -fstack-usage -fcyclomatic-complexity -MMD -MP -MF"Core/Src/stm32f4xx_hal_msp.d" -MT"Core/Src/stm32f4xx_hal_msp.o" --specs=nano.specs -mfpu=fpv4-sp-d16 -mfloat-abi=hard -mthumb -o "Core/Src/stm32f4xx_hal_msp.o"
arm-none-eabi-gcc "../Core/Src/stm32f4xx_it.c" -mcpu=cortex-m4 -std=gnu11 -g3 -DDEBUG -DUSE_HAL_DRIVER -DSTM32F429xx -c -I../Core/Inc -I../Drivers/STM32F4xx_HAL_Driver/Inc -I../Drivers/STM32F4xx_HAL_Driver/Inc/Legacy -I../Drivers/CMSIS/Device/ST/STM32F4xx/Include -I../Drivers/CMSIS/Include -O0 -ffunction-sections -fdata-sections -Wall -fstack-usage -fcyclomatic-complexity -MMD -MP -MF"Core/Src/stm32f4xx_it.d" -MT"Core/Src/stm32f4xx_it.o" --specs=nano.specs -mfpu=fpv4-sp-d16 -mfloat-abi=hard -mthumb -o "Core/Src/stm32f4xx_it.o"
arm-none-eabi-gcc "../Core/Src/system_stm32f4xx.c" -mcpu=cortex-m4 -std=gnu11 -g3 -DDEBUG -DUSE_HAL_DRIVER -DSTM32F429xx -c -I../Core/Inc -I../Drivers/STM32F4xx_HAL_Driver/Inc -I../Drivers/STM32F4xx_HAL_Driver/Inc/Legacy -I../Drivers/CMSIS/Device/ST/STM32F4xx/Include -I../Drivers/CMSIS/Include -O0 -ffunction-sections -fdata-sections -Wall -fstack-usage -fcyclomatic-complexity -MMD -MP -MF"Core/Src/system_stm32f4xx.d" -MT"Core/Src/system_stm32f4xx.o" --specs=nano.specs -mfpu=fpv4-sp-d16 -mfloat-abi=hard -mthumb -o "Core/Src/system_stm32f4xx.o"
arm-none-eabi-gcc -o "Prueba 1 STM32F429.elf" @"objects.list"   -mcpu=cortex-m4 -T"/home/ubuntu22/CESE/001ProgDeMicro/PdM_workspace/Prueba 1 STM32F429/STM32F429ZITX_FLASH.ld" --specs=nosys.specs -Wl,-Map="Prueba 1 STM32F429.map" -Wl,--gc-sections -static --specs=nano.specs -mfpu=fpv4-sp-d16 -mfloat-abi=hard -mthumb -Wl,--start-group -lc -lm -Wl,--end-group
Finished building target: Prueba 1 STM32F429.elf
 
arm-none-eabi-size   Prueba\ 1\ STM32F429.elf 
arm-none-eabi-objdump -h -S  Prueba\ 1\ STM32F429.elf  > "Prueba 1 STM32F429.list"
   text	   data	    bss	    dec	    hex	filename
   7176	     28	   1572	   8776	   2248	Prueba 1 STM32F429.elf
Finished building: default.size.stdout
 
Finished building: Prueba 1 STM32F429.list
 
23:16:06 **** Incremental Build of configuration Debug for project Practica 2 ****
make -j8 all 
arm-none-eabi-size   Practica\ 2.elf 
   text	   data	    bss	    dec	    hex	filename
   5992	     32	   1584	   7608	   1db8	Practica 2.elf
Finished building: default.size.stdout
 
23:16:06 **** Incremental Build of configuration Debug for project Prueba 1 STM32F429 ****
make -j8 all 
arm-none-eabi-size   Prueba\ 1\ STM32F429.elf 
   text	   data	    bss	    dec	    hex	filename
   7176	     28	   1572	   8776	   2248	Prueba 1 STM32F429.elf
Finished building: default.size.stdout
 
23:16:08 **** Incremental Build of configuration Debug for project Practica 2 ****
make -j8 all 
arm-none-eabi-size   Practica\ 2.elf 
   text	   data	    bss	    dec	    hex	filename
   5992	     32	   1584	   7608	   1db8	Practica 2.elf
Finished building: default.size.stdout
 
23:16:09 **** Incremental Build of configuration Debug for project Prueba 1 STM32F429 ****
make -j8 all 
arm-none-eabi-size   Prueba\ 1\ STM32F429.elf 
   text	   data	    bss	    dec	    hex	filename
   7176	     28	   1572	   8776	   2248	Prueba 1 STM32F429.elf
Finished building: default.size.stdout
 
23:16:12 **** Incremental Build of configuration Debug for project Practica 2 ****
make -j8 all 
arm-none-eabi-size   Practica\ 2.elf 
   text	   data	    bss	    dec	    hex	filename
   5992	     32	   1584	   7608	   1db8	Practica 2.elf
Finished building: default.size.stdout
 
23:16:12 **** Incremental Build of configuration Debug for project Prueba 1 STM32F429 ****
make -j8 all 
arm-none-eabi-size   Prueba\ 1\ STM32F429.elf 
   text	   data	    bss	    dec	    hex	filename
   7176	     28	   1572	   8776	   2248	Prueba 1 STM32F429.elf
Finished building: default.size.stdout
 
23:17:53 **** Incremental Build of configuration Debug for project Prueba 1 STM32F429 ****
make -j8 all 
arm-none-eabi-size   Prueba\ 1\ STM32F429.elf 
   text	   data	    bss	    dec	    hex	filename
   7176	     28	   1572	   8776	   2248	Prueba 1 STM32F429.elf
Finished building: default.size.stdout
 
23:20:36 **** Incremental Build of configuration Debug for project Prueba 1 STM32F429 ****
make -j8 all 
arm-none-eabi-size   Prueba\ 1\ STM32F429.elf 
   text	   data	    bss	    dec	    hex	filename
   7176	     28	   1572	   8776	   2248	Prueba 1 STM32F429.elf
Finished building: default.size.stdout
 
23:24:39 **** Incremental Build of configuration Debug for project Prueba 1 STM32F429 ****
make -j8 all 
arm-none-eabi-size   Prueba\ 1\ STM32F429.elf 
   text	   data	    bss	    dec	    hex	filename
   7176	     28	   1572	   8776	   2248	Prueba 1 STM32F429.elf
Finished building: default.size.stdout
 
23:55:07 **** Incremental Build of configuration Debug for project Prueba 1 STM32F429 ****
make -j8 all 
arm-none-eabi-gcc "../Core/Src/main.c" -mcpu=cortex-m4 -std=gnu11 -g3 -DDEBUG -DUSE_HAL_DRIVER -DSTM32F429xx -c -I../Core/Inc -I../Drivers/STM32F4xx_HAL_Driver/Inc -I../Drivers/STM32F4xx_HAL_Driver/Inc/Legacy -I../Drivers/CMSIS/Device/ST/STM32F4xx/Include -I../Drivers/CMSIS/Include -O0 -ffunction-sections -fdata-sections -Wall -fstack-usage -fcyclomatic-complexity -MMD -MP -MF"Core/Src/main.d" -MT"Core/Src/main.o" --specs=nano.specs -mfpu=fpv4-sp-d16 -mfloat-abi=hard -mthumb -o "Core/Src/main.o"
arm-none-eabi-gcc -o "Prueba 1 STM32F429.elf" @"objects.list"   -mcpu=cortex-m4 -T"/home/ubuntu22/CESE/001ProgDeMicro/PdM_workspace/Prueba 1 STM32F429/STM32F429ZITX_FLASH.ld" --specs=nosys.specs -Wl,-Map="Prueba 1 STM32F429.map" -Wl,--gc-sections -static --specs=nano.specs -mfpu=fpv4-sp-d16 -mfloat-abi=hard -mthumb -Wl,--start-group -lc -lm -Wl,--end-group
Finished building target: Prueba 1 STM32F429.elf
 
arm-none-eabi-size   Prueba\ 1\ STM32F429.elf 
arm-none-eabi-objdump -h -S  Prueba\ 1\ STM32F429.elf  > "Prueba 1 STM32F429.list"
   text	   data	    bss	    dec	    hex	filename
   7176	     28	   1572	   8776	   2248	Prueba 1 STM32F429.elf
Finished building: default.size.stdout
 
Finished building: Prueba 1 STM32F429.list
 
23:55:47 **** Incremental Build of configuration Debug for project Prueba 1 STM32F429 ****
make -j8 all 
arm-none-eabi-gcc "../Core/Src/main.c" -mcpu=cortex-m4 -std=gnu11 -g3 -DDEBUG -DUSE_HAL_DRIVER -DSTM32F429xx -c -I../Core/Inc -I../Drivers/STM32F4xx_HAL_Driver/Inc -I../Drivers/STM32F4xx_HAL_Driver/Inc/Legacy -I../Drivers/CMSIS/Device/ST/STM32F4xx/Include -I../Drivers/CMSIS/Include -O0 -ffunction-sections -fdata-sections -Wall -fstack-usage -fcyclomatic-complexity -MMD -MP -MF"Core/Src/main.d" -MT"Core/Src/main.o" --specs=nano.specs -mfpu=fpv4-sp-d16 -mfloat-abi=hard -mthumb -o "Core/Src/main.o"
arm-none-eabi-gcc -o "Prueba 1 STM32F429.elf" @"objects.list"   -mcpu=cortex-m4 -T"/home/ubuntu22/CESE/001ProgDeMicro/PdM_workspace/Prueba 1 STM32F429/STM32F429ZITX_FLASH.ld" --specs=nosys.specs -Wl,-Map="Prueba 1 STM32F429.map" -Wl,--gc-sections -static --specs=nano.specs -mfpu=fpv4-sp-d16 -mfloat-abi=hard -mthumb -Wl,--start-group -lc -lm -Wl,--end-group
Finished building target: Prueba 1 STM32F429.elf
 
arm-none-eabi-size   Prueba\ 1\ STM32F429.elf 
arm-none-eabi-objdump -h -S  Prueba\ 1\ STM32F429.elf  > "Prueba 1 STM32F429.list"
   text	   data	    bss	    dec	    hex	filename
   7176	     28	   1572	   8776	   2248	Prueba 1 STM32F429.elf
Finished building: default.size.stdout
 
Finished building: Prueba 1 STM32F429.list
 
23:55:52 **** Incremental Build of configuration Debug for project Prueba 1 STM32F429 ****
make -j8 all 
arm-none-eabi-size   Prueba\ 1\ STM32F429.elf 
   text	   data	    bss	    dec	    hex	filename
   7176	     28	   1572	   8776	   2248	Prueba 1 STM32F429.elf
Finished building: default.size.stdout
 
23:58:20 **** Incremental Build of configuration Debug for project Prueba 1 STM32F429 ****
make -j8 all 
arm-none-eabi-gcc "../Core/Src/main.c" -mcpu=cortex-m4 -std=gnu11 -g3 -DDEBUG -DUSE_HAL_DRIVER -DSTM32F429xx -c -I../Core/Inc -I../Drivers/STM32F4xx_HAL_Driver/Inc -I../Drivers/STM32F4xx_HAL_Driver/Inc/Legacy -I../Drivers/CMSIS/Device/ST/STM32F4xx/Include -I../Drivers/CMSIS/Include -O0 -ffunction-sections -fdata-sections -Wall -fstack-usage -fcyclomatic-complexity -MMD -MP -MF"Core/Src/main.d" -MT"Core/Src/main.o" --specs=nano.specs -mfpu=fpv4-sp-d16 -mfloat-abi=hard -mthumb -o "Core/Src/main.o"
arm-none-eabi-gcc -o "Prueba 1 STM32F429.elf" @"objects.list"   -mcpu=cortex-m4 -T"/home/ubuntu22/CESE/001ProgDeMicro/PdM_workspace/Prueba 1 STM32F429/STM32F429ZITX_FLASH.ld" --specs=nosys.specs -Wl,-Map="Prueba 1 STM32F429.map" -Wl,--gc-sections -static --specs=nano.specs -mfpu=fpv4-sp-d16 -mfloat-abi=hard -mthumb -Wl,--start-group -lc -lm -Wl,--end-group
Finished building target: Prueba 1 STM32F429.elf
 
arm-none-eabi-size   Prueba\ 1\ STM32F429.elf 
arm-none-eabi-objdump -h -S  Prueba\ 1\ STM32F429.elf  > "Prueba 1 STM32F429.list"
   text	   data	    bss	    dec	    hex	filename
   7176	     28	   1572	   8776	   2248	Prueba 1 STM32F429.elf
Finished building: default.size.stdout
 
Finished building: Prueba 1 STM32F429.list
 
00:59:44 **** Incremental Build of configuration Debug for project Practica 2 ****
make -j8 all 
arm-none-eabi-size   Practica\ 2.elf 
   text	   data	    bss	    dec	    hex	filename
   5992	     32	   1584	   7608	   1db8	Practica 2.elf
Finished building: default.size.stdout
 
00:59:44 **** Incremental Build of configuration Debug for project Prueba 1 STM32F429 ****
make -j8 all 
arm-none-eabi-gcc "../Drivers/STM32F4xx_HAL_Driver/Src/stm32f4xx_hal.c" -mcpu=cortex-m4 -std=gnu11 -g3 -DDEBUG -DUSE_HAL_DRIVER -DSTM32F429xx -c -I../Core/Inc -I../Drivers/STM32F4xx_HAL_Driver/Inc -I../Drivers/STM32F4xx_HAL_Driver/Inc/Legacy -I../Drivers/CMSIS/Device/ST/STM32F4xx/Include -I../Drivers/CMSIS/Include -O0 -ffunction-sections -fdata-sections -Wall -fstack-usage -fcyclomatic-complexity -MMD -MP -MF"Drivers/STM32F4xx_HAL_Driver/Src/stm32f4xx_hal.d" -MT"Drivers/STM32F4xx_HAL_Driver/Src/stm32f4xx_hal.o" --specs=nano.specs -mfpu=fpv4-sp-d16 -mfloat-abi=hard -mthumb -o "Drivers/STM32F4xx_HAL_Driver/Src/stm32f4xx_hal.o"
arm-none-eabi-gcc "../Drivers/STM32F4xx_HAL_Driver/Src/stm32f4xx_hal_cortex.c" -mcpu=cortex-m4 -std=gnu11 -g3 -DDEBUG -DUSE_HAL_DRIVER -DSTM32F429xx -c -I../Core/Inc -I../Drivers/STM32F4xx_HAL_Driver/Inc -I../Drivers/STM32F4xx_HAL_Driver/Inc/Legacy -I../Drivers/CMSIS/Device/ST/STM32F4xx/Include -I../Drivers/CMSIS/Include -O0 -ffunction-sections -fdata-sections -Wall -fstack-usage -fcyclomatic-complexity -MMD -MP -MF"Drivers/STM32F4xx_HAL_Driver/Src/stm32f4xx_hal_cortex.d" -MT"Drivers/STM32F4xx_HAL_Driver/Src/stm32f4xx_hal_cortex.o" --specs=nano.specs -mfpu=fpv4-sp-d16 -mfloat-abi=hard -mthumb -o "Drivers/STM32F4xx_HAL_Driver/Src/stm32f4xx_hal_cortex.o"
arm-none-eabi-gcc "../Drivers/STM32F4xx_HAL_Driver/Src/stm32f4xx_hal_dma.c" -mcpu=cortex-m4 -std=gnu11 -g3 -DDEBUG -DUSE_HAL_DRIVER -DSTM32F429xx -c -I../Core/Inc -I../Drivers/STM32F4xx_HAL_Driver/Inc -I../Drivers/STM32F4xx_HAL_Driver/Inc/Legacy -I../Drivers/CMSIS/Device/ST/STM32F4xx/Include -I../Drivers/CMSIS/Include -O0 -ffunction-sections -fdata-sections -Wall -fstack-usage -fcyclomatic-complexity -MMD -MP -MF"Drivers/STM32F4xx_HAL_Driver/Src/stm32f4xx_hal_dma.d" -MT"Drivers/STM32F4xx_HAL_Driver/Src/stm32f4xx_hal_dma.o" --specs=nano.specs -mfpu=fpv4-sp-d16 -mfloat-abi=hard -mthumb -o "Drivers/STM32F4xx_HAL_Driver/Src/stm32f4xx_hal_dma.o"
arm-none-eabi-gcc "../Drivers/STM32F4xx_HAL_Driver/Src/stm32f4xx_hal_dma_ex.c" -mcpu=cortex-m4 -std=gnu11 -g3 -DDEBUG -DUSE_HAL_DRIVER -DSTM32F429xx -c -I../Core/Inc -I../Drivers/STM32F4xx_HAL_Driver/Inc -I../Drivers/STM32F4xx_HAL_Driver/Inc/Legacy -I../Drivers/CMSIS/Device/ST/STM32F4xx/Include -I../Drivers/CMSIS/Include -O0 -ffunction-sections -fdata-sections -Wall -fstack-usage -fcyclomatic-complexity -MMD -MP -MF"Drivers/STM32F4xx_HAL_Driver/Src/stm32f4xx_hal_dma_ex.d" -MT"Drivers/STM32F4xx_HAL_Driver/Src/stm32f4xx_hal_dma_ex.o" --specs=nano.specs -mfpu=fpv4-sp-d16 -mfloat-abi=hard -mthumb -o "Drivers/STM32F4xx_HAL_Driver/Src/stm32f4xx_hal_dma_ex.o"
arm-none-eabi-gcc "../Drivers/STM32F4xx_HAL_Driver/Src/stm32f4xx_hal_exti.c" -mcpu=cortex-m4 -std=gnu11 -g3 -DDEBUG -DUSE_HAL_DRIVER -DSTM32F429xx -c -I../Core/Inc -I../Drivers/STM32F4xx_HAL_Driver/Inc -I../Drivers/STM32F4xx_HAL_Driver/Inc/Legacy -I../Drivers/CMSIS/Device/ST/STM32F4xx/Include -I../Drivers/CMSIS/Include -O0 -ffunction-sections -fdata-sections -Wall -fstack-usage -fcyclomatic-complexity -MMD -MP -MF"Drivers/STM32F4xx_HAL_Driver/Src/stm32f4xx_hal_exti.d" -MT"Drivers/STM32F4xx_HAL_Driver/Src/stm32f4xx_hal_exti.o" --specs=nano.specs -mfpu=fpv4-sp-d16 -mfloat-abi=hard -mthumb -o "Drivers/STM32F4xx_HAL_Driver/Src/stm32f4xx_hal_exti.o"
arm-none-eabi-gcc "../Drivers/STM32F4xx_HAL_Driver/Src/stm32f4xx_hal_flash.c" -mcpu=cortex-m4 -std=gnu11 -g3 -DDEBUG -DUSE_HAL_DRIVER -DSTM32F429xx -c -I../Core/Inc -I../Drivers/STM32F4xx_HAL_Driver/Inc -I../Drivers/STM32F4xx_HAL_Driver/Inc/Legacy -I../Drivers/CMSIS/Device/ST/STM32F4xx/Include -I../Drivers/CMSIS/Include -O0 -ffunction-sections -fdata-sections -Wall -fstack-usage -fcyclomatic-complexity -MMD -MP -MF"Drivers/STM32F4xx_HAL_Driver/Src/stm32f4xx_hal_flash.d" -MT"Drivers/STM32F4xx_HAL_Driver/Src/stm32f4xx_hal_flash.o" --specs=nano.specs -mfpu=fpv4-sp-d16 -mfloat-abi=hard -mthumb -o "Drivers/STM32F4xx_HAL_Driver/Src/stm32f4xx_hal_flash.o"
arm-none-eabi-gcc "../Drivers/STM32F4xx_HAL_Driver/Src/stm32f4xx_hal_flash_ex.c" -mcpu=cortex-m4 -std=gnu11 -g3 -DDEBUG -DUSE_HAL_DRIVER -DSTM32F429xx -c -I../Core/Inc -I../Drivers/STM32F4xx_HAL_Driver/Inc -I../Drivers/STM32F4xx_HAL_Driver/Inc/Legacy -I../Drivers/CMSIS/Device/ST/STM32F4xx/Include -I../Drivers/CMSIS/Include -O0 -ffunction-sections -fdata-sections -Wall -fstack-usage -fcyclomatic-complexity -MMD -MP -MF"Drivers/STM32F4xx_HAL_Driver/Src/stm32f4xx_hal_flash_ex.d" -MT"Drivers/STM32F4xx_HAL_Driver/Src/stm32f4xx_hal_flash_ex.o" --specs=nano.specs -mfpu=fpv4-sp-d16 -mfloat-abi=hard -mthumb -o "Drivers/STM32F4xx_HAL_Driver/Src/stm32f4xx_hal_flash_ex.o"
arm-none-eabi-gcc "../Drivers/STM32F4xx_HAL_Driver/Src/stm32f4xx_hal_flash_ramfunc.c" -mcpu=cortex-m4 -std=gnu11 -g3 -DDEBUG -DUSE_HAL_DRIVER -DSTM32F429xx -c -I../Core/Inc -I../Drivers/STM32F4xx_HAL_Driver/Inc -I../Drivers/STM32F4xx_HAL_Driver/Inc/Legacy -I../Drivers/CMSIS/Device/ST/STM32F4xx/Include -I../Drivers/CMSIS/Include -O0 -ffunction-sections -fdata-sections -Wall -fstack-usage -fcyclomatic-complexity -MMD -MP -MF"Drivers/STM32F4xx_HAL_Driver/Src/stm32f4xx_hal_flash_ramfunc.d" -MT"Drivers/STM32F4xx_HAL_Driver/Src/stm32f4xx_hal_flash_ramfunc.o" --specs=nano.specs -mfpu=fpv4-sp-d16 -mfloat-abi=hard -mthumb -o "Drivers/STM32F4xx_HAL_Driver/Src/stm32f4xx_hal_flash_ramfunc.o"
arm-none-eabi-gcc "../Drivers/STM32F4xx_HAL_Driver/Src/stm32f4xx_hal_gpio.c" -mcpu=cortex-m4 -std=gnu11 -g3 -DDEBUG -DUSE_HAL_DRIVER -DSTM32F429xx -c -I../Core/Inc -I../Drivers/STM32F4xx_HAL_Driver/Inc -I../Drivers/STM32F4xx_HAL_Driver/Inc/Legacy -I../Drivers/CMSIS/Device/ST/STM32F4xx/Include -I../Drivers/CMSIS/Include -O0 -ffunction-sections -fdata-sections -Wall -fstack-usage -fcyclomatic-complexity -MMD -MP -MF"Drivers/STM32F4xx_HAL_Driver/Src/stm32f4xx_hal_gpio.d" -MT"Drivers/STM32F4xx_HAL_Driver/Src/stm32f4xx_hal_gpio.o" --specs=nano.specs -mfpu=fpv4-sp-d16 -mfloat-abi=hard -mthumb -o "Drivers/STM32F4xx_HAL_Driver/Src/stm32f4xx_hal_gpio.o"
arm-none-eabi-gcc "../Drivers/STM32F4xx_HAL_Driver/Src/stm32f4xx_hal_pwr.c" -mcpu=cortex-m4 -std=gnu11 -g3 -DDEBUG -DUSE_HAL_DRIVER -DSTM32F429xx -c -I../Core/Inc -I../Drivers/STM32F4xx_HAL_Driver/Inc -I../Drivers/STM32F4xx_HAL_Driver/Inc/Legacy -I../Drivers/CMSIS/Device/ST/STM32F4xx/Include -I../Drivers/CMSIS/Include -O0 -ffunction-sections -fdata-sections -Wall -fstack-usage -fcyclomatic-complexity -MMD -MP -MF"Drivers/STM32F4xx_HAL_Driver/Src/stm32f4xx_hal_pwr.d" -MT"Drivers/STM32F4xx_HAL_Driver/Src/stm32f4xx_hal_pwr.o" --specs=nano.specs -mfpu=fpv4-sp-d16 -mfloat-abi=hard -mthumb -o "Drivers/STM32F4xx_HAL_Driver/Src/stm32f4xx_hal_pwr.o"
arm-none-eabi-gcc "../Drivers/STM32F4xx_HAL_Driver/Src/stm32f4xx_hal_pwr_ex.c" -mcpu=cortex-m4 -std=gnu11 -g3 -DDEBUG -DUSE_HAL_DRIVER -DSTM32F429xx -c -I../Core/Inc -I../Drivers/STM32F4xx_HAL_Driver/Inc -I../Drivers/STM32F4xx_HAL_Driver/Inc/Legacy -I../Drivers/CMSIS/Device/ST/STM32F4xx/Include -I../Drivers/CMSIS/Include -O0 -ffunction-sections -fdata-sections -Wall -fstack-usage -fcyclomatic-complexity -MMD -MP -MF"Drivers/STM32F4xx_HAL_Driver/Src/stm32f4xx_hal_pwr_ex.d" -MT"Drivers/STM32F4xx_HAL_Driver/Src/stm32f4xx_hal_pwr_ex.o" --specs=nano.specs -mfpu=fpv4-sp-d16 -mfloat-abi=hard -mthumb -o "Drivers/STM32F4xx_HAL_Driver/Src/stm32f4xx_hal_pwr_ex.o"
arm-none-eabi-gcc "../Drivers/STM32F4xx_HAL_Driver/Src/stm32f4xx_hal_rcc.c" -mcpu=cortex-m4 -std=gnu11 -g3 -DDEBUG -DUSE_HAL_DRIVER -DSTM32F429xx -c -I../Core/Inc -I../Drivers/STM32F4xx_HAL_Driver/Inc -I../Drivers/STM32F4xx_HAL_Driver/Inc/Legacy -I../Drivers/CMSIS/Device/ST/STM32F4xx/Include -I../Drivers/CMSIS/Include -O0 -ffunction-sections -fdata-sections -Wall -fstack-usage -fcyclomatic-complexity -MMD -MP -MF"Drivers/STM32F4xx_HAL_Driver/Src/stm32f4xx_hal_rcc.d" -MT"Drivers/STM32F4xx_HAL_Driver/Src/stm32f4xx_hal_rcc.o" --specs=nano.specs -mfpu=fpv4-sp-d16 -mfloat-abi=hard -mthumb -o "Drivers/STM32F4xx_HAL_Driver/Src/stm32f4xx_hal_rcc.o"
arm-none-eabi-gcc "../Drivers/STM32F4xx_HAL_Driver/Src/stm32f4xx_hal_rcc_ex.c" -mcpu=cortex-m4 -std=gnu11 -g3 -DDEBUG -DUSE_HAL_DRIVER -DSTM32F429xx -c -I../Core/Inc -I../Drivers/STM32F4xx_HAL_Driver/Inc -I../Drivers/STM32F4xx_HAL_Driver/Inc/Legacy -I../Drivers/CMSIS/Device/ST/STM32F4xx/Include -I../Drivers/CMSIS/Include -O0 -ffunction-sections -fdata-sections -Wall -fstack-usage -fcyclomatic-complexity -MMD -MP -MF"Drivers/STM32F4xx_HAL_Driver/Src/stm32f4xx_hal_rcc_ex.d" -MT"Drivers/STM32F4xx_HAL_Driver/Src/stm32f4xx_hal_rcc_ex.o" --specs=nano.specs -mfpu=fpv4-sp-d16 -mfloat-abi=hard -mthumb -o "Drivers/STM32F4xx_HAL_Driver/Src/stm32f4xx_hal_rcc_ex.o"
arm-none-eabi-gcc "../Drivers/STM32F4xx_HAL_Driver/Src/stm32f4xx_hal_tim.c" -mcpu=cortex-m4 -std=gnu11 -g3 -DDEBUG -DUSE_HAL_DRIVER -DSTM32F429xx -c -I../Core/Inc -I../Drivers/STM32F4xx_HAL_Driver/Inc -I../Drivers/STM32F4xx_HAL_Driver/Inc/Legacy -I../Drivers/CMSIS/Device/ST/STM32F4xx/Include -I../Drivers/CMSIS/Include -O0 -ffunction-sections -fdata-sections -Wall -fstack-usage -fcyclomatic-complexity -MMD -MP -MF"Drivers/STM32F4xx_HAL_Driver/Src/stm32f4xx_hal_tim.d" -MT"Drivers/STM32F4xx_HAL_Driver/Src/stm32f4xx_hal_tim.o" --specs=nano.specs -mfpu=fpv4-sp-d16 -mfloat-abi=hard -mthumb -o "Drivers/STM32F4xx_HAL_Driver/Src/stm32f4xx_hal_tim.o"
arm-none-eabi-gcc "../Drivers/STM32F4xx_HAL_Driver/Src/stm32f4xx_hal_tim_ex.c" -mcpu=cortex-m4 -std=gnu11 -g3 -DDEBUG -DUSE_HAL_DRIVER -DSTM32F429xx -c -I../Core/Inc -I../Drivers/STM32F4xx_HAL_Driver/Inc -I../Drivers/STM32F4xx_HAL_Driver/Inc/Legacy -I../Drivers/CMSIS/Device/ST/STM32F4xx/Include -I../Drivers/CMSIS/Include -O0 -ffunction-sections -fdata-sections -Wall -fstack-usage -fcyclomatic-complexity -MMD -MP -MF"Drivers/STM32F4xx_HAL_Driver/Src/stm32f4xx_hal_tim_ex.d" -MT"Drivers/STM32F4xx_HAL_Driver/Src/stm32f4xx_hal_tim_ex.o" --specs=nano.specs -mfpu=fpv4-sp-d16 -mfloat-abi=hard -mthumb -o "Drivers/STM32F4xx_HAL_Driver/Src/stm32f4xx_hal_tim_ex.o"
arm-none-eabi-gcc "../Core/Src/main.c" -mcpu=cortex-m4 -std=gnu11 -g3 -DDEBUG -DUSE_HAL_DRIVER -DSTM32F429xx -c -I../Core/Inc -I../Drivers/STM32F4xx_HAL_Driver/Inc -I../Drivers/STM32F4xx_HAL_Driver/Inc/Legacy -I../Drivers/CMSIS/Device/ST/STM32F4xx/Include -I../Drivers/CMSIS/Include -O0 -ffunction-sections -fdata-sections -Wall -fstack-usage -fcyclomatic-complexity -MMD -MP -MF"Core/Src/main.d" -MT"Core/Src/main.o" --specs=nano.specs -mfpu=fpv4-sp-d16 -mfloat-abi=hard -mthumb -o "Core/Src/main.o"
../Core/Src/main.c: In function 'main':
../Core/Src/main.c:99:37: error: 'Led' undeclared (first use in this function); did you mean 'Leds'?
   99 |           HAL_GPIO_TogglePin(GPIOG, Led[Pos]);
      |                                     ^~~
      |                                     Leds
../Core/Src/main.c:99:37: note: each undeclared identifier is reported only once for each function it appears in
make: *** [Core/Src/subdir.mk:34: Core/Src/main.o] Error 1
make: *** Waiting for unfinished jobs....
"make -j8 all" terminated with exit code 2. Build might be incomplete.
00:59:56 **** Incremental Build of configuration Debug for project Practica 2 ****
make -j8 all 
arm-none-eabi-size   Practica\ 2.elf 
   text	   data	    bss	    dec	    hex	filename
   5992	     32	   1584	   7608	   1db8	Practica 2.elf
Finished building: default.size.stdout
 
00:59:56 **** Incremental Build of configuration Debug for project Prueba 1 STM32F429 ****
make -j8 all 
arm-none-eabi-gcc "../Core/Src/main.c" -mcpu=cortex-m4 -std=gnu11 -g3 -DDEBUG -DUSE_HAL_DRIVER -DSTM32F429xx -c -I../Core/Inc -I../Drivers/STM32F4xx_HAL_Driver/Inc -I../Drivers/STM32F4xx_HAL_Driver/Inc/Legacy -I../Drivers/CMSIS/Device/ST/STM32F4xx/Include -I../Drivers/CMSIS/Include -O0 -ffunction-sections -fdata-sections -Wall -fstack-usage -fcyclomatic-complexity -MMD -MP -MF"Core/Src/main.d" -MT"Core/Src/main.o" --specs=nano.specs -mfpu=fpv4-sp-d16 -mfloat-abi=hard -mthumb -o "Core/Src/main.o"
arm-none-eabi-gcc "../Core/Src/stm32f4xx_hal_msp.c" -mcpu=cortex-m4 -std=gnu11 -g3 -DDEBUG -DUSE_HAL_DRIVER -DSTM32F429xx -c -I../Core/Inc -I../Drivers/STM32F4xx_HAL_Driver/Inc -I../Drivers/STM32F4xx_HAL_Driver/Inc/Legacy -I../Drivers/CMSIS/Device/ST/STM32F4xx/Include -I../Drivers/CMSIS/Include -O0 -ffunction-sections -fdata-sections -Wall -fstack-usage -fcyclomatic-complexity -MMD -MP -MF"Core/Src/stm32f4xx_hal_msp.d" -MT"Core/Src/stm32f4xx_hal_msp.o" --specs=nano.specs -mfpu=fpv4-sp-d16 -mfloat-abi=hard -mthumb -o "Core/Src/stm32f4xx_hal_msp.o"
arm-none-eabi-gcc "../Core/Src/stm32f4xx_it.c" -mcpu=cortex-m4 -std=gnu11 -g3 -DDEBUG -DUSE_HAL_DRIVER -DSTM32F429xx -c -I../Core/Inc -I../Drivers/STM32F4xx_HAL_Driver/Inc -I../Drivers/STM32F4xx_HAL_Driver/Inc/Legacy -I../Drivers/CMSIS/Device/ST/STM32F4xx/Include -I../Drivers/CMSIS/Include -O0 -ffunction-sections -fdata-sections -Wall -fstack-usage -fcyclomatic-complexity -MMD -MP -MF"Core/Src/stm32f4xx_it.d" -MT"Core/Src/stm32f4xx_it.o" --specs=nano.specs -mfpu=fpv4-sp-d16 -mfloat-abi=hard -mthumb -o "Core/Src/stm32f4xx_it.o"
arm-none-eabi-gcc "../Core/Src/system_stm32f4xx.c" -mcpu=cortex-m4 -std=gnu11 -g3 -DDEBUG -DUSE_HAL_DRIVER -DSTM32F429xx -c -I../Core/Inc -I../Drivers/STM32F4xx_HAL_Driver/Inc -I../Drivers/STM32F4xx_HAL_Driver/Inc/Legacy -I../Drivers/CMSIS/Device/ST/STM32F4xx/Include -I../Drivers/CMSIS/Include -O0 -ffunction-sections -fdata-sections -Wall -fstack-usage -fcyclomatic-complexity -MMD -MP -MF"Core/Src/system_stm32f4xx.d" -MT"Core/Src/system_stm32f4xx.o" --specs=nano.specs -mfpu=fpv4-sp-d16 -mfloat-abi=hard -mthumb -o "Core/Src/system_stm32f4xx.o"
arm-none-eabi-gcc -o "Prueba 1 STM32F429.elf" @"objects.list"   -mcpu=cortex-m4 -T"/home/ubuntu22/CESE/001ProgDeMicro/PdM_workspace/Prueba 1 STM32F429/STM32F429ZITX_FLASH.ld" --specs=nosys.specs -Wl,-Map="Prueba 1 STM32F429.map" -Wl,--gc-sections -static --specs=nano.specs -mfpu=fpv4-sp-d16 -mfloat-abi=hard -mthumb -Wl,--start-group -lc -lm -Wl,--end-group
Finished building target: Prueba 1 STM32F429.elf
 
arm-none-eabi-size   Prueba\ 1\ STM32F429.elf 
arm-none-eabi-objdump -h -S  Prueba\ 1\ STM32F429.elf  > "Prueba 1 STM32F429.list"
   text	   data	    bss	    dec	    hex	filename
   7424	     28	   1572	   9024	   2340	Prueba 1 STM32F429.elf
Finished building: default.size.stdout
 
Finished building: Prueba 1 STM32F429.list
 
01:00:01 **** Incremental Build of configuration Debug for project Prueba 1 STM32F429 ****
make -j8 all 
arm-none-eabi-size   Prueba\ 1\ STM32F429.elf 
   text	   data	    bss	    dec	    hex	filename
   7424	     28	   1572	   9024	   2340	Prueba 1 STM32F429.elf
Finished building: default.size.stdout
 
01:06:18 **** Incremental Build of configuration Debug for project Practica 2 ****
make -j8 all 
arm-none-eabi-size   Practica\ 2.elf 
   text	   data	    bss	    dec	    hex	filename
   5992	     32	   1584	   7608	   1db8	Practica 2.elf
Finished building: default.size.stdout
 
01:06:18 **** Incremental Build of configuration Debug for project Prueba 1 STM32F429 ****
make -j8 all 
arm-none-eabi-gcc "../Core/Src/main.c" -mcpu=cortex-m4 -std=gnu11 -g3 -DDEBUG -DUSE_HAL_DRIVER -DSTM32F429xx -c -I../Core/Inc -I../Drivers/STM32F4xx_HAL_Driver/Inc -I../Drivers/STM32F4xx_HAL_Driver/Inc/Legacy -I../Drivers/CMSIS/Device/ST/STM32F4xx/Include -I../Drivers/CMSIS/Include -O0 -ffunction-sections -fdata-sections -Wall -fstack-usage -fcyclomatic-complexity -MMD -MP -MF"Core/Src/main.d" -MT"Core/Src/main.o" --specs=nano.specs -mfpu=fpv4-sp-d16 -mfloat-abi=hard -mthumb -o "Core/Src/main.o"
arm-none-eabi-gcc -o "Prueba 1 STM32F429.elf" @"objects.list"   -mcpu=cortex-m4 -T"/home/ubuntu22/CESE/001ProgDeMicro/PdM_workspace/Prueba 1 STM32F429/STM32F429ZITX_FLASH.ld" --specs=nosys.specs -Wl,-Map="Prueba 1 STM32F429.map" -Wl,--gc-sections -static --specs=nano.specs -mfpu=fpv4-sp-d16 -mfloat-abi=hard -mthumb -Wl,--start-group -lc -lm -Wl,--end-group
Finished building target: Prueba 1 STM32F429.elf
 
arm-none-eabi-size   Prueba\ 1\ STM32F429.elf 
arm-none-eabi-objdump -h -S  Prueba\ 1\ STM32F429.elf  > "Prueba 1 STM32F429.list"
   text	   data	    bss	    dec	    hex	filename
   7464	     28	   1572	   9064	   2368	Prueba 1 STM32F429.elf
Finished building: default.size.stdout
 
Finished building: Prueba 1 STM32F429.list
 
01:06:22 **** Incremental Build of configuration Debug for project Prueba 1 STM32F429 ****
make -j8 all 
arm-none-eabi-size   Prueba\ 1\ STM32F429.elf 
   text	   data	    bss	    dec	    hex	filename
   7464	     28	   1572	   9064	   2368	Prueba 1 STM32F429.elf
Finished building: default.size.stdout
 
01:07:17 **** Incremental Build of configuration Debug for project Prueba 1 STM32F429 ****
make -j8 all 
arm-none-eabi-size   Prueba\ 1\ STM32F429.elf 
   text	   data	    bss	    dec	    hex	filename
   7464	     28	   1572	   9064	   2368	Prueba 1 STM32F429.elf
Finished building: default.size.stdout
 
01:10:58 **** Incremental Build of configuration Debug for project Prueba 1 STM32F429 ****
make -j8 all 
arm-none-eabi-gcc "../Core/Src/main.c" -mcpu=cortex-m4 -std=gnu11 -g3 -DDEBUG -DUSE_HAL_DRIVER -DSTM32F429xx -c -I../Core/Inc -I../Drivers/STM32F4xx_HAL_Driver/Inc -I../Drivers/STM32F4xx_HAL_Driver/Inc/Legacy -I../Drivers/CMSIS/Device/ST/STM32F4xx/Include -I../Drivers/CMSIS/Include -O0 -ffunction-sections -fdata-sections -Wall -fstack-usage -fcyclomatic-complexity -MMD -MP -MF"Core/Src/main.d" -MT"Core/Src/main.o" --specs=nano.specs -mfpu=fpv4-sp-d16 -mfloat-abi=hard -mthumb -o "Core/Src/main.o"
arm-none-eabi-gcc -o "Prueba 1 STM32F429.elf" @"objects.list"   -mcpu=cortex-m4 -T"/home/ubuntu22/CESE/001ProgDeMicro/PdM_workspace/Prueba 1 STM32F429/STM32F429ZITX_FLASH.ld" --specs=nosys.specs -Wl,-Map="Prueba 1 STM32F429.map" -Wl,--gc-sections -static --specs=nano.specs -mfpu=fpv4-sp-d16 -mfloat-abi=hard -mthumb -Wl,--start-group -lc -lm -Wl,--end-group
Finished building target: Prueba 1 STM32F429.elf
 
arm-none-eabi-size   Prueba\ 1\ STM32F429.elf 
arm-none-eabi-objdump -h -S  Prueba\ 1\ STM32F429.elf  > "Prueba 1 STM32F429.list"
   text	   data	    bss	    dec	    hex	filename
   7464	     28	   1572	   9064	   2368	Prueba 1 STM32F429.elf
Finished building: default.size.stdout
 
Finished building: Prueba 1 STM32F429.list
 
01:14:34 **** Incremental Build of configuration Debug for project Prueba 1 STM32F429 ****
make -j8 all 
arm-none-eabi-gcc "../Core/Src/main.c" -mcpu=cortex-m4 -std=gnu11 -g3 -DDEBUG -DUSE_HAL_DRIVER -DSTM32F429xx -c -I../Core/Inc -I../Drivers/STM32F4xx_HAL_Driver/Inc -I../Drivers/STM32F4xx_HAL_Driver/Inc/Legacy -I../Drivers/CMSIS/Device/ST/STM32F4xx/Include -I../Drivers/CMSIS/Include -O0 -ffunction-sections -fdata-sections -Wall -fstack-usage -fcyclomatic-complexity -MMD -MP -MF"Core/Src/main.d" -MT"Core/Src/main.o" --specs=nano.specs -mfpu=fpv4-sp-d16 -mfloat-abi=hard -mthumb -o "Core/Src/main.o"
arm-none-eabi-gcc -o "Prueba 1 STM32F429.elf" @"objects.list"   -mcpu=cortex-m4 -T"/home/ubuntu22/CESE/001ProgDeMicro/PdM_workspace/Prueba 1 STM32F429/STM32F429ZITX_FLASH.ld" --specs=nosys.specs -Wl,-Map="Prueba 1 STM32F429.map" -Wl,--gc-sections -static --specs=nano.specs -mfpu=fpv4-sp-d16 -mfloat-abi=hard -mthumb -Wl,--start-group -lc -lm -Wl,--end-group
Finished building target: Prueba 1 STM32F429.elf
 
arm-none-eabi-size   Prueba\ 1\ STM32F429.elf 
arm-none-eabi-objdump -h -S  Prueba\ 1\ STM32F429.elf  > "Prueba 1 STM32F429.list"
   text	   data	    bss	    dec	    hex	filename
   7464	     28	   1572	   9064	   2368	Prueba 1 STM32F429.elf
Finished building: default.size.stdout
 
Finished building: Prueba 1 STM32F429.list
 
